{
    "Computer":  "CRMSERVER2019",
    "OS":  "Microsoft Windows Server 2019 Standard Evaluation",
    "CPUPercent":  0.3,
    "RAMTotalGB":  63.8,
    "RAMUsedGB":  7.6,
    "RAMUsedPercent":  11.9,
    "RAMFreeGB":  56.2,
    "DiskFreePercent":  53.6,
    "Uptime":  "9d 13h 41m",
    "BootTime":  "\/Date(1754516520000)\/",
    "CriticalEvents":  [
                           {
                               "TimeCreated":  "\/Date(1755214751775)\/",
                               "Level":  "Error",
                               "Id":  1023,
                               "Source":  "Microsoft-Windows-Perflib",
                               "ErrorCode":  {

                                             },
                               "UpdateTitle":  {

                                               },
                               "EventRecordID":  22219,
                               "Message":  "Windows cannot load the extensible counter DLL \"C:\\Windows\\system32\\ntdsperf.dll\" (Win32 error code The specified module could not be found.)."
                           },
                           {
                               "TimeCreated":  "\/Date(1755214631724)\/",
                               "Level":  "Error",
                               "Id":  1023,
                               "Source":  "Microsoft-Windows-Perflib",
                               "ErrorCode":  {

                                             },
                               "UpdateTitle":  {

                                               },
                               "EventRecordID":  22218,
                               "Message":  "Windows cannot load the extensible counter DLL \"C:\\Windows\\system32\\ntdsperf.dll\" (Win32 error code The specified module could not be found.)."
                           },
                           {
                               "TimeCreated":  "\/Date(1755206154535)\/",
                               "Level":  "Error",
                               "Id":  19,
                               "Source":  "Microsoft-Windows-Kerberos-Key-Distribution-Center",
                               "ErrorCode":  "",
                               "UpdateTitle":  {

                                               },
                               "EventRecordID":  319715,
                               "Message":  "This event indicates an attempt was made to use smartcard logon, but the KDC is unable to use the PKINIT protocol because it is missing a suitable certificate."
                           }
                       ],
    "LastPoll":  "08/15 04:23"
}