{
    "Computer":  "CRMSERVER2019",
    "OS":  "Microsoft Windows Server 2019 Standard Evaluation",
    "CPUPercent":  0.5,
    "RAMTotalGB":  63.8,
    "RAMUsedGB":  11,
    "RAMUsedPercent":  17.2,
    "RAMFreeGB":  52.8,
    "DiskFreePercent":  53,
    "Uptime":  "0d 8h 21m",
    "BootTime":  "\/Date(1755537979000)\/",
    "CriticalEvents":  [
                           {
                               "TimeCreated":  "\/Date(1755560343518)\/",
                               "Level":  "Error",
                               "Id":  1023,
                               "Source":  "Microsoft-Windows-Perflib",
                               "ErrorCode":  {

                                             },
                               "UpdateTitle":  {

                                               },
                               "EventRecordID":  22974,
                               "Message":  "Windows cannot load the extensible counter DLL \"C:\\Windows\\system32\\ntdsperf.dll\" (Win32 error code The specified module could not be found.)."
                           },
                           {
                               "TimeCreated":  "\/Date(1755560314005)\/",
                               "Level":  "Error",
                               "Id":  1023,
                               "Source":  "Microsoft-Windows-Perflib",
                               "ErrorCode":  {

                                             },
                               "UpdateTitle":  {

                                               },
                               "EventRecordID":  22973,
                               "Message":  "Windows cannot load the extensible counter DLL \"C:\\Windows\\system32\\ntdsperf.dll\" (Win32 error code The specified module could not be found.)."
                           },
                           {
                               "TimeCreated":  "\/Date(1755538234329)\/",
                               "Level":  "Error",
                               "Id":  7009,
                               "Source":  "Service Control Manager",
                               "ErrorCode":  {

                                             },
                               "UpdateTitle":  {

                                               },
                               "EventRecordID":  331911,
                               "Message":  "A timeout was reached (30000 milliseconds) while waiting for the CRM Web Interface service to connect."
                           },
                           {
                               "TimeCreated":  "\/Date(1755538055560)\/",
                               "Level":  "Error",
                               "Id":  1036,
                               "Source":  "Microsoft-Windows-DHCP-Server",
                               "ErrorCode":  {

                                             },
                               "UpdateTitle":  {

                                               },
                               "EventRecordID":  331817,
                               "Message":  "The DHCP server was unable to create or lookup the DHCP Administrators local group on this computer.  The error code is in the data."
                           },
                           {
                               "TimeCreated":  "\/Date(1755538055278)\/",
                               "Level":  "Error",
                               "Id":  1035,
                               "Source":  "Microsoft-Windows-DHCP-Server",
                               "ErrorCode":  {

                                             },
                               "UpdateTitle":  {

                                               },
                               "EventRecordID":  331816,
                               "Message":  "The DHCP service was unable to create or lookup the DHCP Users local group on this computer.  The error code is in the data."
                           },
                           {
                               "TimeCreated":  "\/Date(1755538051106)\/",
                               "Level":  "Error",
                               "Id":  8193,
                               "Source":  "VSS",
                               "ErrorCode":  "0x80070005",
                               "UpdateTitle":  {

                                               },
                               "EventRecordID":  22885,
                               "Message":  "Volume Shadow Copy Service error: Unexpected error calling routine RegOpenKeyExW(-2147483646,SYSTEM\\CurrentControlSet\\Services\\VSS\\Diag,...).  hr = 0x80070005, Access is denied.\r"
                           },
                           {
                               "TimeCreated":  "\/Date(1755537990186)\/",
                               "Level":  "Error",
                               "Id":  15,
                               "Source":  "Microsoft-Windows-Hyper-V-VmSwitch",
                               "ErrorCode":  {

                                             },
                               "UpdateTitle":  {

                                               },
                               "EventRecordID":  331683,
                               "Message":  "Failed to restore configuration for port 93E94012-713D-4323-B618-59ACA8D9606C (Friendly Name: ) on switch FFA4CC58-1AD2-455B-967D-44D1669D978E (Friendly Name: ), status = Object Name not found.."
                           },
                           {
                               "TimeCreated":  "\/Date(1755537990186)\/",
                               "Level":  "Error",
                               "Id":  15,
                               "Source":  "Microsoft-Windows-Hyper-V-VmSwitch",
                               "ErrorCode":  {

                                             },
                               "UpdateTitle":  {

                                               },
                               "EventRecordID":  331682,
                               "Message":  "Failed to restore configuration for port 8C7A182F-CA55-4AD5-A504-82F5B974BD98 (Friendly Name: ) on switch FFA4CC58-1AD2-455B-967D-44D1669D978E (Friendly Name: ), status = Object Name not found.."
                           },
                           {
                               "TimeCreated":  "\/Date(1755537990186)\/",
                               "Level":  "Error",
                               "Id":  15,
                               "Source":  "Microsoft-Windows-Hyper-V-VmSwitch",
                               "ErrorCode":  {

                                             },
                               "UpdateTitle":  {

                                               },
                               "EventRecordID":  331681,
                               "Message":  "Failed to restore configuration for port 8558D2AF-942E-4EB9-ABCA-89F516A6696F (Friendly Name: ) on switch FFA4CC58-1AD2-455B-967D-44D1669D978E (Friendly Name: ), status = Object Name not found.."
                           },
                           {
                               "TimeCreated":  "\/Date(1755537990186)\/",
                               "Level":  "Error",
                               "Id":  15,
                               "Source":  "Microsoft-Windows-Hyper-V-VmSwitch",
                               "ErrorCode":  {

                                             },
                               "UpdateTitle":  {

                                               },
                               "EventRecordID":  331680,
                               "Message":  "Failed to restore configuration for port 6894F020-712E-4D8D-BED0-EF5553D5626F (Friendly Name: ) on switch FFA4CC58-1AD2-455B-967D-44D1669D978E (Friendly Name: ), status = Object Name not found.."
                           }
                       ],
    "LastPoll":  "08/18 18:48"
}