{
    "Computer":  "CRMSERVER2019",
    "Events":  [
                   {
                       "TimeCreated":  "\/Date(1758774093238)\/",
                       "Source":  "Microsoft-Windows-WindowsUpdateClient",
                       "LogName":  "Microsoft-Windows-WindowsUpdateClient/Operational",
                       "Level":  "Error",
                       "Message":  "Windows Update failed to check for updates with error 0x80244022.",
                       "Id":  25,
                       "ErrorCode":  "0x80244022",
                       "UpdateTitle":  null,
                       "EventRecordID":  35130
                   },
                   {
                       "TimeCreated":  "\/Date(1758757369461)\/",
                       "Source":  "Microsoft-Windows-Perflib",
                       "LogName":  "Application",
                       "Level":  "Error",
                       "Message":  "Windows cannot load the extensible counter DLL \"C:\\Windows\\system32\\ntdsperf.dll\" (Win32 error code The specified module could not be found.).",
                       "Id":  1023,
                       "ErrorCode":  {

                                     },
                       "UpdateTitle":  null,
                       "EventRecordID":  45512
                   },
                   {
                       "TimeCreated":  "\/Date(1758756447459)\/",
                       "Source":  "Microsoft-Windows-TaskScheduler",
                       "LogName":  "Microsoft-Windows-TaskScheduler/Operational",
                       "Level":  "Error",
                       "Message":  "Task Scheduler failed to start instance \"{8e698bb7-b723-49b0-ab6e-e11e0d65408e}\" of \"\\Microsoft\\Windows\\Wininet\\CacheTask\"  task for user \"\" . Additional Data: Error Value: 2147942404.",
                       "Id":  103,
                       "ErrorCode":  {

                                     },
                       "UpdateTitle":  null,
                       "EventRecordID":  246224
                   },
                   {
                       "TimeCreated":  "\/Date(1758756447459)\/",
                       "Source":  "Microsoft-Windows-TaskScheduler",
                       "LogName":  "Microsoft-Windows-TaskScheduler/Operational",
                       "Level":  "Error",
                       "Message":  "Task Scheduler failed to complete task \"\\Microsoft\\Windows\\Wininet\\CacheTask\" , instance \"{8e698bb7-b723-49b0-ab6e-e11e0d65408e}\" , action \"Wininet Cache task object\" . Additional Data: Error Value: 2147942404.",
                       "Id":  202,
                       "ErrorCode":  {

                                     },
                       "UpdateTitle":  null,
                       "EventRecordID":  246223
                   }
               ],
    "LastPoll":  "09/25 11:11"
}