{
    "Computer":  "CRMSERVER2019",
    "Events":  [
                   {
                       "TimeCreated":  "\/Date(1756942845956)\/",
                       "Source":  "Microsoft-Windows-Perflib",
                       "LogName":  "Application",
                       "Level":  "Error",
                       "Message":  "Windows cannot load the extensible counter DLL \"C:\\Windows\\system32\\ntdsperf.dll\" (Win32 error code The specified module could not be found.).",
                       "Id":  1023,
                       "ErrorCode":  {

                                     },
                       "UpdateTitle":  null,
                       "EventRecordID":  30761
                   },
                   {
                       "TimeCreated":  "\/Date(1756917828500)\/",
                       "Source":  "Microsoft-Windows-TaskScheduler",
                       "LogName":  "Microsoft-Windows-TaskScheduler/Operational",
                       "Level":  "Error",
                       "Message":  "Task Scheduler failed to start instance \"{49feaa1f-4aaa-472c-8ec4-52ded4dfd054}\" of \"\\Microsoft\\Windows\\CertificateServicesClient\\KeyPreGenTask\"  task for user \"NT AUTHORITY\\SYSTEM\" . Additional Data: Error Value: 2148073520.",
                       "Id":  103,
                       "ErrorCode":  {

                                     },
                       "UpdateTitle":  null,
                       "EventRecordID":  178047
                   },
                   {
                       "TimeCreated":  "\/Date(1756917828500)\/",
                       "Source":  "Microsoft-Windows-TaskScheduler",
                       "LogName":  "Microsoft-Windows-TaskScheduler/Operational",
                       "Level":  "Error",
                       "Message":  "Task Scheduler failed to complete task \"\\Microsoft\\Windows\\CertificateServicesClient\\KeyPreGenTask\" , instance \"{49feaa1f-4aaa-472c-8ec4-52ded4dfd054}\" , action \"NGC Pregeneration Task Handler\" . Additional Data: Error Value: 2148073520.",
                       "Id":  202,
                       "ErrorCode":  {

                                     },
                       "UpdateTitle":  null,
                       "EventRecordID":  178046
                   }
               ],
    "LastPoll":  "09/04 05:06"
}