{
    "Computer":  "CRMSERVER2019",
    "Events":  [
                   {
                       "TimeCreated":  "\/Date(1759245515290)\/",
                       "Source":  "Service Control Manager",
                       "LogName":  "System",
                       "Level":  "Error",
                       "Message":  "A timeout was reached (30000 milliseconds) while waiting for the CRM Web Interface service to connect.",
                       "Id":  7009,
                       "ErrorCode":  {

                                     },
                       "UpdateTitle":  null,
                       "EventRecordID":  482592
                   },
                   {
                       "TimeCreated":  "\/Date(1759245437889)\/",
                       "Source":  "Microsoft-Windows-TaskScheduler",
                       "LogName":  "Microsoft-Windows-TaskScheduler/Operational",
                       "Level":  "Error",
                       "Message":  "Task Scheduler failed to start instance \"{99def2cf-5b30-4ec3-8543-2780bb40c633}\" of \"\\Microsoft\\Windows\\WindowsColorSystem\\Calibration Loader\"  task for user \"KHOETECH\\traoh\" . Additional Data: Error Value: 2147500037.",
                       "Id":  103,
                       "ErrorCode":  {

                                     },
                       "UpdateTitle":  null,
                       "EventRecordID":  260627
                   },
                   {
                       "TimeCreated":  "\/Date(1759245437889)\/",
                       "Source":  "Microsoft-Windows-TaskScheduler",
                       "LogName":  "Microsoft-Windows-TaskScheduler/Operational",
                       "Level":  "Error",
                       "Message":  "Task Scheduler failed to complete task \"\\Microsoft\\Windows\\WindowsColorSystem\\Calibration Loader\" , instance \"{99def2cf-5b30-4ec3-8543-2780bb40c633}\" , action \"Color Calibration Loader\" . Additional Data: Error Value: 2147500037.",
                       "Id":  202,
                       "ErrorCode":  {

                                     },
                       "UpdateTitle":  null,
                       "EventRecordID":  260626
                   },
                   {
                       "TimeCreated":  "\/Date(1759245354567)\/",
                       "Source":  "Service Control Manager",
                       "LogName":  "System",
                       "Level":  "Error",
                       "Message":  "The DuoAuthProxy service failed to start due to the following error: \r",
                       "Id":  7000,
                       "ErrorCode":  {

                                     },
                       "UpdateTitle":  null,
                       "EventRecordID":  482544
                   },
                   {
                       "TimeCreated":  "\/Date(1759245328391)\/",
                       "Source":  "Microsoft-Windows-DHCP-Server",
                       "LogName":  "System",
                       "Level":  "Error",
                       "Message":  "The DHCP server was unable to create or lookup the DHCP Administrators local group on this computer.  The error code is in the data.",
                       "Id":  1036,
                       "ErrorCode":  {

                                     },
                       "UpdateTitle":  null,
                       "EventRecordID":  482504
                   },
                   {
                       "TimeCreated":  "\/Date(1759245328078)\/",
                       "Source":  "Microsoft-Windows-DHCP-Server",
                       "LogName":  "System",
                       "Level":  "Error",
                       "Message":  "The DHCP service was unable to create or lookup the DHCP Users local group on this computer.  The error code is in the data.",
                       "Id":  1035,
                       "ErrorCode":  {

                                     },
                       "UpdateTitle":  null,
                       "EventRecordID":  482503
                   },
                   {
                       "TimeCreated":  "\/Date(1759245326547)\/",
                       "Source":  "VSS",
                       "LogName":  "Application",
                       "Level":  "Error",
                       "Message":  "Volume Shadow Copy Service error: Unexpected error calling routine RegOpenKeyExW(-2147483646,SYSTEM\\CurrentControlSet\\Services\\VSS\\Diag,...).  hr = 0x80070005, Access is denied.\r",
                       "Id":  8193,
                       "ErrorCode":  "0x80070005",
                       "UpdateTitle":  null,
                       "EventRecordID":  46196
                   },
                   {
                       "TimeCreated":  "\/Date(1759245292401)\/",
                       "Source":  "Microsoft-Windows-TaskScheduler",
                       "LogName":  "Microsoft-Windows-TaskScheduler/Operational",
                       "Level":  "Error",
                       "Message":  "Task Scheduler failed to start \"\\Microsoft\\Windows\\Workplace Join\\Automatic-Device-Join\" task for user \"(default user)\". Additional Data: Error Value: 2147943568.",
                       "Id":  101,
                       "ErrorCode":  {

                                     },
                       "UpdateTitle":  null,
                       "EventRecordID":  260532
                   },
                   {
                       "TimeCreated":  "\/Date(1759245264253)\/",
                       "Source":  "Microsoft-Windows-Hyper-V-VmSwitch",
                       "LogName":  "System",
                       "Level":  "Error",
                       "Message":  "Failed to restore configuration for port 93E94012-713D-4323-B618-59ACA8D9606C (Friendly Name: ) on switch FFA4CC58-1AD2-455B-967D-44D1669D978E (Friendly Name: ), status = Object Name not found..",
                       "Id":  15,
                       "ErrorCode":  {

                                     },
                       "UpdateTitle":  null,
                       "EventRecordID":  482387
                   },
                   {
                       "TimeCreated":  "\/Date(1759245195298)\/",
                       "Source":  "Microsoft-Windows-Perflib",
                       "LogName":  "Application",
                       "Level":  "Error",
                       "Message":  "Access to performance data was denied to user \"SYSTEM\" (value from GetUserName() for the running thread) as attempted from module \"C:\\Program Files\\SentinelOne\\Sentinel Agent 24.2.3.471\\SentinelAgent.exe\" (value from GetModuleFileName() for the binary that issued the query).",
                       "Id":  1000,
                       "ErrorCode":  {

                                     },
                       "UpdateTitle":  null,
                       "EventRecordID":  46192
                   }
               ],
    "LastPoll":  "09/30 15:16"
}