{
    "Computer":  "CRMSERVER2019",
    "Events":  [
                   {
                       "TimeCreated":  "\/Date(1760572013738)\/",
                       "Source":  "Microsoft-Windows-Perflib",
                       "LogName":  "Application",
                       "Level":  "Error",
                       "Message":  "Windows cannot load the extensible counter DLL \"C:\\Windows\\system32\\ntdsperf.dll\" (Win32 error code The specified module could not be found.).",
                       "Id":  1023,
                       "ErrorCode":  {

                                     },
                       "UpdateTitle":  null,
                       "EventRecordID":  57352
                   },
                   {
                       "TimeCreated":  "\/Date(1760526008570)\/",
                       "Source":  "Microsoft-Windows-Kerberos-Key-Distribution-Center",
                       "LogName":  "System",
                       "Level":  "Error",
                       "Message":  "This event indicates an attempt was made to use smartcard logon, but the KDC is unable to use the PKINIT protocol because it is missing a suitable certificate.",
                       "Id":  19,
                       "ErrorCode":  null,
                       "UpdateTitle":  null,
                       "EventRecordID":  534319
                   },
                   {
                       "TimeCreated":  "\/Date(1760507730929)\/",
                       "Source":  "Microsoft-Windows-TaskScheduler",
                       "LogName":  "Microsoft-Windows-TaskScheduler/Operational",
                       "Level":  "Error",
                       "Message":  "Task Scheduler failed to start instance \"{1ea60ee1-4e44-4772-a2d1-921f31518d1a}\" of \"\\Microsoft\\Windows\\.NET Framework\\.NET Framework NGEN v4.0.30319 64\"  task for user \"NT AUTHORITY\\SYSTEM\" . Additional Data: Error Value: 2147946720.",
                       "Id":  103,
                       "ErrorCode":  {

                                     },
                       "UpdateTitle":  null,
                       "EventRecordID":  306845
                   },
                   {
                       "TimeCreated":  "\/Date(1760507730929)\/",
                       "Source":  "Microsoft-Windows-TaskScheduler",
                       "LogName":  "Microsoft-Windows-TaskScheduler/Operational",
                       "Level":  "Error",
                       "Message":  "Task Scheduler failed to complete task \"\\Microsoft\\Windows\\.NET Framework\\.NET Framework NGEN v4.0.30319 64\" , instance \"{1ea60ee1-4e44-4772-a2d1-921f31518d1a}\" , action \"\" . Additional Data: Error Value: 2147946720.",
                       "Id":  202,
                       "ErrorCode":  {

                                     },
                       "UpdateTitle":  null,
                       "EventRecordID":  306844
                   }
               ],
    "LastPoll":  "10/15 22:46"
}