{
    "Computer":  "CRMSERVER2019",
    "OS":  "Microsoft Windows Server 2019 Standard Evaluation",
    "CPUPercent":  0,
    "RAMTotalGB":  63.8,
    "RAMUsedGB":  7.7,
    "RAMUsedPercent":  12.1,
    "RAMFreeGB":  56.1,
    "DiskFreePercent":  53.6,
    "Uptime":  "7d 2h 51m",
    "BootTime":  "\/Date(1754516520000)\/",
    "CriticalEvents":  [
                           {
                               "TimeCreated":  "\/Date(1755128251895)\/",
                               "Level":  "Error",
                               "Id":  1023,
                               "Source":  "Microsoft-Windows-Perflib",
                               "ErrorCode":  {

                                             },
                               "UpdateTitle":  {

                                               },
                               "EventRecordID":  22049,
                               "Message":  "Windows cannot load the extensible counter DLL \"C:\\Windows\\system32\\ntdsperf.dll\" (Win32 error code The specified module could not be found.)."
                           },
                           {
                               "TimeCreated":  "\/Date(1755128221658)\/",
                               "Level":  "Error",
                               "Id":  1023,
                               "Source":  "Microsoft-Windows-Perflib",
                               "ErrorCode":  {

                                             },
                               "UpdateTitle":  {

                                               },
                               "EventRecordID":  22048,
                               "Message":  "Windows cannot load the extensible counter DLL \"C:\\Windows\\system32\\ntdsperf.dll\" (Win32 error code The specified module could not be found.)."
                           },
                           {
                               "TimeCreated":  "\/Date(1755060345070)\/",
                               "Level":  "Error",
                               "Id":  19,
                               "Source":  "Microsoft-Windows-Kerberos-Key-Distribution-Center",
                               "ErrorCode":  "",
                               "UpdateTitle":  {

                                               },
                               "EventRecordID":  314588,
                               "Message":  "This event indicates an attempt was made to use smartcard logon, but the KDC is unable to use the PKINIT protocol because it is missing a suitable certificate."
                           }
                       ],
    "LastPoll":  "08/13 17:33"
}