{
    "Computer":  "CRMSERVER2019",
    "Events":  [
                   {
                       "TimeCreated":  "\/Date(1758584613332)\/",
                       "Source":  "Microsoft-Windows-Perflib",
                       "LogName":  "Application",
                       "Level":  "Error",
                       "Message":  "Windows cannot load the extensible counter DLL \"C:\\Windows\\system32\\ntdsperf.dll\" (Win32 error code The specified module could not be found.).",
                       "Id":  1023,
                       "ErrorCode":  {

                                     },
                       "UpdateTitle":  null,
                       "EventRecordID":  45301
                   },
                   {
                       "TimeCreated":  "\/Date(1758582968993)\/",
                       "Source":  "Microsoft-Windows-TaskScheduler",
                       "LogName":  "Microsoft-Windows-TaskScheduler/Operational",
                       "Level":  "Error",
                       "Message":  "Task Scheduler failed to start instance \"{0cd25cb4-34d0-41ac-93bf-891423220c79}\" of \"\\Microsoft\\Windows\\WindowsColorSystem\\Calibration Loader\"  task for user \"KHOETECH\\traoh\" . Additional Data: Error Value: 2147500037.",
                       "Id":  103,
                       "ErrorCode":  {

                                     },
                       "UpdateTitle":  null,
                       "EventRecordID":  240378
                   },
                   {
                       "TimeCreated":  "\/Date(1758582968993)\/",
                       "Source":  "Microsoft-Windows-TaskScheduler",
                       "LogName":  "Microsoft-Windows-TaskScheduler/Operational",
                       "Level":  "Error",
                       "Message":  "Task Scheduler failed to complete task \"\\Microsoft\\Windows\\WindowsColorSystem\\Calibration Loader\" , instance \"{0cd25cb4-34d0-41ac-93bf-891423220c79}\" , action \"Color Calibration Loader\" . Additional Data: Error Value: 2147500037.",
                       "Id":  202,
                       "ErrorCode":  {

                                     },
                       "UpdateTitle":  null,
                       "EventRecordID":  240377
                   },
                   {
                       "TimeCreated":  "\/Date(1758554735232)\/",
                       "Source":  "Service Control Manager",
                       "LogName":  "System",
                       "Level":  "Error",
                       "Message":  "A timeout was reached (30000 milliseconds) while waiting for the CRM Web Interface service to connect.",
                       "Id":  7009,
                       "ErrorCode":  {

                                     },
                       "UpdateTitle":  null,
                       "EventRecordID":  453594
                   },
                   {
                       "TimeCreated":  "\/Date(1758554652795)\/",
                       "Source":  "Microsoft-Windows-Kerberos-Key-Distribution-Center",
                       "LogName":  "System",
                       "Level":  "Error",
                       "Message":  "This event indicates an attempt was made to use smartcard logon, but the KDC is unable to use the PKINIT protocol because it is missing a suitable certificate.",
                       "Id":  19,
                       "ErrorCode":  null,
                       "UpdateTitle":  null,
                       "EventRecordID":  453404
                   },
                   {
                       "TimeCreated":  "\/Date(1758554581701)\/",
                       "Source":  "Microsoft-Windows-DHCP-Server",
                       "LogName":  "System",
                       "Level":  "Error",
                       "Message":  "The DHCP server was unable to create or lookup the DHCP Administrators local group on this computer.  The error code is in the data.",
                       "Id":  1036,
                       "ErrorCode":  {

                                     },
                       "UpdateTitle":  null,
                       "EventRecordID":  453305
                   },
                   {
                       "TimeCreated":  "\/Date(1758554553865)\/",
                       "Source":  "Microsoft-Windows-DHCP-Server",
                       "LogName":  "System",
                       "Level":  "Error",
                       "Message":  "The DHCP service was unable to create or lookup the DHCP Users local group on this computer.  The error code is in the data.",
                       "Id":  1035,
                       "ErrorCode":  {

                                     },
                       "UpdateTitle":  null,
                       "EventRecordID":  453300
                   },
                   {
                       "TimeCreated":  "\/Date(1758554544041)\/",
                       "Source":  "Service Control Manager",
                       "LogName":  "System",
                       "Level":  "Error",
                       "Message":  "The SplashtopRemoteService service failed to start due to the following error: \r",
                       "Id":  7000,
                       "ErrorCode":  {

                                     },
                       "UpdateTitle":  null,
                       "EventRecordID":  453558
                   },
                   {
                       "TimeCreated":  "\/Date(1758554515064)\/",
                       "Source":  "VSS",
                       "LogName":  "Application",
                       "Level":  "Error",
                       "Message":  "Volume Shadow Copy Service error: Unexpected error calling routine RegOpenKeyExW(-2147483646,SYSTEM\\CurrentControlSet\\Services\\VSS\\Diag,...).  hr = 0x80070005, Access is denied.\r",
                       "Id":  8193,
                       "ErrorCode":  "0x80070005",
                       "UpdateTitle":  null,
                       "EventRecordID":  45221
                   },
                   {
                       "TimeCreated":  "\/Date(1758554497405)\/",
                       "Source":  "Microsoft-Windows-TaskScheduler",
                       "LogName":  "Microsoft-Windows-TaskScheduler/Operational",
                       "Level":  "Error",
                       "Message":  "Task Scheduler failed to start \"\\Microsoft\\Windows\\Workplace Join\\Automatic-Device-Join\" task for user \"(default user)\". Additional Data: Error Value: 2147943568.",
                       "Id":  101,
                       "ErrorCode":  {

                                     },
                       "UpdateTitle":  null,
                       "EventRecordID":  239278
                   }
               ],
    "LastPoll":  "09/23 03:01"
}