{
    "Computer":  "CRMSERVER2019",
    "OS":  "Microsoft Windows Server 2019 Standard Evaluation",
    "CPUPercent":  0,
    "RAMTotalGB":  63.8,
    "RAMUsedGB":  8.5,
    "RAMUsedPercent":  13.3,
    "RAMFreeGB":  55.3,
    "DiskFreePercent":  53.6,
    "Uptime":  "12d 14h 56m",
    "BootTime":  "\/Date(1754516520000)\/",
    "CriticalEvents":  [
                           {
                               "TimeCreated":  "\/Date(1755473933037)\/",
                               "Level":  "Error",
                               "Id":  1023,
                               "Source":  "Microsoft-Windows-Perflib",
                               "ErrorCode":  {

                                             },
                               "UpdateTitle":  {

                                               },
                               "EventRecordID":  22705,
                               "Message":  "Windows cannot load the extensible counter DLL \"C:\\Windows\\system32\\ntdsperf.dll\" (Win32 error code The specified module could not be found.)."
                           },
                           {
                               "TimeCreated":  "\/Date(1755473873004)\/",
                               "Level":  "Error",
                               "Id":  1023,
                               "Source":  "Microsoft-Windows-Perflib",
                               "ErrorCode":  {

                                             },
                               "UpdateTitle":  {

                                               },
                               "EventRecordID":  22704,
                               "Message":  "Windows cannot load the extensible counter DLL \"C:\\Windows\\system32\\ntdsperf.dll\" (Win32 error code The specified module could not be found.)."
                           },
                           {
                               "TimeCreated":  "\/Date(1755469161453)\/",
                               "Level":  "Error",
                               "Id":  10001,
                               "Source":  "Microsoft-Windows-DistributedCOM",
                               "ErrorCode":  {

                                             },
                               "UpdateTitle":  {

                                               },
                               "EventRecordID":  329097,
                               "Message":  "Unable to start a DCOM Server: Microsoft.Windows.Cortana_1.11.6.17763_neutral_neutral_cw5n1h2txyewy!CortanaUI.AppXynb3eakad12451rv00qxextfnce9sxb8.mca as Unavailable/Unavailable. The error:\r"
                           }
                       ],
    "LastPoll":  "08/18 05:38"
}