{
    "Computer":  "CRMSERVER2019",
    "Events":  [
                   {
                       "TimeCreated":  "\/Date(1754944047587)\/",
                       "Source":  "Microsoft-Windows-TaskScheduler",
                       "LogName":  "Microsoft-Windows-TaskScheduler/Operational",
                       "Level":  "Error",
                       "Message":  "Task Scheduler failed to start instance \"{60fd922f-a27f-4a48-94fd-8d48aea1eac5}\" of \"\\Microsoft\\Windows\\WindowsColorSystem\\Calibration Loader\"  task for user \"KHOETECH\\traoh\" . Additional Data: Error Value: 2147500037.",
                       "Id":  103,
                       "ErrorCode":  {

                                     },
                       "UpdateTitle":  null,
                       "EventRecordID":  107877
                   },
                   {
                       "TimeCreated":  "\/Date(1754944047587)\/",
                       "Source":  "Microsoft-Windows-TaskScheduler",
                       "LogName":  "Microsoft-Windows-TaskScheduler/Operational",
                       "Level":  "Error",
                       "Message":  "Task Scheduler failed to complete task \"\\Microsoft\\Windows\\WindowsColorSystem\\Calibration Loader\" , instance \"{60fd922f-a27f-4a48-94fd-8d48aea1eac5}\" , action \"Color Calibration Loader\" . Additional Data: Error Value: 2147500037.",
                       "Id":  202,
                       "ErrorCode":  {

                                     },
                       "UpdateTitle":  null,
                       "EventRecordID":  107876
                   },
                   {
                       "TimeCreated":  "\/Date(1754869002445)\/",
                       "Source":  "Microsoft-Windows-Perflib",
                       "LogName":  "Application",
                       "Level":  "Error",
                       "Message":  "Windows cannot load the extensible counter DLL \"C:\\Windows\\system32\\ntdsperf.dll\" (Win32 error code The specified module could not be found.).",
                       "Id":  1023,
                       "ErrorCode":  {

                                     },
                       "UpdateTitle":  null,
                       "EventRecordID":  21630
                   }
               ],
    "LastPoll":  "08/11 14:55"
}