{
    "Computer":  "CRMSERVER2019",
    "Events":  [
                   {
                       "TimeCreated":  "\/Date(1759138153433)\/",
                       "Source":  "Microsoft-Windows-TaskScheduler",
                       "LogName":  "Microsoft-Windows-TaskScheduler/Operational",
                       "Level":  "Error",
                       "Message":  "Task Scheduler failed to start instance \"{07fd2633-947b-4789-b4cf-a4e3d107098d}\" of \"\\Microsoft\\Windows\\.NET Framework\\.NET Framework NGEN v4.0.30319\"  task for user \"NT AUTHORITY\\SYSTEM\" . Additional Data: Error Value: 2147946720.",
                       "Id":  103,
                       "ErrorCode":  {

                                     },
                       "UpdateTitle":  null,
                       "EventRecordID":  258624
                   },
                   {
                       "TimeCreated":  "\/Date(1759138153433)\/",
                       "Source":  "Microsoft-Windows-TaskScheduler",
                       "LogName":  "Microsoft-Windows-TaskScheduler/Operational",
                       "Level":  "Error",
                       "Message":  "Task Scheduler failed to complete task \"\\Microsoft\\Windows\\.NET Framework\\.NET Framework NGEN v4.0.30319\" , instance \"{07fd2633-947b-4789-b4cf-a4e3d107098d}\" , action \"\" . Additional Data: Error Value: 2147946720.",
                       "Id":  202,
                       "ErrorCode":  {

                                     },
                       "UpdateTitle":  null,
                       "EventRecordID":  258623
                   },
                   {
                       "TimeCreated":  "\/Date(1759136682238)\/",
                       "Source":  "Service Control Manager",
                       "LogName":  "System",
                       "Level":  "Error",
                       "Message":  "A timeout was reached (30000 milliseconds) while waiting for the CRM Web Interface service to connect.",
                       "Id":  7009,
                       "ErrorCode":  {

                                     },
                       "UpdateTitle":  null,
                       "EventRecordID":  479945
                   },
                   {
                       "TimeCreated":  "\/Date(1759136515503)\/",
                       "Source":  "Service Control Manager",
                       "LogName":  "System",
                       "Level":  "Error",
                       "Message":  "The SplashtopRemoteService service failed to start due to the following error: \r",
                       "Id":  7000,
                       "ErrorCode":  {

                                     },
                       "UpdateTitle":  null,
                       "EventRecordID":  479925
                   },
                   {
                       "TimeCreated":  "\/Date(1759136494971)\/",
                       "Source":  "Microsoft-Windows-DHCP-Server",
                       "LogName":  "System",
                       "Level":  "Error",
                       "Message":  "The DHCP server was unable to create or lookup the DHCP Administrators local group on this computer.  The error code is in the data.",
                       "Id":  1036,
                       "ErrorCode":  {

                                     },
                       "UpdateTitle":  null,
                       "EventRecordID":  479901
                   },
                   {
                       "TimeCreated":  "\/Date(1759136494815)\/",
                       "Source":  "Microsoft-Windows-DHCP-Server",
                       "LogName":  "System",
                       "Level":  "Error",
                       "Message":  "The DHCP service was unable to create or lookup the DHCP Users local group on this computer.  The error code is in the data.",
                       "Id":  1035,
                       "ErrorCode":  {

                                     },
                       "UpdateTitle":  null,
                       "EventRecordID":  479900
                   },
                   {
                       "TimeCreated":  "\/Date(1759136486830)\/",
                       "Source":  "VSS",
                       "LogName":  "Application",
                       "Level":  "Error",
                       "Message":  "Volume Shadow Copy Service error: Unexpected error calling routine RegOpenKeyExW(-2147483646,SYSTEM\\CurrentControlSet\\Services\\VSS\\Diag,...).  hr = 0x80070005, Access is denied.\r",
                       "Id":  8193,
                       "ErrorCode":  "0x80070005",
                       "UpdateTitle":  null,
                       "EventRecordID":  46011
                   },
                   {
                       "TimeCreated":  "\/Date(1759136456047)\/",
                       "Source":  "Microsoft-Windows-TaskScheduler",
                       "LogName":  "Microsoft-Windows-TaskScheduler/Operational",
                       "Level":  "Error",
                       "Message":  "Task Scheduler failed to start \"\\Microsoft\\Windows\\Workplace Join\\Automatic-Device-Join\" task for user \"(default user)\". Additional Data: Error Value: 2147943568.",
                       "Id":  101,
                       "ErrorCode":  {

                                     },
                       "UpdateTitle":  null,
                       "EventRecordID":  258432
                   },
                   {
                       "TimeCreated":  "\/Date(1759136425035)\/",
                       "Source":  "Microsoft-Windows-Hyper-V-VmSwitch",
                       "LogName":  "System",
                       "Level":  "Error",
                       "Message":  "Failed to restore configuration for port 93E94012-713D-4323-B618-59ACA8D9606C (Friendly Name: ) on switch FFA4CC58-1AD2-455B-967D-44D1669D978E (Friendly Name: ), status = Object Name not found..",
                       "Id":  15,
                       "ErrorCode":  {

                                     },
                       "UpdateTitle":  null,
                       "EventRecordID":  479768
                   },
                   {
                       "TimeCreated":  "\/Date(1759103001260)\/",
                       "Source":  "Microsoft-Windows-Perflib",
                       "LogName":  "Application",
                       "Level":  "Error",
                       "Message":  "Windows cannot load the extensible counter DLL \"C:\\Windows\\system32\\ntdsperf.dll\" (Win32 error code The specified module could not be found.).",
                       "Id":  1023,
                       "ErrorCode":  {

                                     },
                       "UpdateTitle":  null,
                       "EventRecordID":  45954
                   }
               ],
    "LastPoll":  "09/29 15:06"
}