{
    "Computer":  "CRMSERVER2019",
    "Events":  [
                   {
                       "TimeCreated":  "\/Date(1756886491029)\/",
                       "Source":  "Microsoft-Windows-WindowsUpdateClient",
                       "LogName":  "Microsoft-Windows-WindowsUpdateClient/Operational",
                       "Level":  "Error",
                       "Message":  "Windows Update failed to check for updates with error 0x80244022.",
                       "Id":  25,
                       "ErrorCode":  "0x80244022",
                       "UpdateTitle":  null,
                       "EventRecordID":  20098
                   },
                   {
                       "TimeCreated":  "\/Date(1756856443018)\/",
                       "Source":  "Microsoft-Windows-Perflib",
                       "LogName":  "Application",
                       "Level":  "Error",
                       "Message":  "Windows cannot load the extensible counter DLL \"C:\\Windows\\system32\\ntdsperf.dll\" (Win32 error code The specified module could not be found.).",
                       "Id":  1023,
                       "ErrorCode":  {

                                     },
                       "UpdateTitle":  null,
                       "EventRecordID":  29912
                   },
                   {
                       "TimeCreated":  "\/Date(1756835284970)\/",
                       "Source":  "Microsoft-Windows-TaskScheduler",
                       "LogName":  "Microsoft-Windows-TaskScheduler/Operational",
                       "Level":  "Error",
                       "Message":  "Task Scheduler failed to start instance \"{eb5af683-7ac0-4ae4-a237-d2cddbe0fc51}\" of \"\\Microsoft\\Windows\\CertificateServicesClient\\KeyPreGenTask\"  task for user \"NT AUTHORITY\\SYSTEM\" . Additional Data: Error Value: 2148073520.",
                       "Id":  103,
                       "ErrorCode":  {

                                     },
                       "UpdateTitle":  null,
                       "EventRecordID":  175001
                   },
                   {
                       "TimeCreated":  "\/Date(1756835284970)\/",
                       "Source":  "Microsoft-Windows-TaskScheduler",
                       "LogName":  "Microsoft-Windows-TaskScheduler/Operational",
                       "Level":  "Error",
                       "Message":  "Task Scheduler failed to complete task \"\\Microsoft\\Windows\\CertificateServicesClient\\KeyPreGenTask\" , instance \"{eb5af683-7ac0-4ae4-a237-d2cddbe0fc51}\" , action \"NGC Pregeneration Task Handler\" . Additional Data: Error Value: 2148073520.",
                       "Id":  202,
                       "ErrorCode":  {

                                     },
                       "UpdateTitle":  null,
                       "EventRecordID":  175000
                   }
               ],
    "LastPoll":  "09/03 02:31"
}