{
    "Computer":  "FRWSTH",
    "Events":  [
                   {
                       "TimeCreated":  "\/Date(1757134815219)\/",
                       "Source":  "Microsoft-Windows-TaskScheduler",
                       "LogName":  "Microsoft-Windows-TaskScheduler/Operational",
                       "Level":  "Error",
                       "Message":  "Task Scheduler failed to start \"\\Microsoft\\Windows\\UpdateOrchestrator\\USO_UxBroker\" task for user \"NT AUTHORITY\\SYSTEM\". Additional Data: Error Value: 2147942402.",
                       "Id":  101,
                       "ErrorCode":  {

                                     },
                       "UpdateTitle":  null,
                       "EventRecordID":  80631
                   },
                   {
                       "TimeCreated":  "\/Date(1757134815219)\/",
                       "Source":  "Microsoft-Windows-TaskScheduler",
                       "LogName":  "Microsoft-Windows-TaskScheduler/Operational",
                       "Level":  "Error",
                       "Message":  "Task Scheduler failed to launch action \"%systemroot%\\system32\\MusNotification.exe\" in instance \"{c59541b0-d164-45e6-9f38-4075ecb59fbb}\" of task \"\\Microsoft\\Windows\\UpdateOrchestrator\\USO_UxBroker\". Additional Data: Error Value: 2147942402.",
                       "Id":  203,
                       "ErrorCode":  {

                                     },
                       "UpdateTitle":  null,
                       "EventRecordID":  80630
                   },
                   {
                       "TimeCreated":  "\/Date(1757131278193)\/",
                       "Source":  "Microsoft-Windows-WindowsUpdateClient",
                       "LogName":  "System",
                       "Level":  "Error",
                       "Message":  "Installation Failure: Windows failed to install the following update with error 0x80073D02: 9WZDNCRFJBMP-MICROSOFT.WINDOWSSTORE.",
                       "Id":  20,
                       "ErrorCode":  "0x80073D02",
                       "UpdateTitle":  "9WZDNCRFJBMP-MICROSOFT.WINDOWSSTORE",
                       "EventRecordID":  4577
                   },
                   {
                       "TimeCreated":  "\/Date(1757099130590)\/",
                       "Source":  "VSS",
                       "LogName":  "Application",
                       "Level":  "Error",
                       "Message":  "Volume Shadow Copy Error: An error 0x00000000c000014d was encountered while Registry Writer was preparing the registry for a shadow copy.  Check the Application and System event logs for any related errors. ",
                       "Id":  12344,
                       "ErrorCode":  "0x00000000c000014d",
                       "UpdateTitle":  null,
                       "EventRecordID":  7329
                   },
                   {
                       "TimeCreated":  "\/Date(1757096610047)\/",
                       "Source":  "Microsoft-Windows-TaskScheduler",
                       "LogName":  "Microsoft-Windows-TaskScheduler/Operational",
                       "Level":  "Error",
                       "Message":  "Task Scheduler failed to start instance \"{2b9f0650-6654-40ef-b653-febf65eb4c3d}\" of \"\\Microsoft\\Windows\\DiskFootprint\\StorageSense\"  task for user \"NT AUTHORITY\\SYSTEM\" . Additional Data: Error Value: 2147746132.",
                       "Id":  103,
                       "ErrorCode":  {

                                     },
                       "UpdateTitle":  null,
                       "EventRecordID":  78744
                   },
                   {
                       "TimeCreated":  "\/Date(1757096610047)\/",
                       "Source":  "Microsoft-Windows-TaskScheduler",
                       "LogName":  "Microsoft-Windows-TaskScheduler/Operational",
                       "Level":  "Error",
                       "Message":  "Task Scheduler failed to complete task \"\\Microsoft\\Windows\\DiskFootprint\\StorageSense\" , instance \"{2b9f0650-6654-40ef-b653-febf65eb4c3d}\" , action \"StorageUsage State Reporter Task Handler\" . Additional Data: Error Value: 2147746132.",
                       "Id":  202,
                       "ErrorCode":  {

                                     },
                       "UpdateTitle":  null,
                       "EventRecordID":  78743
                   },
                   {
                       "TimeCreated":  "\/Date(1757091050218)\/",
                       "Source":  "Microsoft-Windows-WindowsUpdateClient",
                       "LogName":  "Microsoft-Windows-WindowsUpdateClient/Operational",
                       "Level":  "Error",
                       "Message":  "Windows Update failed to download an update.",
                       "Id":  31,
                       "ErrorCode":  {

                                     },
                       "UpdateTitle":  "9N95Q1ZZPMH4-Microsoft.MPEG2VideoExtension",
                       "EventRecordID":  2888
                   }
               ],
    "LastPoll":  "09/06 09:38"
}