{
    "Computer":  "FRWSTH",
    "Events":  [
                   {
                       "TimeCreated":  "\/Date(1760760970623)\/",
                       "Source":  "Microsoft-Windows-Bits-Client",
                       "LogName":  "System",
                       "Level":  "Error",
                       "Message":  "A new BITS job could not be created. The current job count for the user KHOETECH\\traoh (60) is equal to or greater than the job limit (60) specified through group policy.  To correct the problem, complete or cancel the BITS jobs that haven\u0027t made progress by looking at the error, and restart the BITS service. If this error recurs, contact your system administrator and increate the per-user and per-computer Group Policy job limits.",
                       "Id":  16398,
                       "ErrorCode":  {

                                     },
                       "UpdateTitle":  null,
                       "EventRecordID":  11591
                   },
                   {
                       "TimeCreated":  "\/Date(1760747651465)\/",
                       "Source":  "Microsoft-Windows-TaskScheduler",
                       "LogName":  "Microsoft-Windows-TaskScheduler/Operational",
                       "Level":  "Error",
                       "Message":  "Task Scheduler failed to start \"\\Microsoft\\Windows\\UpdateOrchestrator\\USO_UxBroker\" task for user \"NT AUTHORITY\\SYSTEM\". Additional Data: Error Value: 2147942402.",
                       "Id":  101,
                       "ErrorCode":  {

                                     },
                       "UpdateTitle":  null,
                       "EventRecordID":  241905
                   },
                   {
                       "TimeCreated":  "\/Date(1760747651465)\/",
                       "Source":  "Microsoft-Windows-TaskScheduler",
                       "LogName":  "Microsoft-Windows-TaskScheduler/Operational",
                       "Level":  "Error",
                       "Message":  "Task Scheduler failed to launch action \"%systemroot%\\system32\\MusNotification.exe\" in instance \"{f7d02aee-553f-4af9-b059-e844a6637dcb}\" of task \"\\Microsoft\\Windows\\UpdateOrchestrator\\USO_UxBroker\". Additional Data: Error Value: 2147942402.",
                       "Id":  203,
                       "ErrorCode":  {

                                     },
                       "UpdateTitle":  null,
                       "EventRecordID":  241904
                   },
                   {
                       "TimeCreated":  "\/Date(1760741475525)\/",
                       "Source":  "Application Error",
                       "LogName":  "Application",
                       "Level":  "Error",
                       "Message":  "Faulting application name: inno_updater.exe, version: 0.0.0.0, time stamp: 0x67b2cf1c\r",
                       "Id":  1000,
                       "ErrorCode":  "0x67b2cf1c",
                       "UpdateTitle":  null,
                       "EventRecordID":  44115
                   },
                   {
                       "TimeCreated":  "\/Date(1760739558328)\/",
                       "Source":  "Service Control Manager",
                       "LogName":  "System",
                       "Level":  "Error",
                       "Message":  "The Hotpatch Monitoring Service service terminated with the following error: \r",
                       "Id":  7023,
                       "ErrorCode":  {

                                     },
                       "UpdateTitle":  null,
                       "EventRecordID":  11537
                   },
                   {
                       "TimeCreated":  "\/Date(1760729033619)\/",
                       "Source":  "Microsoft-Windows-TaskScheduler",
                       "LogName":  "Microsoft-Windows-TaskScheduler/Operational",
                       "Level":  "Error",
                       "Message":  "Task Scheduler failed to start instance \"{c2b62dbc-534e-48ef-b752-886d27c1fa76}\" of \"\\Microsoft\\Windows\\DiskFootprint\\StorageSense\"  task for user \"NT AUTHORITY\\SYSTEM\" . Additional Data: Error Value: 2147746132.",
                       "Id":  103,
                       "ErrorCode":  {

                                     },
                       "UpdateTitle":  null,
                       "EventRecordID":  240936
                   },
                   {
                       "TimeCreated":  "\/Date(1760729033619)\/",
                       "Source":  "Microsoft-Windows-TaskScheduler",
                       "LogName":  "Microsoft-Windows-TaskScheduler/Operational",
                       "Level":  "Error",
                       "Message":  "Task Scheduler failed to complete task \"\\Microsoft\\Windows\\DiskFootprint\\StorageSense\" , instance \"{c2b62dbc-534e-48ef-b752-886d27c1fa76}\" , action \"StorageUsage State Reporter Task Handler\" . Additional Data: Error Value: 2147746132.",
                       "Id":  202,
                       "ErrorCode":  {

                                     },
                       "UpdateTitle":  null,
                       "EventRecordID":  240935
                   },
                   {
                       "TimeCreated":  "\/Date(1760698971200)\/",
                       "Source":  "Microsoft-Windows-Perflib",
                       "LogName":  "Application",
                       "Level":  "Error",
                       "Message":  "Windows cannot load the extensible counter DLL \"C:\\WINDOWS\\system32\\sysmain.dll\" (Win32 error code The specified module could not be found.).",
                       "Id":  1023,
                       "ErrorCode":  {

                                     },
                       "UpdateTitle":  null,
                       "EventRecordID":  43652
                   },
                   {
                       "TimeCreated":  "\/Date(1760698949668)\/",
                       "Source":  "Microsoft-Windows-TaskScheduler",
                       "LogName":  "Microsoft-Windows-TaskScheduler/Operational",
                       "Level":  "Error",
                       "Message":  "Task Scheduler failed to load task \"\\Microsoft\\Windows\\UpdateOrchestrator\\StartOobeAppsScanAfterUpdate\" at service startup. Additional Data: Error Value: 2147942402.",
                       "Id":  146,
                       "ErrorCode":  {

                                     },
                       "UpdateTitle":  null,
                       "EventRecordID":  239252
                   },
                   {
                       "TimeCreated":  "\/Date(1760698949668)\/",
                       "Source":  "Microsoft-Windows-TaskScheduler",
                       "LogName":  "Microsoft-Windows-TaskScheduler/Operational",
                       "Level":  "Error",
                       "Message":  "Task instantiation failed \"\\Microsoft\\Windows\\UpdateOrchestrator\\StartOobeAppsScanAfterUpdate\". Check point: Ubpm-RegisterConsumer. Error Value: 2147942402.",
                       "Id":  151,
                       "ErrorCode":  {

                                     },
                       "UpdateTitle":  null,
                       "EventRecordID":  239251
                   }
               ],
    "LastPoll":  "10/17 23:48"
}