{
    "Computer":  "FRWSTH",
    "Events":  [
                   {
                       "TimeCreated":  "\/Date(1757888081935)\/",
                       "Source":  "Microsoft-Windows-TaskScheduler",
                       "LogName":  "Microsoft-Windows-TaskScheduler/Operational",
                       "Level":  "Error",
                       "Message":  "Task Scheduler failed to start \"\\Microsoft\\Windows\\UpdateOrchestrator\\USO_UxBroker\" task for user \"NT AUTHORITY\\SYSTEM\". Additional Data: Error Value: 2147942402.",
                       "Id":  101,
                       "ErrorCode":  {

                                     },
                       "UpdateTitle":  null,
                       "EventRecordID":  114355
                   },
                   {
                       "TimeCreated":  "\/Date(1757888081935)\/",
                       "Source":  "Microsoft-Windows-TaskScheduler",
                       "LogName":  "Microsoft-Windows-TaskScheduler/Operational",
                       "Level":  "Error",
                       "Message":  "Task Scheduler failed to launch action \"%systemroot%\\system32\\MusNotification.exe\" in instance \"{bcd58dc1-b856-4863-a491-ca16fd08d748}\" of task \"\\Microsoft\\Windows\\UpdateOrchestrator\\USO_UxBroker\". Additional Data: Error Value: 2147942402.",
                       "Id":  203,
                       "ErrorCode":  {

                                     },
                       "UpdateTitle":  null,
                       "EventRecordID":  114354
                   },
                   {
                       "TimeCreated":  "\/Date(1757869510277)\/",
                       "Source":  "Microsoft-Windows-TaskScheduler",
                       "LogName":  "Microsoft-Windows-TaskScheduler/Operational",
                       "Level":  "Error",
                       "Message":  "Task Scheduler failed to start instance \"{8c257ef7-166d-420f-bb9b-aee746f9c152}\" of \"\\Microsoft\\Windows\\DiskFootprint\\StorageSense\"  task for user \"NT AUTHORITY\\SYSTEM\" . Additional Data: Error Value: 2147746132.",
                       "Id":  103,
                       "ErrorCode":  {

                                     },
                       "UpdateTitle":  null,
                       "EventRecordID":  113507
                   },
                   {
                       "TimeCreated":  "\/Date(1757869510277)\/",
                       "Source":  "Microsoft-Windows-TaskScheduler",
                       "LogName":  "Microsoft-Windows-TaskScheduler/Operational",
                       "Level":  "Error",
                       "Message":  "Task Scheduler failed to complete task \"\\Microsoft\\Windows\\DiskFootprint\\StorageSense\" , instance \"{8c257ef7-166d-420f-bb9b-aee746f9c152}\" , action \"StorageUsage State Reporter Task Handler\" . Additional Data: Error Value: 2147746132.",
                       "Id":  202,
                       "ErrorCode":  {

                                     },
                       "UpdateTitle":  null,
                       "EventRecordID":  113506
                   },
                   {
                       "TimeCreated":  "\/Date(1757809448590)\/",
                       "Source":  "Microsoft-Windows-WindowsUpdateClient",
                       "LogName":  "Microsoft-Windows-WindowsUpdateClient/Operational",
                       "Level":  "Error",
                       "Message":  "Windows Update failed to check for updates with error 0x80240438.",
                       "Id":  25,
                       "ErrorCode":  "0x80240438",
                       "UpdateTitle":  null,
                       "EventRecordID":  8005
                   }
               ],
    "LastPoll":  "09/14 17:03"
}