{
    "Computer":  "FRWSTH",
    "Events":  [
                   {
                       "TimeCreated":  "\/Date(1762060509241)\/",
                       "Source":  "Microsoft-Windows-WUSA",
                       "LogName":  "Setup",
                       "Level":  "Error",
                       "Message":  "Windows update  could not be installed because of error 2149842967 \"\" (Command line: \"wusa.exe  \"C:/ProgramData/NinjaRMMAgent\\wpm\\patches\\windows11.0-kb5067931-arm64-ndp481_a663b37507a99addb0fb987867dfa29bb517d302.msu\" /quiet /norestart \")",
                       "Id":  3,
                       "ErrorCode":  {

                                     },
                       "UpdateTitle":  null,
                       "EventRecordID":  3996
                   },
                   {
                       "TimeCreated":  "\/Date(1762041675143)\/",
                       "Source":  "Microsoft-Windows-TaskScheduler",
                       "LogName":  "Microsoft-Windows-TaskScheduler/Operational",
                       "Level":  "Error",
                       "Message":  "Task Scheduler failed to start \"\\Microsoft\\Windows\\UpdateOrchestrator\\USO_UxBroker\" task for user \"NT AUTHORITY\\SYSTEM\". Additional Data: Error Value: 2147942402.",
                       "Id":  101,
                       "ErrorCode":  {

                                     },
                       "UpdateTitle":  null,
                       "EventRecordID":  304271
                   },
                   {
                       "TimeCreated":  "\/Date(1762041675143)\/",
                       "Source":  "Microsoft-Windows-TaskScheduler",
                       "LogName":  "Microsoft-Windows-TaskScheduler/Operational",
                       "Level":  "Error",
                       "Message":  "Task Scheduler failed to launch action \"%systemroot%\\system32\\MusNotification.exe\" in instance \"{2ac489a5-a527-475a-8c9c-0cdd3a44ba86}\" of task \"\\Microsoft\\Windows\\UpdateOrchestrator\\USO_UxBroker\". Additional Data: Error Value: 2147942402.",
                       "Id":  203,
                       "ErrorCode":  {

                                     },
                       "UpdateTitle":  null,
                       "EventRecordID":  304270
                   },
                   {
                       "TimeCreated":  "\/Date(1762016856511)\/",
                       "Source":  "Microsoft-Windows-TaskScheduler",
                       "LogName":  "Microsoft-Windows-TaskScheduler/Operational",
                       "Level":  "Error",
                       "Message":  "Task Scheduler failed to start instance \"{2c7b7d18-4c0b-41ed-aedb-87f6d590066f}\" of \"\\Microsoft\\Windows\\DiskFootprint\\StorageSense\"  task for user \"NT AUTHORITY\\SYSTEM\" . Additional Data: Error Value: 2147746132.",
                       "Id":  103,
                       "ErrorCode":  {

                                     },
                       "UpdateTitle":  null,
                       "EventRecordID":  302814
                   },
                   {
                       "TimeCreated":  "\/Date(1762016856511)\/",
                       "Source":  "Microsoft-Windows-TaskScheduler",
                       "LogName":  "Microsoft-Windows-TaskScheduler/Operational",
                       "Level":  "Error",
                       "Message":  "Task Scheduler failed to complete task \"\\Microsoft\\Windows\\DiskFootprint\\StorageSense\" , instance \"{2c7b7d18-4c0b-41ed-aedb-87f6d590066f}\" , action \"StorageUsage State Reporter Task Handler\" . Additional Data: Error Value: 2147746132.",
                       "Id":  202,
                       "ErrorCode":  {

                                     },
                       "UpdateTitle":  null,
                       "EventRecordID":  302813
                   },
                   {
                       "TimeCreated":  "\/Date(1761995376791)\/",
                       "Source":  "Microsoft-Windows-TPM-WMI",
                       "LogName":  "System",
                       "Level":  "Error",
                       "Message":  "Secure Boot CA/keys need to be updated. This device signature information is included here.\r",
                       "Id":  1801,
                       "ErrorCode":  {

                                     },
                       "UpdateTitle":  null,
                       "EventRecordID":  14264
                   },
                   {
                       "TimeCreated":  "\/Date(1761995076864)\/",
                       "Source":  "Microsoft-Windows-TaskScheduler",
                       "LogName":  "Microsoft-Windows-TaskScheduler/Operational",
                       "Level":  "Error",
                       "Message":  "Task Scheduler failed to load task \"\\Microsoft\\Windows\\UpdateOrchestrator\\StartOobeAppsScanAfterUpdate\" at service startup. Additional Data: Error Value: 2147942402.",
                       "Id":  146,
                       "ErrorCode":  {

                                     },
                       "UpdateTitle":  null,
                       "EventRecordID":  301343
                   },
                   {
                       "TimeCreated":  "\/Date(1761995076864)\/",
                       "Source":  "Microsoft-Windows-TaskScheduler",
                       "LogName":  "Microsoft-Windows-TaskScheduler/Operational",
                       "Level":  "Error",
                       "Message":  "Task instantiation failed \"\\Microsoft\\Windows\\UpdateOrchestrator\\StartOobeAppsScanAfterUpdate\". Check point: Ubpm-RegisterConsumer. Error Value: 2147942402.",
                       "Id":  151,
                       "ErrorCode":  {

                                     },
                       "UpdateTitle":  null,
                       "EventRecordID":  301342
                   },
                   {
                       "TimeCreated":  "\/Date(1761995076815)\/",
                       "Source":  "NETLOGON",
                       "LogName":  "System",
                       "Level":  "Error",
                       "Message":  "This computer was not able to set up a secure session with a domain controller in domain KHOETECH due to the following: \r",
                       "Id":  5719,
                       "ErrorCode":  {

                                     },
                       "UpdateTitle":  null,
                       "EventRecordID":  14221
                   },
                   {
                       "TimeCreated":  "\/Date(1761995068740)\/",
                       "Source":  "iaStorAC",
                       "LogName":  "System",
                       "Level":  "Error",
                       "Message":  "Error log: Smart event occured on disk :49QA14SYK00N  ",
                       "Id":  4102,
                       "ErrorCode":  {

                                     },
                       "UpdateTitle":  null,
                       "EventRecordID":  14163
                   }
               ],
    "LastPoll":  "11/02 00:28"
}