{
    "Computer":  "FRWSTH",
    "Events":  [
                   {
                       "TimeCreated":  "\/Date(1761995076864)\/",
                       "Source":  "Microsoft-Windows-TaskScheduler",
                       "LogName":  "Microsoft-Windows-TaskScheduler/Operational",
                       "Level":  "Error",
                       "Message":  "Task Scheduler failed to load task \"\\Microsoft\\Windows\\UpdateOrchestrator\\StartOobeAppsScanAfterUpdate\" at service startup. Additional Data: Error Value: 2147942402.",
                       "Id":  146,
                       "ErrorCode":  {

                                     },
                       "UpdateTitle":  null,
                       "EventRecordID":  301343
                   },
                   {
                       "TimeCreated":  "\/Date(1761995076864)\/",
                       "Source":  "Microsoft-Windows-TaskScheduler",
                       "LogName":  "Microsoft-Windows-TaskScheduler/Operational",
                       "Level":  "Error",
                       "Message":  "Task instantiation failed \"\\Microsoft\\Windows\\UpdateOrchestrator\\StartOobeAppsScanAfterUpdate\". Check point: Ubpm-RegisterConsumer. Error Value: 2147942402.",
                       "Id":  151,
                       "ErrorCode":  {

                                     },
                       "UpdateTitle":  null,
                       "EventRecordID":  301342
                   },
                   {
                       "TimeCreated":  "\/Date(1761995076815)\/",
                       "Source":  "NETLOGON",
                       "LogName":  "System",
                       "Level":  "Error",
                       "Message":  "This computer was not able to set up a secure session with a domain controller in domain KHOETECH due to the following: \r",
                       "Id":  5719,
                       "ErrorCode":  {

                                     },
                       "UpdateTitle":  null,
                       "EventRecordID":  14221
                   },
                   {
                       "TimeCreated":  "\/Date(1761995068740)\/",
                       "Source":  "iaStorAC",
                       "LogName":  "System",
                       "Level":  "Error",
                       "Message":  "Error log: Smart event occured on disk :49QA14SYK00N  ",
                       "Id":  4102,
                       "ErrorCode":  {

                                     },
                       "UpdateTitle":  null,
                       "EventRecordID":  14163
                   },
                   {
                       "TimeCreated":  "\/Date(1761995000272)\/",
                       "Source":  "Service Control Manager",
                       "LogName":  "System",
                       "Level":  "Error",
                       "Message":  "The Huntress Rio Service service terminated unexpectedly.  It has done this 1 time(s).  The following corrective action will be taken in 300000 milliseconds: Restart the service.",
                       "Id":  7031,
                       "ErrorCode":  {

                                     },
                       "UpdateTitle":  null,
                       "EventRecordID":  14083
                   },
                   {
                       "TimeCreated":  "\/Date(1761994949054)\/",
                       "Source":  "Microsoft-Windows-TaskScheduler",
                       "LogName":  "Microsoft-Windows-TaskScheduler/Operational",
                       "Level":  "Error",
                       "Message":  "Task Scheduler failed to start \"\\Microsoft\\Windows\\GroupPolicy\\{A7719E0F-10DB-4640-AD8C-490CC6AD5202}\" task for user \"(NONE)\". Additional Data: Error Value: 2147943515.",
                       "Id":  101,
                       "ErrorCode":  {

                                     },
                       "UpdateTitle":  null,
                       "EventRecordID":  301188
                   },
                   {
                       "TimeCreated":  "\/Date(1761994949054)\/",
                       "Source":  "Microsoft-Windows-TaskScheduler",
                       "LogName":  "Microsoft-Windows-TaskScheduler/Operational",
                       "Level":  "Error",
                       "Message":  "Task Scheduler failed to launch action \"Group Policy Background Processing\" in instance \"{78faeba2-5fe0-405f-975b-7ea6f4a337b4}\" of task \"\\Microsoft\\Windows\\GroupPolicy\\{A7719E0F-10DB-4640-AD8C-490CC6AD5202}\". Additional Data: Error Value: 2147943515.",
                       "Id":  203,
                       "ErrorCode":  {

                                     },
                       "UpdateTitle":  null,
                       "EventRecordID":  301187
                   },
                   {
                       "TimeCreated":  "\/Date(1761994880454)\/",
                       "Source":  "Microsoft-Windows-TaskScheduler",
                       "LogName":  "Microsoft-Windows-TaskScheduler/Operational",
                       "Level":  "Error",
                       "Message":  "Task Scheduler failed to start instance \"{aef60a17-528b-4932-9359-a5dcebfed426}\" of \"\\Microsoft\\Windows\\Wininet\\CacheTask\"  task for user \"\" . Additional Data: Error Value: 2147942404.",
                       "Id":  103,
                       "ErrorCode":  {

                                     },
                       "UpdateTitle":  null,
                       "EventRecordID":  301184
                   },
                   {
                       "TimeCreated":  "\/Date(1761994880454)\/",
                       "Source":  "Microsoft-Windows-TaskScheduler",
                       "LogName":  "Microsoft-Windows-TaskScheduler/Operational",
                       "Level":  "Error",
                       "Message":  "Task Scheduler failed to complete task \"\\Microsoft\\Windows\\Wininet\\CacheTask\" , instance \"{aef60a17-528b-4932-9359-a5dcebfed426}\" , action \"Wininet Cache task object\" . Additional Data: Error Value: 2147942404.",
                       "Id":  202,
                       "ErrorCode":  {

                                     },
                       "UpdateTitle":  null,
                       "EventRecordID":  301183
                   },
                   {
                       "TimeCreated":  "\/Date(1761989270827)\/",
                       "Source":  "Microsoft-Windows-Bits-Client",
                       "LogName":  "System",
                       "Level":  "Error",
                       "Message":  "A new BITS job could not be created. The current job count for the user KHOETECH\\traoh (60) is equal to or greater than the job limit (60) specified through group policy.  To correct the problem, complete or cancel the BITS jobs that haven\u0027t made progress by looking at the error, and restart the BITS service. If this error recurs, contact your system administrator and increate the per-user and per-computer Group Policy job limits.",
                       "Id":  16398,
                       "ErrorCode":  {

                                     },
                       "UpdateTitle":  null,
                       "EventRecordID":  13939
                   }
               ],
    "LastPoll":  "11/01 04:08"
}