{
    "Computer":  "FRWSTH",
    "Events":  [
                   {
                       "TimeCreated":  "\/Date(1757091053024)\/",
                       "Source":  "Microsoft-Windows-TaskScheduler",
                       "LogName":  "Microsoft-Windows-TaskScheduler/Operational",
                       "Level":  "Error",
                       "Message":  "Task Scheduler failed to start \"\\Microsoft\\Windows\\UpdateOrchestrator\\USO_UxBroker\" task for user \"NT AUTHORITY\\SYSTEM\". Additional Data: Error Value: 2147942402.",
                       "Id":  101,
                       "ErrorCode":  {

                                     },
                       "UpdateTitle":  null,
                       "EventRecordID":  78235
                   },
                   {
                       "TimeCreated":  "\/Date(1757091053024)\/",
                       "Source":  "Microsoft-Windows-TaskScheduler",
                       "LogName":  "Microsoft-Windows-TaskScheduler/Operational",
                       "Level":  "Error",
                       "Message":  "Task Scheduler failed to launch action \"%systemroot%\\system32\\MusNotification.exe\" in instance \"{107f187f-e1da-44f3-8526-fd050f1217f9}\" of task \"\\Microsoft\\Windows\\UpdateOrchestrator\\USO_UxBroker\". Additional Data: Error Value: 2147942402.",
                       "Id":  203,
                       "ErrorCode":  {

                                     },
                       "UpdateTitle":  null,
                       "EventRecordID":  78234
                   },
                   {
                       "TimeCreated":  "\/Date(1757091050218)\/",
                       "Source":  "Microsoft-Windows-WindowsUpdateClient",
                       "LogName":  "Microsoft-Windows-WindowsUpdateClient/Operational",
                       "Level":  "Error",
                       "Message":  "Windows Update failed to download an update.",
                       "Id":  31,
                       "ErrorCode":  {

                                     },
                       "UpdateTitle":  "9N95Q1ZZPMH4-Microsoft.MPEG2VideoExtension",
                       "EventRecordID":  2888
                   },
                   {
                       "TimeCreated":  "\/Date(1757086051464)\/",
                       "Source":  "Microsoft-Windows-WindowsUpdateClient",
                       "LogName":  "System",
                       "Level":  "Error",
                       "Message":  "Installation Failure: Windows failed to install the following update with error 0x80073D02: 9WZDNCRFJBMP-MICROSOFT.WINDOWSSTORE.",
                       "Id":  20,
                       "ErrorCode":  "0x80073D02",
                       "UpdateTitle":  "9WZDNCRFJBMP-MICROSOFT.WINDOWSSTORE",
                       "EventRecordID":  4425
                   },
                   {
                       "TimeCreated":  "\/Date(1757084734486)\/",
                       "Source":  "Microsoft-Windows-Perflib",
                       "LogName":  "Application",
                       "Level":  "Error",
                       "Message":  "Windows cannot load the extensible counter DLL \"C:\\WINDOWS\\system32\\sysmain.dll\" (Win32 error code The specified module could not be found.).",
                       "Id":  1023,
                       "ErrorCode":  {

                                     },
                       "UpdateTitle":  null,
                       "EventRecordID":  7089
                   },
                   {
                       "TimeCreated":  "\/Date(1757084734278)\/",
                       "Source":  "Microsoft-Windows-TaskScheduler",
                       "LogName":  "Microsoft-Windows-TaskScheduler/Operational",
                       "Level":  "Error",
                       "Message":  "Task Scheduler failed to start instance \"{dc6965df-6416-4d1e-9f7d-094904929faa}\" of \"\\Microsoft\\Windows\\WindowsColorSystem\\Calibration Loader\"  task for user \"KHOETECH\\traoh\" . Additional Data: Error Value: 2147942487.",
                       "Id":  103,
                       "ErrorCode":  {

                                     },
                       "UpdateTitle":  null,
                       "EventRecordID":  77415
                   },
                   {
                       "TimeCreated":  "\/Date(1757084734278)\/",
                       "Source":  "Microsoft-Windows-TaskScheduler",
                       "LogName":  "Microsoft-Windows-TaskScheduler/Operational",
                       "Level":  "Error",
                       "Message":  "Task Scheduler failed to complete task \"\\Microsoft\\Windows\\WindowsColorSystem\\Calibration Loader\" , instance \"{dc6965df-6416-4d1e-9f7d-094904929faa}\" , action \"Color Calibration Loader\" . Additional Data: Error Value: 2147942487.",
                       "Id":  202,
                       "ErrorCode":  {

                                     },
                       "UpdateTitle":  null,
                       "EventRecordID":  77414
                   },
                   {
                       "TimeCreated":  "\/Date(1757084716475)\/",
                       "Source":  "Microsoft-Windows-CertificateServicesClient-CertEnroll",
                       "LogName":  "Application",
                       "Level":  "Error",
                       "Message":  "The \"Microsoft Pluton Cryptographic Provider\" provider was not loaded because initialization failed.",
                       "Id":  57,
                       "ErrorCode":  "Not implemented 0x80004001 (-2147467263 E_NOTIMPL)",
                       "UpdateTitle":  null,
                       "EventRecordID":  7075
                   },
                   {
                       "TimeCreated":  "\/Date(1757084704701)\/",
                       "Source":  "NETLOGON",
                       "LogName":  "System",
                       "Level":  "Error",
                       "Message":  "This computer was not able to set up a secure session with a domain controller in domain KHOETECH due to the following: \r",
                       "Id":  5719,
                       "ErrorCode":  {

                                     },
                       "UpdateTitle":  null,
                       "EventRecordID":  4305
                   },
                   {
                       "TimeCreated":  "\/Date(1757084704342)\/",
                       "Source":  "Microsoft-Windows-TaskScheduler",
                       "LogName":  "Microsoft-Windows-TaskScheduler/Operational",
                       "Level":  "Error",
                       "Message":  "Task Scheduler failed to load task \"\\Microsoft\\Windows\\UpdateOrchestrator\\StartOobeAppsScanAfterUpdate\" at service startup. Additional Data: Error Value: 2147942402.",
                       "Id":  146,
                       "ErrorCode":  {

                                     },
                       "UpdateTitle":  null,
                       "EventRecordID":  77304
                   }
               ],
    "LastPoll":  "09/05 09:59"
}