{
    "Computer":  "FRWSTH",
    "Events":  [
                   {
                       "TimeCreated":  "\/Date(1761974131136)\/",
                       "Source":  "Microsoft-Windows-WUSA",
                       "LogName":  "Setup",
                       "Level":  "Error",
                       "Message":  "Windows update \"Update for Windows (KB5067036)\" could not be installed because of error 2147942593 \"\"Update for Windows (KB5067036)\" is not a valid Win32 application.\" (Command line: \"wusa.exe  \"C:/ProgramData/NinjaRMMAgent\\wpm\\patches\\windows11.0-kb5067036-arm64_ae48e1ce9a2b7f5513a65ac8f32eb8b4ae175e14.msu\" /quiet /norestart \")",
                       "Id":  3,
                       "ErrorCode":  {

                                     },
                       "UpdateTitle":  "\"Update for Windows (KB5067036)\"",
                       "EventRecordID":  3983
                   },
                   {
                       "TimeCreated":  "\/Date(1761962197014)\/",
                       "Source":  "Microsoft-Windows-Bits-Client",
                       "LogName":  "System",
                       "Level":  "Error",
                       "Message":  "A new BITS job could not be created. The current job count for the user KHOETECH\\traoh (60) is equal to or greater than the job limit (60) specified through group policy.  To correct the problem, complete or cancel the BITS jobs that haven\u0027t made progress by looking at the error, and restart the BITS service. If this error recurs, contact your system administrator and increate the per-user and per-computer Group Policy job limits.",
                       "Id":  16398,
                       "ErrorCode":  {

                                     },
                       "UpdateTitle":  null,
                       "EventRecordID":  13897
                   },
                   {
                       "TimeCreated":  "\/Date(1761955223437)\/",
                       "Source":  "Microsoft-Windows-TaskScheduler",
                       "LogName":  "Microsoft-Windows-TaskScheduler/Operational",
                       "Level":  "Error",
                       "Message":  "Task Scheduler failed to start \"\\Microsoft\\Windows\\UpdateOrchestrator\\USO_UxBroker\" task for user \"NT AUTHORITY\\SYSTEM\". Additional Data: Error Value: 2147942402.",
                       "Id":  101,
                       "ErrorCode":  {

                                     },
                       "UpdateTitle":  null,
                       "EventRecordID":  298736
                   },
                   {
                       "TimeCreated":  "\/Date(1761955223437)\/",
                       "Source":  "Microsoft-Windows-TaskScheduler",
                       "LogName":  "Microsoft-Windows-TaskScheduler/Operational",
                       "Level":  "Error",
                       "Message":  "Task Scheduler failed to launch action \"%systemroot%\\system32\\MusNotification.exe\" in instance \"{c9b88bf0-e5f1-49c5-8e99-712a49f01024}\" of task \"\\Microsoft\\Windows\\UpdateOrchestrator\\USO_UxBroker\". Additional Data: Error Value: 2147942402.",
                       "Id":  203,
                       "ErrorCode":  {

                                     },
                       "UpdateTitle":  null,
                       "EventRecordID":  298735
                   },
                   {
                       "TimeCreated":  "\/Date(1761953195454)\/",
                       "Source":  "Microsoft-Windows-Perflib",
                       "LogName":  "Application",
                       "Level":  "Error",
                       "Message":  "Windows cannot load the extensible counter DLL \"C:\\WINDOWS\\system32\\sysmain.dll\" (Win32 error code The specified module could not be found.).",
                       "Id":  1023,
                       "ErrorCode":  {

                                     },
                       "UpdateTitle":  null,
                       "EventRecordID":  55691
                   },
                   {
                       "TimeCreated":  "\/Date(1761953189350)\/",
                       "Source":  "Microsoft-Windows-TaskScheduler",
                       "LogName":  "Microsoft-Windows-TaskScheduler/Operational",
                       "Level":  "Error",
                       "Message":  "Task Scheduler failed to start instance \"{6d53696b-dc07-4d4c-99bd-a7d2adcb0501}\" of \"\\Microsoft\\Windows\\WindowsColorSystem\\Calibration Loader\"  task for user \"KHOETECH\\traoh\" . Additional Data: Error Value: 2147942487.",
                       "Id":  103,
                       "ErrorCode":  {

                                     },
                       "UpdateTitle":  null,
                       "EventRecordID":  298354
                   },
                   {
                       "TimeCreated":  "\/Date(1761953189350)\/",
                       "Source":  "Microsoft-Windows-TaskScheduler",
                       "LogName":  "Microsoft-Windows-TaskScheduler/Operational",
                       "Level":  "Error",
                       "Message":  "Task Scheduler failed to complete task \"\\Microsoft\\Windows\\WindowsColorSystem\\Calibration Loader\" , instance \"{6d53696b-dc07-4d4c-99bd-a7d2adcb0501}\" , action \"Color Calibration Loader\" . Additional Data: Error Value: 2147942487.",
                       "Id":  202,
                       "ErrorCode":  {

                                     },
                       "UpdateTitle":  null,
                       "EventRecordID":  298353
                   },
                   {
                       "TimeCreated":  "\/Date(1761953169181)\/",
                       "Source":  "NETLOGON",
                       "LogName":  "System",
                       "Level":  "Error",
                       "Message":  "This computer was not able to set up a secure session with a domain controller in domain KHOETECH due to the following: \r",
                       "Id":  5719,
                       "ErrorCode":  {

                                     },
                       "UpdateTitle":  null,
                       "EventRecordID":  13795
                   },
                   {
                       "TimeCreated":  "\/Date(1761953168437)\/",
                       "Source":  "Microsoft-Windows-TaskScheduler",
                       "LogName":  "Microsoft-Windows-TaskScheduler/Operational",
                       "Level":  "Error",
                       "Message":  "Task Scheduler failed to load task \"\\Microsoft\\Windows\\UpdateOrchestrator\\StartOobeAppsScanAfterUpdate\" at service startup. Additional Data: Error Value: 2147942402.",
                       "Id":  146,
                       "ErrorCode":  {

                                     },
                       "UpdateTitle":  null,
                       "EventRecordID":  298229
                   },
                   {
                       "TimeCreated":  "\/Date(1761953168437)\/",
                       "Source":  "Microsoft-Windows-TaskScheduler",
                       "LogName":  "Microsoft-Windows-TaskScheduler/Operational",
                       "Level":  "Error",
                       "Message":  "Task instantiation failed \"\\Microsoft\\Windows\\UpdateOrchestrator\\StartOobeAppsScanAfterUpdate\". Check point: Ubpm-RegisterConsumer. Error Value: 2147942402.",
                       "Id":  151,
                       "ErrorCode":  {

                                     },
                       "UpdateTitle":  null,
                       "EventRecordID":  298228
                   }
               ],
    "LastPoll":  "11/01 00:33"
}