{
    "Computer":  "FRWSTH",
    "Events":  [
                   {
                       "TimeCreated":  "\/Date(1761152676644)\/",
                       "Source":  "Microsoft-Windows-Bits-Client",
                       "LogName":  "System",
                       "Level":  "Error",
                       "Message":  "A new BITS job could not be created. The current job count for the user KHOETECH\\traoh (60) is equal to or greater than the job limit (60) specified through group policy.  To correct the problem, complete or cancel the BITS jobs that haven\u0027t made progress by looking at the error, and restart the BITS service. If this error recurs, contact your system administrator and increate the per-user and per-computer Group Policy job limits.",
                       "Id":  16398,
                       "ErrorCode":  {

                                     },
                       "UpdateTitle":  null,
                       "EventRecordID":  12358
                   },
                   {
                       "TimeCreated":  "\/Date(1761151902431)\/",
                       "Source":  "Microsoft-Windows-TaskScheduler",
                       "LogName":  "Microsoft-Windows-TaskScheduler/Operational",
                       "Level":  "Error",
                       "Message":  "Task Scheduler failed to start instance \"{c3f5c286-ba21-4655-b095-f343adac2671}\" of \"\\Microsoft\\Windows\\DiskFootprint\\StorageSense\"  task for user \"NT AUTHORITY\\SYSTEM\" . Additional Data: Error Value: 2147746132.",
                       "Id":  103,
                       "ErrorCode":  {

                                     },
                       "UpdateTitle":  null,
                       "EventRecordID":  260418
                   },
                   {
                       "TimeCreated":  "\/Date(1761151902431)\/",
                       "Source":  "Microsoft-Windows-TaskScheduler",
                       "LogName":  "Microsoft-Windows-TaskScheduler/Operational",
                       "Level":  "Error",
                       "Message":  "Task Scheduler failed to complete task \"\\Microsoft\\Windows\\DiskFootprint\\StorageSense\" , instance \"{c3f5c286-ba21-4655-b095-f343adac2671}\" , action \"StorageUsage State Reporter Task Handler\" . Additional Data: Error Value: 2147746132.",
                       "Id":  202,
                       "ErrorCode":  {

                                     },
                       "UpdateTitle":  null,
                       "EventRecordID":  260417
                   },
                   {
                       "TimeCreated":  "\/Date(1761127769072)\/",
                       "Source":  "Microsoft-Windows-WindowsUpdateClient",
                       "LogName":  "Microsoft-Windows-WindowsUpdateClient/Operational",
                       "Level":  "Error",
                       "Message":  "Windows Update failed to check for updates with error 0x80240438.",
                       "Id":  25,
                       "ErrorCode":  "0x80240438",
                       "UpdateTitle":  null,
                       "EventRecordID":  29452
                   },
                   {
                       "TimeCreated":  "\/Date(1761080590455)\/",
                       "Source":  "Microsoft-Windows-Perflib",
                       "LogName":  "Application",
                       "Level":  "Error",
                       "Message":  "Windows cannot load the extensible counter DLL \"C:\\WINDOWS\\system32\\sysmain.dll\" (Win32 error code The specified module could not be found.).",
                       "Id":  1023,
                       "ErrorCode":  {

                                     },
                       "UpdateTitle":  null,
                       "EventRecordID":  47257
                   },
                   {
                       "TimeCreated":  "\/Date(1761080569622)\/",
                       "Source":  "NETLOGON",
                       "LogName":  "System",
                       "Level":  "Error",
                       "Message":  "This computer was not able to set up a secure session with a domain controller in domain KHOETECH due to the following: \r",
                       "Id":  5719,
                       "ErrorCode":  {

                                     },
                       "UpdateTitle":  null,
                       "EventRecordID":  12210
                   },
                   {
                       "TimeCreated":  "\/Date(1761080569106)\/",
                       "Source":  "Microsoft-Windows-TaskScheduler",
                       "LogName":  "Microsoft-Windows-TaskScheduler/Operational",
                       "Level":  "Error",
                       "Message":  "Task Scheduler failed to load task \"\\Microsoft\\Windows\\UpdateOrchestrator\\StartOobeAppsScanAfterUpdate\" at service startup. Additional Data: Error Value: 2147942402.",
                       "Id":  146,
                       "ErrorCode":  {

                                     },
                       "UpdateTitle":  null,
                       "EventRecordID":  257162
                   },
                   {
                       "TimeCreated":  "\/Date(1761080569106)\/",
                       "Source":  "Microsoft-Windows-TaskScheduler",
                       "LogName":  "Microsoft-Windows-TaskScheduler/Operational",
                       "Level":  "Error",
                       "Message":  "Task instantiation failed \"\\Microsoft\\Windows\\UpdateOrchestrator\\StartOobeAppsScanAfterUpdate\". Check point: Ubpm-RegisterConsumer. Error Value: 2147942402.",
                       "Id":  151,
                       "ErrorCode":  {

                                     },
                       "UpdateTitle":  null,
                       "EventRecordID":  257161
                   },
                   {
                       "TimeCreated":  "\/Date(1761080561648)\/",
                       "Source":  "iaStorAC",
                       "LogName":  "System",
                       "Level":  "Error",
                       "Message":  "Error log: Smart event occured on disk :49QA14SYK00N  ",
                       "Id":  4102,
                       "ErrorCode":  {

                                     },
                       "UpdateTitle":  null,
                       "EventRecordID":  12135
                   },
                   {
                       "TimeCreated":  "\/Date(1761080490036)\/",
                       "Source":  "Application Error",
                       "LogName":  "Application",
                       "Level":  "Error",
                       "Message":  "Faulting application name: inno_updater.exe, version: 0.0.0.0, time stamp: 0x67b2cf1c\r",
                       "Id":  1000,
                       "ErrorCode":  "0x67b2cf1c",
                       "UpdateTitle":  null,
                       "EventRecordID":  47213
                   }
               ],
    "LastPoll":  "10/22 10:08"
}