{
    "Computer":  "FRWSTH",
    "Events":  [
                   {
                       "TimeCreated":  "\/Date(1759397626252)\/",
                       "Source":  "Microsoft-Windows-Perflib",
                       "LogName":  "Application",
                       "Level":  "Error",
                       "Message":  "Windows cannot load the extensible counter DLL \"C:\\WINDOWS\\system32\\sysmain.dll\" (Win32 error code The specified module could not be found.).",
                       "Id":  1023,
                       "ErrorCode":  {

                                     },
                       "UpdateTitle":  null,
                       "EventRecordID":  31143
                   },
                   {
                       "TimeCreated":  "\/Date(1759397335395)\/",
                       "Source":  "Microsoft-Windows-TaskScheduler",
                       "LogName":  "Microsoft-Windows-TaskScheduler/Operational",
                       "Level":  "Error",
                       "Message":  "Task Scheduler failed to start \"\\Microsoft\\Windows\\UpdateOrchestrator\\USO_UxBroker\" task for user \"NT AUTHORITY\\SYSTEM\". Additional Data: Error Value: 2147942402.",
                       "Id":  101,
                       "ErrorCode":  {

                                     },
                       "UpdateTitle":  null,
                       "EventRecordID":  181551
                   },
                   {
                       "TimeCreated":  "\/Date(1759397335394)\/",
                       "Source":  "Microsoft-Windows-TaskScheduler",
                       "LogName":  "Microsoft-Windows-TaskScheduler/Operational",
                       "Level":  "Error",
                       "Message":  "Task Scheduler failed to launch action \"%systemroot%\\system32\\MusNotification.exe\" in instance \"{86e1882f-b717-4fa4-bfe0-bd0f00f54d77}\" of task \"\\Microsoft\\Windows\\UpdateOrchestrator\\USO_UxBroker\". Additional Data: Error Value: 2147942402.",
                       "Id":  203,
                       "ErrorCode":  {

                                     },
                       "UpdateTitle":  null,
                       "EventRecordID":  181550
                   },
                   {
                       "TimeCreated":  "\/Date(1759378557900)\/",
                       "Source":  "Microsoft-Windows-Bits-Client",
                       "LogName":  "System",
                       "Level":  "Error",
                       "Message":  "A new BITS job could not be created. The current job count for the user KHOETECH\\traoh (60) is equal to or greater than the job limit (60) specified through group policy.  To correct the problem, complete or cancel the BITS jobs that haven\u0027t made progress by looking at the error, and restart the BITS service. If this error recurs, contact your system administrator and increate the per-user and per-computer Group Policy job limits.",
                       "Id":  16398,
                       "ErrorCode":  {

                                     },
                       "UpdateTitle":  null,
                       "EventRecordID":  8462
                   },
                   {
                       "TimeCreated":  "\/Date(1759346223765)\/",
                       "Source":  "Microsoft-Windows-TaskScheduler",
                       "LogName":  "Microsoft-Windows-TaskScheduler/Operational",
                       "Level":  "Error",
                       "Message":  "Task Scheduler failed to start instance \"{065fdcec-4eca-47b3-9cbf-42d313c0475a}\" of \"\\Microsoft\\Windows\\Servicing\\StartComponentCleanup\"  task for user \"NT AUTHORITY\\SYSTEM\" . Additional Data: Error Value: 2147942405.",
                       "Id":  103,
                       "ErrorCode":  {

                                     },
                       "UpdateTitle":  null,
                       "EventRecordID":  179394
                   },
                   {
                       "TimeCreated":  "\/Date(1759346223765)\/",
                       "Source":  "Microsoft-Windows-TaskScheduler",
                       "LogName":  "Microsoft-Windows-TaskScheduler/Operational",
                       "Level":  "Error",
                       "Message":  "Task Scheduler failed to complete task \"\\Microsoft\\Windows\\Servicing\\StartComponentCleanup\" , instance \"{065fdcec-4eca-47b3-9cbf-42d313c0475a}\" , action \"Component Based Servicing Session\" . Additional Data: Error Value: 2147942405.",
                       "Id":  202,
                       "ErrorCode":  {

                                     },
                       "UpdateTitle":  null,
                       "EventRecordID":  179393
                   },
                   {
                       "TimeCreated":  "\/Date(1759333742303)\/",
                       "Source":  "Ntfs",
                       "LogName":  "System",
                       "Level":  "Error",
                       "Message":  "A corruption was discovered in the file system structure on volume F:.\r",
                       "Id":  55,
                       "ErrorCode":  "Ntfs+0x1050a2, Ntfs+0x29c3e, Ntfs+0x1cb350, Ntfs+0x1c7393, Ntfs+0x236649, Ntfs+0x1accf2, Ntfs+0x1aa926, Ntfs+0x2e9b9, ntoskrnl+0x304ddc, ntoskrnl+0x487c2a, ntoskrnl+0x6a0b24",
                       "UpdateTitle":  null,
                       "EventRecordID":  8397
                   },
                   {
                       "TimeCreated":  "\/Date(1759333742303)\/",
                       "Source":  "Microsoft-Windows-Ntfs",
                       "LogName":  "System",
                       "Level":  "Error",
                       "Message":  "Volume F: (\\Device\\HarddiskVolume12) needs to be taken offline to perform a Full Chkdsk.  Please run \"CHKDSK /F\" locally via the command line, or run \"REPAIR-VOLUME \u003cdrive:\u003e\" locally or remotely via PowerShell.",
                       "Id":  98,
                       "ErrorCode":  {

                                     },
                       "UpdateTitle":  null,
                       "EventRecordID":  8396
                   }
               ],
    "LastPoll":  "10/02 03:09"
}