{
    "Computer":  "FRWSTH",
    "Events":  [
                   {
                       "TimeCreated":  "\/Date(1755918319191)\/",
                       "Source":  "Microsoft-Windows-TaskScheduler",
                       "LogName":  "Microsoft-Windows-TaskScheduler/Operational",
                       "Level":  "Error",
                       "Message":  "Task Scheduler failed to start \"\\Microsoft\\Windows\\UpdateOrchestrator\\USO_UxBroker\" task for user \"NT AUTHORITY\\SYSTEM\". Additional Data: Error Value: 2147942402.",
                       "Id":  101,
                       "ErrorCode":  {

                                     },
                       "UpdateTitle":  null,
                       "EventRecordID":  48670
                   },
                   {
                       "TimeCreated":  "\/Date(1755918319191)\/",
                       "Source":  "Microsoft-Windows-TaskScheduler",
                       "LogName":  "Microsoft-Windows-TaskScheduler/Operational",
                       "Level":  "Error",
                       "Message":  "Task Scheduler failed to launch action \"%systemroot%\\system32\\MusNotification.exe\" in instance \"{a0d72857-8b2c-4493-a8ff-2e0ed3da8582}\" of task \"\\Microsoft\\Windows\\UpdateOrchestrator\\USO_UxBroker\". Additional Data: Error Value: 2147942402.",
                       "Id":  203,
                       "ErrorCode":  {

                                     },
                       "UpdateTitle":  null,
                       "EventRecordID":  48669
                   },
                   {
                       "TimeCreated":  "\/Date(1755914785131)\/",
                       "Source":  "Microsoft-Windows-WindowsUpdateClient",
                       "LogName":  "System",
                       "Level":  "Error",
                       "Message":  "Installation Failure: Windows failed to install the following update with error 0x80073D02: 9NHT9RB2F4HD-Microsoft.Copilot.",
                       "Id":  20,
                       "ErrorCode":  "0x80073D02",
                       "UpdateTitle":  "9NHT9RB2F4HD-Microsoft.Copilot",
                       "EventRecordID":  3392
                   },
                   {
                       "TimeCreated":  "\/Date(1755883086562)\/",
                       "Source":  "Microsoft-Windows-TaskScheduler",
                       "LogName":  "Microsoft-Windows-TaskScheduler/Operational",
                       "Level":  "Error",
                       "Message":  "Task Scheduler failed to start instance \"{edf796ab-d29a-489e-ad4a-8d3cafc2f0be}\" of \"\\Microsoft\\Windows\\DiskFootprint\\StorageSense\"  task for user \"NT AUTHORITY\\SYSTEM\" . Additional Data: Error Value: 2147746132.",
                       "Id":  103,
                       "ErrorCode":  {

                                     },
                       "UpdateTitle":  null,
                       "EventRecordID":  47042
                   },
                   {
                       "TimeCreated":  "\/Date(1755883086562)\/",
                       "Source":  "Microsoft-Windows-TaskScheduler",
                       "LogName":  "Microsoft-Windows-TaskScheduler/Operational",
                       "Level":  "Error",
                       "Message":  "Task Scheduler failed to complete task \"\\Microsoft\\Windows\\DiskFootprint\\StorageSense\" , instance \"{edf796ab-d29a-489e-ad4a-8d3cafc2f0be}\" , action \"StorageUsage State Reporter Task Handler\" . Additional Data: Error Value: 2147746132.",
                       "Id":  202,
                       "ErrorCode":  {

                                     },
                       "UpdateTitle":  null,
                       "EventRecordID":  47041
                   }
               ],
    "LastPoll":  "08/22 20:36"
}