{
    "Computer":  "FRWSTH",
    "Events":  [
                   {
                       "TimeCreated":  "\/Date(1754933409471)\/",
                       "Source":  "Microsoft-Windows-TaskScheduler",
                       "LogName":  "Microsoft-Windows-TaskScheduler/Operational",
                       "Level":  "Error",
                       "Message":  "Task Scheduler failed to start instance \"{581ad6ac-90f3-48fd-babf-b42408486b20}\" of \"\\Microsoft\\Windows\\DiskFootprint\\StorageSense\"  task for user \"NT AUTHORITY\\SYSTEM\" . Additional Data: Error Value: 2147746132.",
                       "Id":  103,
                       "ErrorCode":  {

                                     },
                       "UpdateTitle":  {

                                       },
                       "EventRecordID":  6552
                   },
                   {
                       "TimeCreated":  "\/Date(1754933409471)\/",
                       "Source":  "Microsoft-Windows-TaskScheduler",
                       "LogName":  "Microsoft-Windows-TaskScheduler/Operational",
                       "Level":  "Error",
                       "Message":  "Task Scheduler failed to complete task \"\\Microsoft\\Windows\\DiskFootprint\\StorageSense\" , instance \"{581ad6ac-90f3-48fd-babf-b42408486b20}\" , action \"StorageUsage State Reporter Task Handler\" . Additional Data: Error Value: 2147746132.",
                       "Id":  202,
                       "ErrorCode":  {

                                     },
                       "UpdateTitle":  {

                                       },
                       "EventRecordID":  6551
                   },
                   {
                       "TimeCreated":  "\/Date(1754903335829)\/",
                       "Source":  "Microsoft-Windows-TaskScheduler",
                       "LogName":  "Microsoft-Windows-TaskScheduler/Operational",
                       "Level":  "Error",
                       "Message":  "Task Scheduler failed to start \"\\Microsoft\\Windows\\UpdateOrchestrator\\USO_UxBroker\" task for user \"NT AUTHORITY\\SYSTEM\". Additional Data: Error Value: 2147942402.",
                       "Id":  101,
                       "ErrorCode":  {

                                     },
                       "UpdateTitle":  {

                                       },
                       "EventRecordID":  5963
                   },
                   {
                       "TimeCreated":  "\/Date(1754903335829)\/",
                       "Source":  "Microsoft-Windows-TaskScheduler",
                       "LogName":  "Microsoft-Windows-TaskScheduler/Operational",
                       "Level":  "Error",
                       "Message":  "Task Scheduler failed to launch action \"%systemroot%\\system32\\MusNotification.exe\" in instance \"{a73feb0f-0258-49d7-8526-4a6ca4fb7352}\" of task \"\\Microsoft\\Windows\\UpdateOrchestrator\\USO_UxBroker\". Additional Data: Error Value: 2147942402.",
                       "Id":  203,
                       "ErrorCode":  {

                                     },
                       "UpdateTitle":  {

                                       },
                       "EventRecordID":  5962
                   },
                   {
                       "TimeCreated":  "\/Date(1754901587469)\/",
                       "Source":  "Microsoft-Windows-WindowsUpdateClient",
                       "LogName":  "System",
                       "Level":  "Error",
                       "Message":  "Installation Failure: Windows failed to install the following update with error 0x80073D02: 9WZDNCRD29V9-MICROSOFT.MICROSOFTOFFICEHUB.",
                       "Id":  20,
                       "ErrorCode":  "0x80073D02",
                       "UpdateTitle":  "9WZDNCRD29V9-MICROSOFT.MICROSOFTOFFICEHUB",
                       "EventRecordID":  1215
                   },
                   {
                       "TimeCreated":  "\/Date(1754896147484)\/",
                       "Source":  "Application Error",
                       "LogName":  "Application",
                       "Level":  "Error",
                       "Message":  "Faulting application name: WindowsTerminal.exe, version: 1.22.2507.30001, time stamp: 0x688a554b\r",
                       "Id":  1000,
                       "ErrorCode":  "0x688a554b",
                       "UpdateTitle":  {

                                       },
                       "EventRecordID":  1258
                   }
               ],
    "LastPoll":  "08/11 14:02"
}