{
    "Computer":  "HYPERVISOR",
    "Events":  [
                   {
                       "TimeCreated":  "\/Date(1761749590697)\/",
                       "Source":  "Microsoft-Windows-WindowsUpdateClient",
                       "LogName":  "Microsoft-Windows-WindowsUpdateClient/Operational",
                       "Level":  "Error",
                       "Message":  "Windows Update failed to check for updates with error 0x800B0109.",
                       "Id":  25,
                       "ErrorCode":  "0x800B0109",
                       "UpdateTitle":  null,
                       "EventRecordID":  27740
                   },
                   {
                       "TimeCreated":  "\/Date(1761744327304)\/",
                       "Source":  "Microsoft-Windows-TaskScheduler",
                       "LogName":  "Microsoft-Windows-TaskScheduler/Operational",
                       "Level":  "Error",
                       "Message":  "Task Scheduler failed to start instance \"{44b94813-b6a8-4ebf-bbf5-cde5da8ccec5}\" of \"\\Microsoft\\Windows\\DeviceDirectoryClient\\RegisterDeviceProtectionStateChanged\"  task for user \"NT AUTHORITY\\SYSTEM\" . Additional Data: Error Value: 2147746132.",
                       "Id":  103,
                       "ErrorCode":  {

                                     },
                       "UpdateTitle":  null,
                       "EventRecordID":  169276
                   },
                   {
                       "TimeCreated":  "\/Date(1761744327304)\/",
                       "Source":  "Microsoft-Windows-TaskScheduler",
                       "LogName":  "Microsoft-Windows-TaskScheduler/Operational",
                       "Level":  "Error",
                       "Message":  "Task Scheduler failed to complete task \"\\Microsoft\\Windows\\DeviceDirectoryClient\\RegisterDeviceProtectionStateChanged\" , instance \"{44b94813-b6a8-4ebf-bbf5-cde5da8ccec5}\" , action \"Device Directory Client Handler\" . Additional Data: Error Value: 2147746132.",
                       "Id":  202,
                       "ErrorCode":  {

                                     },
                       "UpdateTitle":  null,
                       "EventRecordID":  169275
                   },
                   {
                       "TimeCreated":  "\/Date(1761744013579)\/",
                       "Source":  "Microsoft-Windows-TPM-WMI",
                       "LogName":  "System",
                       "Level":  "Error",
                       "Message":  "The Secure Boot update failed to update a Secure Boot variable with error Secure Boot is not enabled on this machine.. For more information, please see https://go.microsoft.com/fwlink/?linkid=2169931",
                       "Id":  1796,
                       "ErrorCode":  {

                                     },
                       "UpdateTitle":  null,
                       "EventRecordID":  326469
                   },
                   {
                       "TimeCreated":  "\/Date(1761743010447)\/",
                       "Source":  "VSS",
                       "LogName":  "Application",
                       "Level":  "Error",
                       "Message":  "Volume Shadow Copy Service error: Unexpected error DeviceIoControl(\\\\?\\GLOBALROOT\\Device\\HarddiskVolumeShadowCopy180 - 0000000000000354,0x0053c198,0000024CCE738150,0,0000024CCE737050,4096,[0]).  hr = 0x80070057, The parameter is incorrect.\r",
                       "Id":  12289,
                       "ErrorCode":  "0x0053c198",
                       "UpdateTitle":  null,
                       "EventRecordID":  80139
                   },
                   {
                       "TimeCreated":  "\/Date(1761674780216)\/",
                       "Source":  "Microsoft-Windows-TaskScheduler",
                       "LogName":  "Microsoft-Windows-TaskScheduler/Operational",
                       "Level":  "Error",
                       "Message":  "Task Scheduler failed to start \"\\Microsoft\\Windows\\UpdateOrchestrator\\USO_UxBroker\" task for user \"NT AUTHORITY\\SYSTEM\". Additional Data: Error Value: 2147942402.",
                       "Id":  101,
                       "ErrorCode":  {

                                     },
                       "UpdateTitle":  null,
                       "EventRecordID":  166851
                   },
                   {
                       "TimeCreated":  "\/Date(1761674780215)\/",
                       "Source":  "Microsoft-Windows-TaskScheduler",
                       "LogName":  "Microsoft-Windows-TaskScheduler/Operational",
                       "Level":  "Error",
                       "Message":  "Task Scheduler failed to launch action \"%systemroot%\\system32\\MusNotification.exe\" in instance \"{671f3756-e51c-48db-9bd5-74c92562a9ec}\" of task \"\\Microsoft\\Windows\\UpdateOrchestrator\\USO_UxBroker\". Additional Data: Error Value: 2147942402.",
                       "Id":  203,
                       "ErrorCode":  {

                                     },
                       "UpdateTitle":  null,
                       "EventRecordID":  166850
                   }
               ],
    "LastPoll":  "10/29 07:58"
}