{
    "Computer":  "HYPERVISOR",
    "Events":  [
                   {
                       "TimeCreated":  "\/Date(1760691002565)\/",
                       "Source":  "Microsoft-Windows-TaskScheduler",
                       "LogName":  "Microsoft-Windows-TaskScheduler/Operational",
                       "Level":  "Error",
                       "Message":  "Task Scheduler failed to start instance \"{0f2d3015-d341-4247-a8ce-11933c5ec2a3}\" of \"\\Microsoft\\Windows\\.NET Framework\\.NET Framework NGEN v4.0.30319\"  task for user \"NT AUTHORITY\\SYSTEM\" . Additional Data: Error Value: 2147946720.",
                       "Id":  103,
                       "ErrorCode":  {

                                     },
                       "UpdateTitle":  null,
                       "EventRecordID":  132549
                   },
                   {
                       "TimeCreated":  "\/Date(1760691002565)\/",
                       "Source":  "Microsoft-Windows-TaskScheduler",
                       "LogName":  "Microsoft-Windows-TaskScheduler/Operational",
                       "Level":  "Error",
                       "Message":  "Task Scheduler failed to complete task \"\\Microsoft\\Windows\\.NET Framework\\.NET Framework NGEN v4.0.30319\" , instance \"{0f2d3015-d341-4247-a8ce-11933c5ec2a3}\" , action \"\" . Additional Data: Error Value: 2147946720.",
                       "Id":  202,
                       "ErrorCode":  {

                                     },
                       "UpdateTitle":  null,
                       "EventRecordID":  132548
                   },
                   {
                       "TimeCreated":  "\/Date(1760690003654)\/",
                       "Source":  "Microsoft-Windows-WUSA",
                       "LogName":  "Setup",
                       "Level":  "Error",
                       "Message":  "Windows update  could not be installed because of error 2149842967 \"\" (Command line: \"wusa.exe  \"C:/ProgramData/NinjaRMMAgent\\wpm\\patches\\windows11.0-kb5043080-x64_953449672073f8fb99badb4cc6d5d7849b9c83e8.msu\" /quiet /norestart \")",
                       "Id":  3,
                       "ErrorCode":  {

                                     },
                       "UpdateTitle":  null,
                       "EventRecordID":  66
                   },
                   {
                       "TimeCreated":  "\/Date(1760657142959)\/",
                       "Source":  "Microsoft-Windows-TPM-WMI",
                       "LogName":  "System",
                       "Level":  "Error",
                       "Message":  "The Secure Boot update failed to update a Secure Boot variable with error Secure Boot is not enabled on this machine.. For more information, please see https://go.microsoft.com/fwlink/?linkid=2169931",
                       "Id":  1796,
                       "ErrorCode":  {

                                     },
                       "UpdateTitle":  null,
                       "EventRecordID":  261115
                   },
                   {
                       "TimeCreated":  "\/Date(1760628017422)\/",
                       "Source":  "Microsoft-Windows-Security-SPP",
                       "LogName":  "Application",
                       "Level":  "Error",
                       "Message":  "License Activation (slui.exe) failed with the following error code:\r",
                       "Id":  8198,
                       "ErrorCode":  "0x8007232B",
                       "UpdateTitle":  null,
                       "EventRecordID":  61867
                   },
                   {
                       "TimeCreated":  "\/Date(1760613912254)\/",
                       "Source":  "Service Control Manager",
                       "LogName":  "System",
                       "Level":  "Error",
                       "Message":  "The Background Intelligent Transfer Service service hung on starting.",
                       "Id":  7022,
                       "ErrorCode":  {

                                     },
                       "UpdateTitle":  null,
                       "EventRecordID":  258080
                   },
                   {
                       "TimeCreated":  "\/Date(1760613909821)\/",
                       "Source":  "Microsoft-Windows-DistributedCOM",
                       "LogName":  "System",
                       "Level":  "Error",
                       "Message":  "The server {4991D34B-80A1-4291-83B6-3328366B9097} did not register with DCOM within the required timeout.",
                       "Id":  10010,
                       "ErrorCode":  {

                                     },
                       "UpdateTitle":  null,
                       "EventRecordID":  258079
                   },
                   {
                       "TimeCreated":  "\/Date(1760613885474)\/",
                       "Source":  "NETLOGON",
                       "LogName":  "System",
                       "Level":  "Error",
                       "Message":  "This computer was not able to set up a secure session with a domain controller in domain CHFRESNO due to the following: \r",
                       "Id":  5719,
                       "ErrorCode":  {

                                     },
                       "UpdateTitle":  null,
                       "EventRecordID":  258077
                   },
                   {
                       "TimeCreated":  "\/Date(1760613831083)\/",
                       "Source":  "Microsoft-Windows-TaskScheduler",
                       "LogName":  "Microsoft-Windows-TaskScheduler/Operational",
                       "Level":  "Error",
                       "Message":  "Task Scheduler failed to start \"\\Microsoft\\Windows\\UpdateOrchestrator\\USO_UxBroker\" task for user \"NT AUTHORITY\\SYSTEM\". Additional Data: Error Value: 2147942402.",
                       "Id":  101,
                       "ErrorCode":  {

                                     },
                       "UpdateTitle":  null,
                       "EventRecordID":  129365
                   },
                   {
                       "TimeCreated":  "\/Date(1760613831082)\/",
                       "Source":  "Microsoft-Windows-TaskScheduler",
                       "LogName":  "Microsoft-Windows-TaskScheduler/Operational",
                       "Level":  "Error",
                       "Message":  "Task Scheduler failed to launch action \"%systemroot%\\system32\\MusNotification.exe\" in instance \"{ed4d3259-3b83-4e7b-84e7-e5a62314be02}\" of task \"\\Microsoft\\Windows\\UpdateOrchestrator\\USO_UxBroker\". Additional Data: Error Value: 2147942402.",
                       "Id":  203,
                       "ErrorCode":  {

                                     },
                       "UpdateTitle":  null,
                       "EventRecordID":  129364
                   }
               ],
    "LastPoll":  "10/17 01:58"
}