{
    "Computer":  "HYPERVISOR",
    "Events":  [
                   {
                       "TimeCreated":  "\/Date(1758756245423)\/",
                       "Source":  "Microsoft-Windows-Security-SPP",
                       "LogName":  "Application",
                       "Level":  "Error",
                       "Message":  "License Activation (slui.exe) failed with the following error code:\r",
                       "Id":  8198,
                       "ErrorCode":  "0x8007232B",
                       "UpdateTitle":  null,
                       "EventRecordID":  25419
                   },
                   {
                       "TimeCreated":  "\/Date(1758754112562)\/",
                       "Source":  "Microsoft-Windows-TaskScheduler",
                       "LogName":  "Microsoft-Windows-TaskScheduler/Operational",
                       "Level":  "Error",
                       "Message":  "Task Scheduler failed to start instance \"{28bfaacf-7be7-4a27-998d-bbbc33d07fe8}\" of \"\\Microsoft\\Windows\\DeviceDirectoryClient\\RegisterDeviceProtectionStateChanged\"  task for user \"NT AUTHORITY\\SYSTEM\" . Additional Data: Error Value: 2147746132.",
                       "Id":  103,
                       "ErrorCode":  {

                                     },
                       "UpdateTitle":  null,
                       "EventRecordID":  62511
                   },
                   {
                       "TimeCreated":  "\/Date(1758754112562)\/",
                       "Source":  "Microsoft-Windows-TaskScheduler",
                       "LogName":  "Microsoft-Windows-TaskScheduler/Operational",
                       "Level":  "Error",
                       "Message":  "Task Scheduler failed to complete task \"\\Microsoft\\Windows\\DeviceDirectoryClient\\RegisterDeviceProtectionStateChanged\" , instance \"{28bfaacf-7be7-4a27-998d-bbbc33d07fe8}\" , action \"Device Directory Client Handler\" . Additional Data: Error Value: 2147746132.",
                       "Id":  202,
                       "ErrorCode":  {

                                     },
                       "UpdateTitle":  null,
                       "EventRecordID":  62510
                   },
                   {
                       "TimeCreated":  "\/Date(1758753605638)\/",
                       "Source":  "Microsoft-Windows-TPM-WMI",
                       "LogName":  "System",
                       "Level":  "Error",
                       "Message":  "The Secure Boot update failed to update a Secure Boot variable with error Secure Boot is not enabled on this machine.. For more information, please see https://go.microsoft.com/fwlink/?linkid=2169931",
                       "Id":  1796,
                       "ErrorCode":  {

                                     },
                       "UpdateTitle":  null,
                       "EventRecordID":  165284
                   },
                   {
                       "TimeCreated":  "\/Date(1758722595953)\/",
                       "Source":  "Microsoft-Windows-TaskScheduler",
                       "LogName":  "Microsoft-Windows-TaskScheduler/Operational",
                       "Level":  "Error",
                       "Message":  "Task Scheduler failed to start \"\\Microsoft\\Windows\\UpdateOrchestrator\\USO_UxBroker\" task for user \"NT AUTHORITY\\SYSTEM\". Additional Data: Error Value: 2147942402.",
                       "Id":  101,
                       "ErrorCode":  {

                                     },
                       "UpdateTitle":  null,
                       "EventRecordID":  61391
                   },
                   {
                       "TimeCreated":  "\/Date(1758722595952)\/",
                       "Source":  "Microsoft-Windows-TaskScheduler",
                       "LogName":  "Microsoft-Windows-TaskScheduler/Operational",
                       "Level":  "Error",
                       "Message":  "Task Scheduler failed to launch action \"%systemroot%\\system32\\MusNotification.exe\" in instance \"{c876c56f-719f-460f-a894-b136aca25c22}\" of task \"\\Microsoft\\Windows\\UpdateOrchestrator\\USO_UxBroker\". Additional Data: Error Value: 2147942402.",
                       "Id":  203,
                       "ErrorCode":  {

                                     },
                       "UpdateTitle":  null,
                       "EventRecordID":  61390
                   }
               ],
    "LastPoll":  "09/24 16:33"
}