{
    "Computer":  "HYPERVISOR",
    "Events":  [
                   {
                       "TimeCreated":  "\/Date(1760310156185)\/",
                       "Source":  "VSS",
                       "LogName":  "Application",
                       "Level":  "Error",
                       "Message":  "Volume Shadow Copy Service error: Unexpected error DeviceIoControl(\\\\?\\Volume{d8756fc3-228c-4e7e-a161-f1b6b29ef4cb} - 00000000000003C4,0x0053c008,000002AD9A77F350,0,000002AD9A786A50,4096,[0]).  hr = 0x80070299, The requested operation could not be completed due to a file system limitation\r",
                       "Id":  12289,
                       "ErrorCode":  "0x0053c008",
                       "UpdateTitle":  null,
                       "EventRecordID":  55660
                   },
                   {
                       "TimeCreated":  "\/Date(1760310156177)\/",
                       "Source":  "Volsnap",
                       "LogName":  "System",
                       "Level":  "Error",
                       "Message":  "The shadow copy of volume C: could not be created due to a failure in creating the necessary on disk structures.",
                       "Id":  28,
                       "ErrorCode":  "0x0001",
                       "UpdateTitle":  null,
                       "EventRecordID":  240664
                   },
                   {
                       "TimeCreated":  "\/Date(1760309312691)\/",
                       "Source":  "Microsoft-Windows-TaskScheduler",
                       "LogName":  "Microsoft-Windows-TaskScheduler/Operational",
                       "Level":  "Error",
                       "Message":  "Task Scheduler failed to start instance \"{f30c3333-25e4-4690-846b-841c410e4b6d}\" of \"\\Microsoft\\Windows\\DeviceDirectoryClient\\RegisterDeviceProtectionStateChanged\"  task for user \"NT AUTHORITY\\SYSTEM\" . Additional Data: Error Value: 2147746132.",
                       "Id":  103,
                       "ErrorCode":  {

                                     },
                       "UpdateTitle":  null,
                       "EventRecordID":  118233
                   },
                   {
                       "TimeCreated":  "\/Date(1760309312691)\/",
                       "Source":  "Microsoft-Windows-TaskScheduler",
                       "LogName":  "Microsoft-Windows-TaskScheduler/Operational",
                       "Level":  "Error",
                       "Message":  "Task Scheduler failed to complete task \"\\Microsoft\\Windows\\DeviceDirectoryClient\\RegisterDeviceProtectionStateChanged\" , instance \"{f30c3333-25e4-4690-846b-841c410e4b6d}\" , action \"Device Directory Client Handler\" . Additional Data: Error Value: 2147746132.",
                       "Id":  202,
                       "ErrorCode":  {

                                     },
                       "UpdateTitle":  null,
                       "EventRecordID":  118232
                   },
                   {
                       "TimeCreated":  "\/Date(1760308805596)\/",
                       "Source":  "Microsoft-Windows-TPM-WMI",
                       "LogName":  "System",
                       "Level":  "Error",
                       "Message":  "The Secure Boot update failed to update a Secure Boot variable with error Secure Boot is not enabled on this machine.. For more information, please see https://go.microsoft.com/fwlink/?linkid=2169931",
                       "Id":  1796,
                       "ErrorCode":  {

                                     },
                       "UpdateTitle":  null,
                       "EventRecordID":  240561
                   },
                   {
                       "TimeCreated":  "\/Date(1760248010061)\/",
                       "Source":  "Microsoft-Windows-TaskScheduler",
                       "LogName":  "Microsoft-Windows-TaskScheduler/Operational",
                       "Level":  "Error",
                       "Message":  "Task Scheduler failed to start \"\\Microsoft\\Windows\\UpdateOrchestrator\\USO_UxBroker\" task for user \"NT AUTHORITY\\SYSTEM\". Additional Data: Error Value: 2147942402.",
                       "Id":  101,
                       "ErrorCode":  {

                                     },
                       "UpdateTitle":  null,
                       "EventRecordID":  116081
                   },
                   {
                       "TimeCreated":  "\/Date(1760248010060)\/",
                       "Source":  "Microsoft-Windows-TaskScheduler",
                       "LogName":  "Microsoft-Windows-TaskScheduler/Operational",
                       "Level":  "Error",
                       "Message":  "Task Scheduler failed to launch action \"%systemroot%\\system32\\MusNotification.exe\" in instance \"{795b0a08-bbaa-40dd-919f-968c9003e1b8}\" of task \"\\Microsoft\\Windows\\UpdateOrchestrator\\USO_UxBroker\". Additional Data: Error Value: 2147942402.",
                       "Id":  203,
                       "ErrorCode":  {

                                     },
                       "UpdateTitle":  null,
                       "EventRecordID":  116080
                   },
                   {
                       "TimeCreated":  "\/Date(1760225045243)\/",
                       "Source":  "Microsoft-Windows-Security-SPP",
                       "LogName":  "Application",
                       "Level":  "Error",
                       "Message":  "License Activation (slui.exe) failed with the following error code:\r",
                       "Id":  8198,
                       "ErrorCode":  "0x8007232B",
                       "UpdateTitle":  null,
                       "EventRecordID":  53934
                   }
               ],
    "LastPoll":  "10/12 16:03"
}