{
    "Computer":  "HYPERVISOR",
    "Events":  [
                   {
                       "TimeCreated":  "\/Date(1761297875098)\/",
                       "Source":  "Microsoft-Windows-DistributedCOM",
                       "LogName":  "System",
                       "Level":  "Error",
                       "Message":  "The server {E579AB5F-1CC4-44B4-BED9-DE0991FF0623} did not register with DCOM within the required timeout.",
                       "Id":  10010,
                       "ErrorCode":  {

                                     },
                       "UpdateTitle":  null,
                       "EventRecordID":  298585
                   },
                   {
                       "TimeCreated":  "\/Date(1761297525923)\/",
                       "Source":  "Microsoft-Windows-WinREAgent",
                       "LogName":  "System",
                       "Level":  "Critical",
                       "Message":  "Windows Recovery Environment servicing failed.",
                       "Id":  4502,
                       "ErrorCode":  {

                                     },
                       "UpdateTitle":  null,
                       "EventRecordID":  298574
                   },
                   {
                       "TimeCreated":  "\/Date(1761297197372)\/",
                       "Source":  "VSS",
                       "LogName":  "Application",
                       "Level":  "Error",
                       "Message":  "Volume Shadow Copy Service error: Unexpected error DeviceIoControl(\\\\?\\GLOBALROOT\\Device\\HarddiskVolumeShadowCopy139 - 00000000000003D4,0x0053c198,000001CD70741950,0,000001CD70742A50,4096,[0]).  hr = 0x80070057, The parameter is incorrect.\r",
                       "Id":  12289,
                       "ErrorCode":  "0x0053c198",
                       "UpdateTitle":  null,
                       "EventRecordID":  74823
                   },
                   {
                       "TimeCreated":  "\/Date(1761274817234)\/",
                       "Source":  "Microsoft-Windows-TaskScheduler",
                       "LogName":  "Microsoft-Windows-TaskScheduler/Operational",
                       "Level":  "Error",
                       "Message":  "Task Scheduler failed to start \"\\Microsoft\\Windows\\UpdateOrchestrator\\USO_UxBroker\" task for user \"NT AUTHORITY\\SYSTEM\". Additional Data: Error Value: 2147942402.",
                       "Id":  101,
                       "ErrorCode":  {

                                     },
                       "UpdateTitle":  null,
                       "EventRecordID":  152906
                   },
                   {
                       "TimeCreated":  "\/Date(1761274817233)\/",
                       "Source":  "Microsoft-Windows-TaskScheduler",
                       "LogName":  "Microsoft-Windows-TaskScheduler/Operational",
                       "Level":  "Error",
                       "Message":  "Task Scheduler failed to launch action \"%systemroot%\\system32\\MusNotification.exe\" in instance \"{e728490b-b1c2-4587-8fda-d637306ffa2f}\" of task \"\\Microsoft\\Windows\\UpdateOrchestrator\\USO_UxBroker\". Additional Data: Error Value: 2147942402.",
                       "Id":  203,
                       "ErrorCode":  {

                                     },
                       "UpdateTitle":  null,
                       "EventRecordID":  152905
                   },
                   {
                       "TimeCreated":  "\/Date(1761262425972)\/",
                       "Source":  "Microsoft-Windows-TaskScheduler",
                       "LogName":  "Microsoft-Windows-TaskScheduler/Operational",
                       "Level":  "Error",
                       "Message":  "Task Scheduler failed to start instance \"{33bb4007-1117-4e48-84a1-ac29f52ab655}\" of \"\\Microsoft\\Windows\\DeviceDirectoryClient\\RegisterDeviceProtectionStateChanged\"  task for user \"NT AUTHORITY\\SYSTEM\" . Additional Data: Error Value: 2147746132.",
                       "Id":  103,
                       "ErrorCode":  {

                                     },
                       "UpdateTitle":  null,
                       "EventRecordID":  152502
                   },
                   {
                       "TimeCreated":  "\/Date(1761262425972)\/",
                       "Source":  "Microsoft-Windows-TaskScheduler",
                       "LogName":  "Microsoft-Windows-TaskScheduler/Operational",
                       "Level":  "Error",
                       "Message":  "Task Scheduler failed to complete task \"\\Microsoft\\Windows\\DeviceDirectoryClient\\RegisterDeviceProtectionStateChanged\" , instance \"{33bb4007-1117-4e48-84a1-ac29f52ab655}\" , action \"Device Directory Client Handler\" . Additional Data: Error Value: 2147746132.",
                       "Id":  202,
                       "ErrorCode":  {

                                     },
                       "UpdateTitle":  null,
                       "EventRecordID":  152501
                   },
                   {
                       "TimeCreated":  "\/Date(1761261821832)\/",
                       "Source":  "Microsoft-Windows-TPM-WMI",
                       "LogName":  "System",
                       "Level":  "Error",
                       "Message":  "The Secure Boot update failed to update a Secure Boot variable with error Secure Boot is not enabled on this machine.. For more information, please see https://go.microsoft.com/fwlink/?linkid=2169931",
                       "Id":  1796,
                       "ErrorCode":  {

                                     },
                       "UpdateTitle":  null,
                       "EventRecordID":  296998
                   },
                   {
                       "TimeCreated":  "\/Date(1761252817711)\/",
                       "Source":  "Microsoft-Windows-Security-SPP",
                       "LogName":  "Application",
                       "Level":  "Error",
                       "Message":  "Error occured during grace period 0x80070490 at No grace timer found.",
                       "Id":  16398,
                       "ErrorCode":  "0x80070490",
                       "UpdateTitle":  null,
                       "EventRecordID":  74265
                   },
                   {
                       "TimeCreated":  "\/Date(1761252812289)\/",
                       "Source":  "Microsoft-Windows-Security-SPP",
                       "LogName":  "Application",
                       "Level":  "Error",
                       "Message":  "License Activation (slui.exe) failed with the following error code:\r",
                       "Id":  8198,
                       "ErrorCode":  "0xC004E028",
                       "UpdateTitle":  null,
                       "EventRecordID":  74237
                   }
               ],
    "LastPoll":  "10/24 02:44"
}