{
    "Computer":  "HYPERVISOR",
    "Events":  [
                   {
                       "TimeCreated":  "\/Date(1757702618175)\/",
                       "Source":  "VSS",
                       "LogName":  "Application",
                       "Level":  "Error",
                       "Message":  "Volume Shadow Copy Service error: Unexpected error DeviceIoControl(\\\\?\\Volume{d8756fc3-228c-4e7e-a161-f1b6b29ef4cb} - 00000000000003AC,0x0053c008,000002AD9A759650,0,000002AD9A75A750,4096,[0]).  hr = 0x80070299, The requested operation could not be completed due to a file system limitation\r",
                       "Id":  12289,
                       "ErrorCode":  "0x0053c008",
                       "UpdateTitle":  null,
                       "EventRecordID":  7634
                   },
                   {
                       "TimeCreated":  "\/Date(1757702618171)\/",
                       "Source":  "Volsnap",
                       "LogName":  "System",
                       "Level":  "Error",
                       "Message":  "The shadow copy of volume C: could not be created due to a failure in creating the necessary on disk structures.",
                       "Id":  28,
                       "ErrorCode":  "0x0001",
                       "UpdateTitle":  null,
                       "EventRecordID":  105505
                   },
                   {
                       "TimeCreated":  "\/Date(1757673605697)\/",
                       "Source":  "Microsoft-Windows-TPM-WMI",
                       "LogName":  "System",
                       "Level":  "Error",
                       "Message":  "The Secure Boot update failed to update a Secure Boot variable with error Secure Boot is not enabled on this machine.. For more information, please see https://go.microsoft.com/fwlink/?linkid=2169931",
                       "Id":  1796,
                       "ErrorCode":  {

                                     },
                       "UpdateTitle":  null,
                       "EventRecordID":  103649
                   },
                   {
                       "TimeCreated":  "\/Date(1757635589319)\/",
                       "Source":  "Microsoft-Windows-TaskScheduler",
                       "LogName":  "Microsoft-Windows-TaskScheduler/Operational",
                       "Level":  "Error",
                       "Message":  "Task Scheduler failed to start instance \"{3ed50e78-9f53-4753-844d-f6ac6818c604}\" of \"\\Microsoft\\Windows\\DiskFootprint\\StorageSense\"  task for user \"NT AUTHORITY\\SYSTEM\" . Additional Data: Error Value: 2147746132.",
                       "Id":  103,
                       "ErrorCode":  {

                                     },
                       "UpdateTitle":  null,
                       "EventRecordID":  23699
                   },
                   {
                       "TimeCreated":  "\/Date(1757635589319)\/",
                       "Source":  "Microsoft-Windows-TaskScheduler",
                       "LogName":  "Microsoft-Windows-TaskScheduler/Operational",
                       "Level":  "Error",
                       "Message":  "Task Scheduler failed to complete task \"\\Microsoft\\Windows\\DiskFootprint\\StorageSense\" , instance \"{3ed50e78-9f53-4753-844d-f6ac6818c604}\" , action \"StorageUsage State Reporter Task Handler\" . Additional Data: Error Value: 2147746132.",
                       "Id":  202,
                       "ErrorCode":  {

                                     },
                       "UpdateTitle":  null,
                       "EventRecordID":  23698
                   },
                   {
                       "TimeCreated":  "\/Date(1757633044631)\/",
                       "Source":  "Microsoft-Windows-Security-SPP",
                       "LogName":  "Application",
                       "Level":  "Error",
                       "Message":  "License Activation (slui.exe) failed with the following error code:\r",
                       "Id":  8198,
                       "ErrorCode":  "0x8007232B",
                       "UpdateTitle":  null,
                       "EventRecordID":  7336
                   },
                   {
                       "TimeCreated":  "\/Date(1757632534097)\/",
                       "Source":  "Tcpip",
                       "LogName":  "System",
                       "Level":  "Error",
                       "Message":  "The system detected an address conflict for IP address 10.72.97.79 with the system having network hardware address 68-71-61-AD-91-C0. Network operations on this system may be disrupted as a result.",
                       "Id":  4199,
                       "ErrorCode":  {

                                     },
                       "UpdateTitle":  null,
                       "EventRecordID":  101118
                   }
               ],
    "LastPoll":  "09/12 12:53"
}