{
    "Computer":  "HYPERVISOR",
    "Events":  [
                   {
                       "TimeCreated":  "\/Date(1758494912862)\/",
                       "Source":  "Microsoft-Windows-TaskScheduler",
                       "LogName":  "Microsoft-Windows-TaskScheduler/Operational",
                       "Level":  "Error",
                       "Message":  "Task Scheduler failed to start instance \"{62f7202f-761a-4c40-acc8-64e2ee9ff77b}\" of \"\\Microsoft\\Windows\\DeviceDirectoryClient\\RegisterDeviceProtectionStateChanged\"  task for user \"NT AUTHORITY\\SYSTEM\" . Additional Data: Error Value: 2147746132.",
                       "Id":  103,
                       "ErrorCode":  {

                                     },
                       "UpdateTitle":  null,
                       "EventRecordID":  53084
                   },
                   {
                       "TimeCreated":  "\/Date(1758494912862)\/",
                       "Source":  "Microsoft-Windows-TaskScheduler",
                       "LogName":  "Microsoft-Windows-TaskScheduler/Operational",
                       "Level":  "Error",
                       "Message":  "Task Scheduler failed to complete task \"\\Microsoft\\Windows\\DeviceDirectoryClient\\RegisterDeviceProtectionStateChanged\" , instance \"{62f7202f-761a-4c40-acc8-64e2ee9ff77b}\" , action \"Device Directory Client Handler\" . Additional Data: Error Value: 2147746132.",
                       "Id":  202,
                       "ErrorCode":  {

                                     },
                       "UpdateTitle":  null,
                       "EventRecordID":  53083
                   },
                   {
                       "TimeCreated":  "\/Date(1758494405638)\/",
                       "Source":  "Microsoft-Windows-TPM-WMI",
                       "LogName":  "System",
                       "Level":  "Error",
                       "Message":  "The Secure Boot update failed to update a Secure Boot variable with error Secure Boot is not enabled on this machine.. For more information, please see https://go.microsoft.com/fwlink/?linkid=2169931",
                       "Id":  1796,
                       "ErrorCode":  {

                                     },
                       "UpdateTitle":  null,
                       "EventRecordID":  153717
                   },
                   {
                       "TimeCreated":  "\/Date(1758448624912)\/",
                       "Source":  "Microsoft-Windows-TaskScheduler",
                       "LogName":  "Microsoft-Windows-TaskScheduler/Operational",
                       "Level":  "Error",
                       "Message":  "Task Scheduler failed to start \"\\Microsoft\\Windows\\UpdateOrchestrator\\USO_UxBroker\" task for user \"NT AUTHORITY\\SYSTEM\". Additional Data: Error Value: 2147942402.",
                       "Id":  101,
                       "ErrorCode":  {

                                     },
                       "UpdateTitle":  null,
                       "EventRecordID":  51504
                   },
                   {
                       "TimeCreated":  "\/Date(1758448624910)\/",
                       "Source":  "Microsoft-Windows-TaskScheduler",
                       "LogName":  "Microsoft-Windows-TaskScheduler/Operational",
                       "Level":  "Error",
                       "Message":  "Task Scheduler failed to launch action \"%systemroot%\\system32\\MusNotification.exe\" in instance \"{916757d4-e31e-4887-bfac-bca94b3e5f56}\" of task \"\\Microsoft\\Windows\\UpdateOrchestrator\\USO_UxBroker\". Additional Data: Error Value: 2147942402.",
                       "Id":  203,
                       "ErrorCode":  {

                                     },
                       "UpdateTitle":  null,
                       "EventRecordID":  51503
                   },
                   {
                       "TimeCreated":  "\/Date(1758410645207)\/",
                       "Source":  "Microsoft-Windows-Security-SPP",
                       "LogName":  "Application",
                       "Level":  "Error",
                       "Message":  "License Activation (slui.exe) failed with the following error code:\r",
                       "Id":  8198,
                       "ErrorCode":  "0x8007232B",
                       "UpdateTitle":  null,
                       "EventRecordID":  18632
                   }
               ],
    "LastPoll":  "09/21 15:58"
}