{
    "Computer":  "RECOVERYHYPERV",
    "Events":  [
                   {
                       "TimeCreated":  "\/Date(1757527764843)\/",
                       "Source":  "Volsnap",
                       "LogName":  "System",
                       "Level":  "Error",
                       "Message":  "The shadow copies of volume F: were aborted because the shadow copy storage failed to grow.",
                       "Id":  35,
                       "ErrorCode":  "0x0005",
                       "UpdateTitle":  null,
                       "EventRecordID":  295756
                   },
                   {
                       "TimeCreated":  "\/Date(1757519439241)\/",
                       "Source":  "Microsoft-Windows-WindowsUpdateClient",
                       "LogName":  "Microsoft-Windows-WindowsUpdateClient/Operational",
                       "Level":  "Error",
                       "Message":  "Windows Update failed to check for updates with error 0x80244022.",
                       "Id":  25,
                       "ErrorCode":  "0x80244022",
                       "UpdateTitle":  null,
                       "EventRecordID":  11852
                   },
                   {
                       "TimeCreated":  "\/Date(1757478162036)\/",
                       "Source":  "Volsnap",
                       "LogName":  "System",
                       "Level":  "Error",
                       "Message":  "The shadow copies of volume F: were deleted because the shadow copy storage could not grow in time.  Consider reducing the IO load on the system or choose a shadow copy storage volume that is not being shadow copied.",
                       "Id":  25,
                       "ErrorCode":  "0x0005",
                       "UpdateTitle":  null,
                       "EventRecordID":  294221
                   }
               ],
    "LastPoll":  "09/10 12:05"
}