{
    "Computer":  "SANSERV2019",
    "Events":  [
                   {
                       "TimeCreated":  "\/Date(1759550394565)\/",
                       "Source":  "Microsoft-Windows-WindowsUpdateClient",
                       "LogName":  "Microsoft-Windows-WindowsUpdateClient/Operational",
                       "Level":  "Error",
                       "Message":  "Windows Update failed to check for updates with error 0x8024402F.",
                       "Id":  25,
                       "ErrorCode":  "0x8024402F",
                       "UpdateTitle":  null,
                       "EventRecordID":  79426
                   },
                   {
                       "TimeCreated":  "\/Date(1759540590441)\/",
                       "Source":  "VSS",
                       "LogName":  "Application",
                       "Level":  "Error",
                       "Message":  "Volume Shadow Copy Service error: Unexpected error DeviceIoControl(\\\\?\\GLOBALROOT\\Device\\HarddiskVolumeShadowCopy1126 - 0000000000000338,0x0053c198,0000018143328150,0,00000181433210E0,4096,[0]).  hr = 0x80070057, The parameter is incorrect.\r",
                       "Id":  12289,
                       "ErrorCode":  "0x0053c198",
                       "UpdateTitle":  null,
                       "EventRecordID":  227400
                   },
                   {
                       "TimeCreated":  "\/Date(1759504742839)\/",
                       "Source":  "Microsoft-Windows-Perflib",
                       "LogName":  "Application",
                       "Level":  "Error",
                       "Message":  "Windows cannot load the extensible counter DLL \"C:\\Windows\\system32\\ntdsperf.dll\" (Win32 error code The specified module could not be found.).",
                       "Id":  1023,
                       "ErrorCode":  {

                                     },
                       "UpdateTitle":  null,
                       "EventRecordID":  226988
                   },
                   {
                       "TimeCreated":  "\/Date(1759487130142)\/",
                       "Source":  "Sophos Management Communications System",
                       "LogName":  "Application",
                       "Level":  "Error",
                       "Message":  "The Sophos Management Communications System client service has received an HTTP status 504 from the server. This might indicate that action is necessary.",
                       "Id":  8001,
                       "ErrorCode":  {

                                     },
                       "UpdateTitle":  null,
                       "EventRecordID":  226835
                   }
               ],
    "LastPoll":  "10/03 21:04"
}