{
    "Computer":  "SANSERV2019",
    "Events":  [
                   {
                       "TimeCreated":  "\/Date(1758383461623)\/",
                       "Source":  "NETLOGON",
                       "LogName":  "System",
                       "Level":  "Error",
                       "Message":  "The session setup from computer \u0027FO-2\u0027 failed because the security database does not contain a trust account \u0027FO-2$\u0027 referenced by the specified computer.  \r",
                       "Id":  5723,
                       "ErrorCode":  {

                                     },
                       "UpdateTitle":  null,
                       "EventRecordID":  1003807
                   },
                   {
                       "TimeCreated":  "\/Date(1758381661956)\/",
                       "Source":  "Microsoft-Windows-Perflib",
                       "LogName":  "Application",
                       "Level":  "Error",
                       "Message":  "Windows cannot load the extensible counter DLL \"C:\\Windows\\system32\\ntdsperf.dll\" (Win32 error code The specified module could not be found.).",
                       "Id":  1023,
                       "ErrorCode":  {

                                     },
                       "UpdateTitle":  null,
                       "EventRecordID":  215402
                   },
                   {
                       "TimeCreated":  "\/Date(1758380911500)\/",
                       "Source":  "NETLOGON",
                       "LogName":  "System",
                       "Level":  "Error",
                       "Message":  "The session setup from the computer FO-2 failed to authenticate. The following error occurred: \r",
                       "Id":  5805,
                       "ErrorCode":  {

                                     },
                       "UpdateTitle":  null,
                       "EventRecordID":  1003724
                   },
                   {
                       "TimeCreated":  "\/Date(1758351963118)\/",
                       "Source":  "VSS",
                       "LogName":  "Application",
                       "Level":  "Error",
                       "Message":  "Volume Shadow Copy Service error: Unexpected error DeviceIoControl(\\\\?\\GLOBALROOT\\Device\\HarddiskVolumeShadowCopy662 - 0000000000000330,0x0053c198,000001E2A07B6130,0,000001E2A07B3100,4096,[0]).  hr = 0x80070057, The parameter is incorrect.\r",
                       "Id":  12289,
                       "ErrorCode":  "0x0053c198",
                       "UpdateTitle":  null,
                       "EventRecordID":  215109
                   },
                   {
                       "TimeCreated":  "\/Date(1758305474744)\/",
                       "Source":  "Microsoft-Windows-WindowsUpdateClient",
                       "LogName":  "Microsoft-Windows-WindowsUpdateClient/Operational",
                       "Level":  "Error",
                       "Message":  "Windows Update failed to check for updates with error 0x80240438.",
                       "Id":  25,
                       "ErrorCode":  "0x80240438",
                       "UpdateTitle":  null,
                       "EventRecordID":  69572
                   }
               ],
    "LastPoll":  "09/20 08:59"
}