{
    "Computer":  "SANSERV2019",
    "Events":  [
                   {
                       "TimeCreated":  "\/Date(1761665381365)\/",
                       "Source":  "Microsoft-Windows-Perflib",
                       "LogName":  "Application",
                       "Level":  "Error",
                       "Message":  "Windows cannot load the extensible counter DLL \"C:\\Windows\\system32\\ntdsperf.dll\" (Win32 error code The specified module could not be found.).",
                       "Id":  1023,
                       "ErrorCode":  {

                                     },
                       "UpdateTitle":  null,
                       "EventRecordID":  255362
                   },
                   {
                       "TimeCreated":  "\/Date(1761660485488)\/",
                       "Source":  "VSS",
                       "LogName":  "Application",
                       "Level":  "Error",
                       "Message":  "Volume Shadow Copy Service error: Unexpected error DeviceIoControl(\\\\?\\GLOBALROOT\\Device\\HarddiskVolumeShadowCopy1994 - 0000000000000380,0x0053c198,000001F7E87BF9A0,0,000001F7E87C09B0,4096,[0]).  hr = 0x80070057, The parameter is incorrect.\r",
                       "Id":  12289,
                       "ErrorCode":  "0x0053c198",
                       "UpdateTitle":  null,
                       "EventRecordID":  255315
                   },
                   {
                       "TimeCreated":  "\/Date(1761629310885)\/",
                       "Source":  "Microsoft-Windows-DHCP-Server",
                       "LogName":  "System",
                       "Level":  "Error",
                       "Message":  "The DHCP service encountered the following error when backing up the database: \r",
                       "Id":  1016,
                       "ErrorCode":  {

                                     },
                       "UpdateTitle":  null,
                       "EventRecordID":  1107635
                   },
                   {
                       "TimeCreated":  "\/Date(1761614901457)\/",
                       "Source":  "ESENT",
                       "LogName":  "Application",
                       "Level":  "Error",
                       "Message":  "svchost (3564,G,0) Shadow copy instance 410 aborted.",
                       "Id":  2007,
                       "ErrorCode":  {

                                     },
                       "UpdateTitle":  null,
                       "EventRecordID":  253441
                   },
                   {
                       "TimeCreated":  "\/Date(1761614901456)\/",
                       "Source":  "ESENT",
                       "LogName":  "Application",
                       "Level":  "Error",
                       "Message":  "svchost (3564,G,0) Shadow copy instance 410 encountered error -2403 on freeze.",
                       "Id":  2002,
                       "ErrorCode":  {

                                     },
                       "UpdateTitle":  null,
                       "EventRecordID":  253438
                   }
               ],
    "LastPoll":  "10/28 13:14"
}