{
    "Computer":  "SANSERV2019",
    "Events":  [
                   {
                       "TimeCreated":  "\/Date(1762529681408)\/",
                       "Source":  "Microsoft-Windows-Perflib",
                       "LogName":  "Application",
                       "Level":  "Error",
                       "Message":  "Windows cannot load the extensible counter DLL \"C:\\Windows\\system32\\ntdsperf.dll\" (Win32 error code The specified module could not be found.).",
                       "Id":  1023,
                       "ErrorCode":  {

                                     },
                       "UpdateTitle":  null,
                       "EventRecordID":  271810
                   },
                   {
                       "TimeCreated":  "\/Date(1762526125350)\/",
                       "Source":  "VSS",
                       "LogName":  "Application",
                       "Level":  "Error",
                       "Message":  "Volume Shadow Copy Service error: Unexpected error DeviceIoControl(\\\\?\\GLOBALROOT\\Device\\HarddiskVolumeShadowCopy2476 - 0000000000000324,0x0053c198,000001F5B90B4130,0,000001F5B9132CE0,4096,[0]).  hr = 0x80070057, The parameter is incorrect.\r",
                       "Id":  12289,
                       "ErrorCode":  "0x0053c198",
                       "UpdateTitle":  null,
                       "EventRecordID":  271735
                   },
                   {
                       "TimeCreated":  "\/Date(1762510790190)\/",
                       "Source":  "Microsoft-Windows-DHCP-Server",
                       "LogName":  "System",
                       "Level":  "Error",
                       "Message":  "The DHCP service encountered the following error when backing up the database: \r",
                       "Id":  1016,
                       "ErrorCode":  {

                                     },
                       "UpdateTitle":  null,
                       "EventRecordID":  1140180
                   },
                   {
                       "TimeCreated":  "\/Date(1762485567804)\/",
                       "Source":  "ESENT",
                       "LogName":  "Application",
                       "Level":  "Error",
                       "Message":  "svchost (3512,G,0) Shadow copy instance 354 aborted.",
                       "Id":  2007,
                       "ErrorCode":  {

                                     },
                       "UpdateTitle":  null,
                       "EventRecordID":  270173
                   },
                   {
                       "TimeCreated":  "\/Date(1762485567803)\/",
                       "Source":  "ESENT",
                       "LogName":  "Application",
                       "Level":  "Error",
                       "Message":  "svchost (3512,G,0) Shadow copy instance 354 encountered error -2403 on freeze.",
                       "Id":  2002,
                       "ErrorCode":  {

                                     },
                       "UpdateTitle":  null,
                       "EventRecordID":  270170
                   }
               ],
    "LastPoll":  "11/07 19:14"
}