{
    "Computer":  "SANSERV2019",
    "Events":  [
                   {
                       "TimeCreated":  "\/Date(1757813279007)\/",
                       "Source":  "NETLOGON",
                       "LogName":  "System",
                       "Level":  "Error",
                       "Message":  "The session setup from computer \u0027FO-2\u0027 failed because the security database does not contain a trust account \u0027FO-2$\u0027 referenced by the specified computer.  \r",
                       "Id":  5723,
                       "ErrorCode":  {

                                     },
                       "UpdateTitle":  null,
                       "EventRecordID":  986319
                   },
                   {
                       "TimeCreated":  "\/Date(1757813010967)\/",
                       "Source":  "NETLOGON",
                       "LogName":  "System",
                       "Level":  "Error",
                       "Message":  "The session setup from the computer FO-2 failed to authenticate. The following error occurred: \r",
                       "Id":  5805,
                       "ErrorCode":  {

                                     },
                       "UpdateTitle":  null,
                       "EventRecordID":  986306
                   },
                   {
                       "TimeCreated":  "\/Date(1757776719856)\/",
                       "Source":  "Microsoft-Windows-Perflib",
                       "LogName":  "Application",
                       "Level":  "Error",
                       "Message":  "Windows cannot load the extensible counter DLL \"C:\\Windows\\system32\\ntdsperf.dll\" (Win32 error code The specified module could not be found.).",
                       "Id":  1023,
                       "ErrorCode":  {

                                     },
                       "UpdateTitle":  null,
                       "EventRecordID":  209675
                   },
                   {
                       "TimeCreated":  "\/Date(1757740530254)\/",
                       "Source":  "VSS",
                       "LogName":  "Application",
                       "Level":  "Error",
                       "Message":  "Volume Shadow Copy Service error: Unexpected error DeviceIoControl(\\\\?\\GLOBALROOT\\Device\\HarddiskVolumeShadowCopy484 - 000000000000030C,0x0053c198,0000025C28AF00D0,0,0000025C28AF7140,4096,[0]).  hr = 0x80070057, The parameter is incorrect.\r",
                       "Id":  12289,
                       "ErrorCode":  "0x0053c198",
                       "UpdateTitle":  null,
                       "EventRecordID":  209326
                   }
               ],
    "LastPoll":  "09/13 19:34"
}