{
    "Computer":  "SANSERV2019",
    "Events":  [
                   {
                       "TimeCreated":  "\/Date(1757363471411)\/",
                       "Source":  "NETLOGON",
                       "LogName":  "System",
                       "Level":  "Error",
                       "Message":  "The session setup from computer \u0027FO-2\u0027 failed because the security database does not contain a trust account \u0027FO-2$\u0027 referenced by the specified computer.  \r",
                       "Id":  5723,
                       "ErrorCode":  {

                                     },
                       "UpdateTitle":  null,
                       "EventRecordID":  972123
                   },
                   {
                       "TimeCreated":  "\/Date(1757363231206)\/",
                       "Source":  "NETLOGON",
                       "LogName":  "System",
                       "Level":  "Error",
                       "Message":  "The session setup from the computer FO-2 failed to authenticate. The following error occurred: \r",
                       "Id":  5805,
                       "ErrorCode":  {

                                     },
                       "UpdateTitle":  null,
                       "EventRecordID":  972116
                   },
                   {
                       "TimeCreated":  "\/Date(1757344468665)\/",
                       "Source":  "Microsoft-Windows-Perflib",
                       "LogName":  "Application",
                       "Level":  "Error",
                       "Message":  "Windows cannot load the extensible counter DLL \"C:\\Windows\\system32\\ntdsperf.dll\" (Win32 error code The specified module could not be found.).",
                       "Id":  1023,
                       "ErrorCode":  {

                                     },
                       "UpdateTitle":  null,
                       "EventRecordID":  205799
                   },
                   {
                       "TimeCreated":  "\/Date(1757300674133)\/",
                       "Source":  "VSS",
                       "LogName":  "Application",
                       "Level":  "Error",
                       "Message":  "Volume Shadow Copy Service error: Unexpected error DeviceIoControl(\\\\?\\GLOBALROOT\\Device\\HarddiskVolumeShadowCopy596 - 000000000000032C,0x0053c198,000001DB60F000D0,0,000001DB60F07140,4096,[0]).  hr = 0x80070057, The parameter is incorrect.\r",
                       "Id":  12289,
                       "ErrorCode":  "0x0053c198",
                       "UpdateTitle":  null,
                       "EventRecordID":  205693
                   }
               ],
    "LastPoll":  "09/08 15:54"
}