{
    "Computer":  "SANSERV2019",
    "Events":  [
                   {
                       "TimeCreated":  "\/Date(1762224507864)\/",
                       "Source":  "VSS",
                       "LogName":  "Application",
                       "Level":  "Error",
                       "Message":  "Volume Shadow Copy Service error: Unexpected error DeviceIoControl(\\\\?\\GLOBALROOT\\Device\\HarddiskVolumeShadowCopy1937 - 0000000000000294,0x0053c198,000001F5B9086130,0,000001F5B9084110,4096,[0]).  hr = 0x80070057, The parameter is incorrect.\r",
                       "Id":  12289,
                       "ErrorCode":  "0x0053c198",
                       "UpdateTitle":  null,
                       "EventRecordID":  265312
                   },
                   {
                       "TimeCreated":  "\/Date(1762222539754)\/",
                       "Source":  "ESENT",
                       "LogName":  "Application",
                       "Level":  "Error",
                       "Message":  "svchost (3512,G,0) Shadow copy instance 221 aborted.",
                       "Id":  2007,
                       "ErrorCode":  {

                                     },
                       "UpdateTitle":  null,
                       "EventRecordID":  265118
                   },
                   {
                       "TimeCreated":  "\/Date(1762222539753)\/",
                       "Source":  "ESENT",
                       "LogName":  "Application",
                       "Level":  "Error",
                       "Message":  "svchost (3512,G,0) Shadow copy instance 221 encountered error -2403 on freeze.",
                       "Id":  2002,
                       "ErrorCode":  {

                                     },
                       "UpdateTitle":  null,
                       "EventRecordID":  265115
                   },
                   {
                       "TimeCreated":  "\/Date(1762183925169)\/",
                       "Source":  "Microsoft-Windows-Perflib",
                       "LogName":  "Application",
                       "Level":  "Error",
                       "Message":  "Windows cannot load the extensible counter DLL \"C:\\Windows\\system32\\ntdsperf.dll\" (Win32 error code The specified module could not be found.).",
                       "Id":  1023,
                       "ErrorCode":  {

                                     },
                       "UpdateTitle":  null,
                       "EventRecordID":  264690
                   }
               ],
    "LastPoll":  "11/03 18:51"
}