{
    "Computer":  "SANSERV2019",
    "Events":  [
                   {
                       "TimeCreated":  "\/Date(1760569824115)\/",
                       "Source":  "Sophos Management Communications System",
                       "LogName":  "Application",
                       "Level":  "Error",
                       "Message":  "The Sophos Management Communications System client service has received an HTTP status 504 from the server. This might indicate that action is necessary.",
                       "Id":  8001,
                       "ErrorCode":  {

                                     },
                       "UpdateTitle":  null,
                       "EventRecordID":  237671
                   },
                   {
                       "TimeCreated":  "\/Date(1760541836905)\/",
                       "Source":  "Microsoft-Windows-Perflib",
                       "LogName":  "Application",
                       "Level":  "Error",
                       "Message":  "Windows cannot load the extensible counter DLL \"C:\\Windows\\system32\\ntdsperf.dll\" (Win32 error code The specified module could not be found.).",
                       "Id":  1023,
                       "ErrorCode":  {

                                     },
                       "UpdateTitle":  null,
                       "EventRecordID":  237462
                   },
                   {
                       "TimeCreated":  "\/Date(1760516224323)\/",
                       "Source":  "Service Control Manager",
                       "LogName":  "System",
                       "Level":  "Error",
                       "Message":  "The Diagnostic Service Host service failed to start due to the following error: \r",
                       "Id":  7000,
                       "ErrorCode":  {

                                     },
                       "UpdateTitle":  null,
                       "EventRecordID":  1069916
                   },
                   {
                       "TimeCreated":  "\/Date(1760516223218)\/",
                       "Source":  "Application Error",
                       "LogName":  "Application",
                       "Level":  "Error",
                       "Message":  "Faulting application name: TiWorker.exe, version: 10.0.17763.7781, time stamp: 0x36fad0e6\r",
                       "Id":  1000,
                       "ErrorCode":  "0x36fad0e6",
                       "UpdateTitle":  null,
                       "EventRecordID":  237225
                   },
                   {
                       "TimeCreated":  "\/Date(1760504596959)\/",
                       "Source":  "VSS",
                       "LogName":  "Application",
                       "Level":  "Error",
                       "Message":  "Volume Shadow Copy Service error: Unexpected error DeviceIoControl(\\\\?\\GLOBALROOT\\Device\\HarddiskVolumeShadowCopy1495 - 00000000000002D4,0x0053c198,000001E1B4E87140,0,000001E1B4E88150,4096,[0]).  hr = 0x80070057, The parameter is incorrect.\r",
                       "Id":  12289,
                       "ErrorCode":  "0x0053c198",
                       "UpdateTitle":  null,
                       "EventRecordID":  237099
                   }
               ],
    "LastPoll":  "10/15 21:34"
}