{
    "Computer":  "SANSERV2019",
    "Events":  [
                   {
                       "TimeCreated":  "\/Date(1762409790403)\/",
                       "Source":  "VSS",
                       "LogName":  "Application",
                       "Level":  "Error",
                       "Message":  "Volume Shadow Copy Service error: Unexpected error DeviceIoControl(\\\\?\\GLOBALROOT\\Device\\HarddiskVolumeShadowCopy2186 - 000000000000039C,0x0053c198,000001F5B91274D0,0,000001F5B90B3120,4096,[0]).  hr = 0x80070057, The parameter is incorrect.\r",
                       "Id":  12289,
                       "ErrorCode":  "0x0053c198",
                       "UpdateTitle":  null,
                       "EventRecordID":  268465
                   },
                   {
                       "TimeCreated":  "\/Date(1762388834526)\/",
                       "Source":  "Application Error",
                       "LogName":  "Application",
                       "Level":  "Error",
                       "Message":  "Faulting application name: IBEX.exe, version: 6.18.0.20, time stamp: 0x65dda18e\r",
                       "Id":  1000,
                       "ErrorCode":  "0x65dda18e",
                       "UpdateTitle":  null,
                       "EventRecordID":  268130
                   },
                   {
                       "TimeCreated":  "\/Date(1762356929752)\/",
                       "Source":  "Microsoft-Windows-Perflib",
                       "LogName":  "Application",
                       "Level":  "Error",
                       "Message":  "Windows cannot load the extensible counter DLL \"C:\\Windows\\system32\\ntdsperf.dll\" (Win32 error code The specified module could not be found.).",
                       "Id":  1023,
                       "ErrorCode":  {

                                     },
                       "UpdateTitle":  null,
                       "EventRecordID":  267784
                   }
               ],
    "LastPoll":  "11/06 01:14"
}