{
    "Computer":  "SANSERV2019",
    "Events":  [
                   {
                       "TimeCreated":  "\/Date(1759317953273)\/",
                       "Source":  "NETLOGON",
                       "LogName":  "System",
                       "Level":  "Error",
                       "Message":  "The session setup from the computer FO-2 failed to authenticate. The following error occurred: \r",
                       "Id":  5805,
                       "ErrorCode":  {

                                     },
                       "UpdateTitle":  null,
                       "EventRecordID":  1032866
                   },
                   {
                       "TimeCreated":  "\/Date(1759317264926)\/",
                       "Source":  "NETLOGON",
                       "LogName":  "System",
                       "Level":  "Error",
                       "Message":  "The session setup from computer \u0027FO-2\u0027 failed because the security database does not contain a trust account \u0027FO-2$\u0027 referenced by the specified computer.  \r",
                       "Id":  5723,
                       "ErrorCode":  {

                                     },
                       "UpdateTitle":  null,
                       "EventRecordID":  1032842
                   },
                   {
                       "TimeCreated":  "\/Date(1759309318374)\/",
                       "Source":  "VSS",
                       "LogName":  "Application",
                       "Level":  "Error",
                       "Message":  "Volume Shadow Copy Service error: Unexpected error DeviceIoControl(\\\\?\\GLOBALROOT\\Device\\HarddiskVolumeShadowCopy1033 - 000000000000036C,0x0053c198,0000024A7FD38150,0,0000024A7FD36130,4096,[0]).  hr = 0x80070057, The parameter is incorrect.\r",
                       "Id":  12289,
                       "ErrorCode":  "0x0053c198",
                       "UpdateTitle":  null,
                       "EventRecordID":  224986
                   },
                   {
                       "TimeCreated":  "\/Date(1759245524417)\/",
                       "Source":  "Microsoft-Windows-Perflib",
                       "LogName":  "Application",
                       "Level":  "Error",
                       "Message":  "Windows cannot load the extensible counter DLL \"C:\\Windows\\system32\\ntdsperf.dll\" (Win32 error code The specified module could not be found.).",
                       "Id":  1023,
                       "ErrorCode":  {

                                     },
                       "UpdateTitle":  null,
                       "EventRecordID":  224280
                   }
               ],
    "LastPoll":  "10/01 05:54"
}