{
    "Computer":  "SANSERV2019",
    "Events":  [
                   {
                       "TimeCreated":  "\/Date(1762483553827)\/",
                       "Source":  "VSS",
                       "LogName":  "Application",
                       "Level":  "Error",
                       "Message":  "Volume Shadow Copy Service error: Unexpected error DeviceIoControl(\\\\?\\GLOBALROOT\\Device\\HarddiskVolumeShadowCopy2289 - 00000000000003F4,0x0053c198,000001F5B913ED30,0,000001F5B913ACF0,4096,[0]).  hr = 0x80070057, The parameter is incorrect.\r",
                       "Id":  12289,
                       "ErrorCode":  "0x0053c198",
                       "UpdateTitle":  null,
                       "EventRecordID":  269970
                   },
                   {
                       "TimeCreated":  "\/Date(1762481958554)\/",
                       "Source":  "ESENT",
                       "LogName":  "Application",
                       "Level":  "Error",
                       "Message":  "svchost (3512,G,0) Shadow copy instance 339 aborted.",
                       "Id":  2007,
                       "ErrorCode":  {

                                     },
                       "UpdateTitle":  null,
                       "EventRecordID":  269816
                   },
                   {
                       "TimeCreated":  "\/Date(1762481958552)\/",
                       "Source":  "ESENT",
                       "LogName":  "Application",
                       "Level":  "Error",
                       "Message":  "svchost (3512,G,0) Shadow copy instance 339 encountered error -2403 on freeze.",
                       "Id":  2002,
                       "ErrorCode":  {

                                     },
                       "UpdateTitle":  null,
                       "EventRecordID":  269813
                   },
                   {
                       "TimeCreated":  "\/Date(1762443235596)\/",
                       "Source":  "Microsoft-Windows-Perflib",
                       "LogName":  "Application",
                       "Level":  "Error",
                       "Message":  "Windows cannot load the extensible counter DLL \"C:\\Windows\\system32\\ntdsperf.dll\" (Win32 error code The specified module could not be found.).",
                       "Id":  1023,
                       "ErrorCode":  {

                                     },
                       "UpdateTitle":  null,
                       "EventRecordID":  269250
                   }
               ],
    "LastPoll":  "11/06 18:48"
}