{
    "Computer":  "SANSERV2019",
    "Events":  [
                   {
                       "TimeCreated":  "\/Date(1761493413636)\/",
                       "Source":  "VSS",
                       "LogName":  "Application",
                       "Level":  "Error",
                       "Message":  "Volume Shadow Copy Service error: Unexpected error DeviceIoControl(\\\\?\\GLOBALROOT\\Device\\HarddiskVolumeShadowCopy1660 - 00000000000003B4,0x0053c198,000001F7E8831090,0,000001F7E87C09B0,4096,[0]).  hr = 0x80070057, The parameter is incorrect.\r",
                       "Id":  12289,
                       "ErrorCode":  "0x0053c198",
                       "UpdateTitle":  null,
                       "EventRecordID":  251879
                   },
                   {
                       "TimeCreated":  "\/Date(1761492523881)\/",
                       "Source":  "Microsoft-Windows-Perflib",
                       "LogName":  "Application",
                       "Level":  "Error",
                       "Message":  "Windows cannot load the extensible counter DLL \"C:\\Windows\\system32\\ntdsperf.dll\" (Win32 error code The specified module could not be found.).",
                       "Id":  1023,
                       "ErrorCode":  {

                                     },
                       "UpdateTitle":  null,
                       "EventRecordID":  251813
                   },
                   {
                       "TimeCreated":  "\/Date(1761492418835)\/",
                       "Source":  "ESENT",
                       "LogName":  "Application",
                       "Level":  "Error",
                       "Message":  "svchost (3564,G,0) Shadow copy instance 371 aborted.",
                       "Id":  2007,
                       "ErrorCode":  {

                                     },
                       "UpdateTitle":  null,
                       "EventRecordID":  251798
                   },
                   {
                       "TimeCreated":  "\/Date(1761492418822)\/",
                       "Source":  "ESENT",
                       "LogName":  "Application",
                       "Level":  "Error",
                       "Message":  "svchost (3564,G,0) Shadow copy instance 371 encountered error -2403 on freeze.",
                       "Id":  2002,
                       "ErrorCode":  {

                                     },
                       "UpdateTitle":  null,
                       "EventRecordID":  251795
                   }
               ],
    "LastPoll":  "10/26 08:46"
}