{
    "Computer":  "SANSERV2019",
    "Events":  [
                   {
                       "TimeCreated":  "\/Date(1760801129635)\/",
                       "Source":  "Microsoft-Windows-Perflib",
                       "LogName":  "Application",
                       "Level":  "Error",
                       "Message":  "Windows cannot load the extensible counter DLL \"C:\\Windows\\system32\\ntdsperf.dll\" (Win32 error code The specified module could not be found.).",
                       "Id":  1023,
                       "ErrorCode":  {

                                     },
                       "UpdateTitle":  null,
                       "EventRecordID":  239602
                   },
                   {
                       "TimeCreated":  "\/Date(1760800089514)\/",
                       "Source":  "VSS",
                       "LogName":  "Application",
                       "Level":  "Error",
                       "Message":  "Volume Shadow Copy Service error: Unexpected error DeviceIoControl(\\\\?\\GLOBALROOT\\Device\\HarddiskVolumeShadowCopy561 - 000000000000037C,0x0053c198,000001F7E87B2130,0,000001F7E87B1120,4096,[0]).  hr = 0x80070057, The parameter is incorrect.\r",
                       "Id":  12289,
                       "ErrorCode":  "0x0053c198",
                       "UpdateTitle":  null,
                       "EventRecordID":  239577
                   },
                   {
                       "TimeCreated":  "\/Date(1760780622763)\/",
                       "Source":  "Microsoft-Windows-TaskScheduler",
                       "LogName":  "Microsoft-Windows-TaskScheduler/Operational",
                       "Level":  "Error",
                       "Message":  "Task Scheduler failed to start instance \"{4ebdad2a-2070-4a6f-8f48-eb25cb8fd152}\" of \"\\Microsoft\\Windows\\.NET Framework\\.NET Framework NGEN v4.0.30319\"  task for user \"NT AUTHORITY\\SYSTEM\" . Additional Data: Error Value: 2147946720.",
                       "Id":  103,
                       "ErrorCode":  {

                                     },
                       "UpdateTitle":  null,
                       "EventRecordID":  1146904
                   },
                   {
                       "TimeCreated":  "\/Date(1760780622763)\/",
                       "Source":  "Microsoft-Windows-TaskScheduler",
                       "LogName":  "Microsoft-Windows-TaskScheduler/Operational",
                       "Level":  "Error",
                       "Message":  "Task Scheduler failed to complete task \"\\Microsoft\\Windows\\.NET Framework\\.NET Framework NGEN v4.0.30319\" , instance \"{4ebdad2a-2070-4a6f-8f48-eb25cb8fd152}\" , action \"\" . Additional Data: Error Value: 2147946720.",
                       "Id":  202,
                       "ErrorCode":  {

                                     },
                       "UpdateTitle":  null,
                       "EventRecordID":  1146903
                   },
                   {
                       "TimeCreated":  "\/Date(1760779171265)\/",
                       "Source":  "Service Control Manager",
                       "LogName":  "System",
                       "Level":  "Error",
                       "Message":  "The Update Orchestrator Service service hung on starting.",
                       "Id":  7022,
                       "ErrorCode":  {

                                     },
                       "UpdateTitle":  null,
                       "EventRecordID":  1077687
                   },
                   {
                       "TimeCreated":  "\/Date(1760778833044)\/",
                       "Source":  "Service Control Manager",
                       "LogName":  "System",
                       "Level":  "Error",
                       "Message":  "The SplashtopRemoteService service failed to start due to the following error: \r",
                       "Id":  7000,
                       "ErrorCode":  {

                                     },
                       "UpdateTitle":  null,
                       "EventRecordID":  1077642
                   },
                   {
                       "TimeCreated":  "\/Date(1760778833028)\/",
                       "Source":  "Service Control Manager",
                       "LogName":  "System",
                       "Level":  "Error",
                       "Message":  "A timeout was reached (30000 milliseconds) while waiting for the SplashtopRemoteService service to connect.",
                       "Id":  7009,
                       "ErrorCode":  {

                                     },
                       "UpdateTitle":  null,
                       "EventRecordID":  1077640
                   },
                   {
                       "TimeCreated":  "\/Date(1760778817232)\/",
                       "Source":  "Microsoft-Windows-DHCP-Server",
                       "LogName":  "System",
                       "Level":  "Error",
                       "Message":  "The DHCP service failed to see a directory server for authorization.",
                       "Id":  1059,
                       "ErrorCode":  {

                                     },
                       "UpdateTitle":  null,
                       "EventRecordID":  1077627
                   },
                   {
                       "TimeCreated":  "\/Date(1760778803110)\/",
                       "Source":  "VSS",
                       "LogName":  "Application",
                       "Level":  "Error",
                       "Message":  "Volume Shadow Copy Service error: Unexpected error calling routine RegOpenKeyExW(-2147483646,SYSTEM\\CurrentControlSet\\Services\\VSS\\Diag,...).  hr = 0x80070005, Access is denied.\r",
                       "Id":  8193,
                       "ErrorCode":  "0x80070005",
                       "UpdateTitle":  null,
                       "EventRecordID":  239405
                   },
                   {
                       "TimeCreated":  "\/Date(1760778603859)\/",
                       "Source":  "Microsoft-Windows-Perflib",
                       "LogName":  "Application",
                       "Level":  "Error",
                       "Message":  "Access to performance data was denied to user \"SYSTEM\" (value from GetUserName() for the running thread) as attempted from module \"C:\\Program Files (x86)\\NinjaOne\\NinjaRMMAgent.exe\" (value from GetModuleFileName() for the binary that issued the query).",
                       "Id":  1000,
                       "ErrorCode":  {

                                     },
                       "UpdateTitle":  null,
                       "EventRecordID":  239401
                   }
               ],
    "LastPoll":  "10/19 00:09"
}