{
    "Computer":  "SANSERV2019",
    "Events":  [
                   {
                       "TimeCreated":  "\/Date(1757988617522)\/",
                       "Source":  "NETLOGON",
                       "LogName":  "System",
                       "Level":  "Error",
                       "Message":  "The session setup from computer \u0027FO-2\u0027 failed because the security database does not contain a trust account \u0027FO-2$\u0027 referenced by the specified computer.  \r",
                       "Id":  5723,
                       "ErrorCode":  {

                                     },
                       "UpdateTitle":  null,
                       "EventRecordID":  991730
                   },
                   {
                       "TimeCreated":  "\/Date(1757987611130)\/",
                       "Source":  "NETLOGON",
                       "LogName":  "System",
                       "Level":  "Error",
                       "Message":  "The session setup from the computer FO-2 failed to authenticate. The following error occurred: \r",
                       "Id":  5805,
                       "ErrorCode":  {

                                     },
                       "UpdateTitle":  null,
                       "EventRecordID":  991702
                   },
                   {
                       "TimeCreated":  "\/Date(1757984588886)\/",
                       "Source":  "VSS",
                       "LogName":  "Application",
                       "Level":  "Error",
                       "Message":  "Volume Shadow Copy Service error: Unexpected error DeviceIoControl(\\\\?\\GLOBALROOT\\Device\\HarddiskVolumeShadowCopy561 - 0000000000000368,0x0053c198,0000012B5CD80CE0,0,0000012B5CD87D50,4096,[0]).  hr = 0x80070057, The parameter is incorrect.\r",
                       "Id":  12289,
                       "ErrorCode":  "0x0053c198",
                       "UpdateTitle":  null,
                       "EventRecordID":  211694
                   },
                   {
                       "TimeCreated":  "\/Date(1757949424070)\/",
                       "Source":  "Microsoft-Windows-Perflib",
                       "LogName":  "Application",
                       "Level":  "Error",
                       "Message":  "Windows cannot load the extensible counter DLL \"C:\\Windows\\system32\\ntdsperf.dll\" (Win32 error code The specified module could not be found.).",
                       "Id":  1023,
                       "ErrorCode":  {

                                     },
                       "UpdateTitle":  null,
                       "EventRecordID":  211403
                   },
                   {
                       "TimeCreated":  "\/Date(1757940293913)\/",
                       "Source":  "Microsoft-Windows-WindowsUpdateClient",
                       "LogName":  "Microsoft-Windows-WindowsUpdateClient/Operational",
                       "Level":  "Error",
                       "Message":  "Windows Update failed to check for updates with error 0x80244022.",
                       "Id":  25,
                       "ErrorCode":  "0x80244022",
                       "UpdateTitle":  null,
                       "EventRecordID":  66660
                   }
               ],
    "LastPoll":  "09/15 21:50"
}