{
    "Computer":  "SANSERV2019",
    "Events":  [
                   {
                       "TimeCreated":  "\/Date(1760034915400)\/",
                       "Source":  "Microsoft-Windows-WindowsUpdateClient",
                       "LogName":  "Microsoft-Windows-WindowsUpdateClient/Operational",
                       "Level":  "Error",
                       "Message":  "Windows Update failed to check for updates with error 0x8024401C.",
                       "Id":  25,
                       "ErrorCode":  "0x8024401C",
                       "UpdateTitle":  null,
                       "EventRecordID":  83254
                   },
                   {
                       "TimeCreated":  "\/Date(1760023246995)\/",
                       "Source":  "Microsoft-Windows-Perflib",
                       "LogName":  "Application",
                       "Level":  "Error",
                       "Message":  "Windows cannot load the extensible counter DLL \"C:\\Windows\\system32\\ntdsperf.dll\" (Win32 error code The specified module could not be found.).",
                       "Id":  1023,
                       "ErrorCode":  {

                                     },
                       "UpdateTitle":  null,
                       "EventRecordID":  232649
                   },
                   {
                       "TimeCreated":  "\/Date(1759986093055)\/",
                       "Source":  "Microsoft-Windows-DHCP-Server",
                       "LogName":  "System",
                       "Level":  "Error",
                       "Message":  "The DHCP service encountered the following error while cleaning up the database: \r",
                       "Id":  1010,
                       "ErrorCode":  {

                                     },
                       "UpdateTitle":  null,
                       "EventRecordID":  1053628
                   },
                   {
                       "TimeCreated":  "\/Date(1759986092943)\/",
                       "Source":  "Microsoft-Windows-DHCP-Server",
                       "LogName":  "System",
                       "Level":  "Error",
                       "Message":  "The DHCP service encountered the following error when backing up the database: \r",
                       "Id":  1016,
                       "ErrorCode":  {

                                     },
                       "UpdateTitle":  null,
                       "EventRecordID":  1053627
                   }
               ],
    "LastPoll":  "10/09 21:30"
}