{
    "Computer":  "SERVER2008",
    "Events":  [
                   {
                       "TimeCreated":  "\/Date(1762391355000)\/",
                       "Source":  "Service Control Manager",
                       "LogName":  "System",
                       "Level":  "Error",
                       "Message":  "The Patterson Application Service service terminated unexpectedly.  It has done this 4 time(s).",
                       "Id":  7034,
                       "ErrorCode":  null,
                       "UpdateTitle":  null,
                       "EventRecordID":  5333195,
                       "UniqueKey":  "7034_Service Control Manager"
                   },
                   {
                       "TimeCreated":  "\/Date(1762319008000)\/",
                       "Source":  "Schannel",
                       "LogName":  "System",
                       "Level":  "Error",
                       "Message":  "A fatal error occurred while creating an SSL client credential. The internal error state is 10013.",
                       "Id":  36871,
                       "ErrorCode":  null,
                       "UpdateTitle":  null,
                       "EventRecordID":  5332178,
                       "UniqueKey":  "36871_Schannel"
                   },
                   {
                       "TimeCreated":  "\/Date(1762319008000)\/",
                       "Source":  "Schannel",
                       "LogName":  "System",
                       "Level":  "Error",
                       "Message":  "A fatal alert was received from the remote endpoint. The TLS protocol defined fatal alert code is 70.",
                       "Id":  36887,
                       "ErrorCode":  null,
                       "UpdateTitle":  null,
                       "EventRecordID":  5332177,
                       "UniqueKey":  "36887_Schannel"
                   },
                   {
                       "TimeCreated":  "\/Date(1762318997000)\/",
                       "Source":  "Schannel",
                       "LogName":  "System",
                       "Level":  "Error",
                       "Message":  "A fatal error occurred while creating an SSL client credential. The internal error state is 10013.",
                       "Id":  36871,
                       "ErrorCode":  null,
                       "UpdateTitle":  null,
                       "EventRecordID":  5332176,
                       "UniqueKey":  "36871_Schannel"
                   },
                   {
                       "TimeCreated":  "\/Date(1762318997000)\/",
                       "Source":  "Schannel",
                       "LogName":  "System",
                       "Level":  "Error",
                       "Message":  "A fatal alert was received from the remote endpoint. The TLS protocol defined fatal alert code is 70.",
                       "Id":  36887,
                       "ErrorCode":  null,
                       "UpdateTitle":  null,
                       "EventRecordID":  5332175,
                       "UniqueKey":  "36887_Schannel"
                   },
                   {
                       "TimeCreated":  "\/Date(1762318986000)\/",
                       "Source":  "Schannel",
                       "LogName":  "System",
                       "Level":  "Error",
                       "Message":  "A fatal error occurred while creating an SSL client credential. The internal error state is 10013.",
                       "Id":  36871,
                       "ErrorCode":  null,
                       "UpdateTitle":  null,
                       "EventRecordID":  5332174,
                       "UniqueKey":  "36871_Schannel"
                   },
                   {
                       "TimeCreated":  "\/Date(1762318986000)\/",
                       "Source":  "Schannel",
                       "LogName":  "System",
                       "Level":  "Error",
                       "Message":  "A fatal alert was received from the remote endpoint. The TLS protocol defined fatal alert code is 70.",
                       "Id":  36887,
                       "ErrorCode":  null,
                       "UpdateTitle":  null,
                       "EventRecordID":  5332173,
                       "UniqueKey":  "36887_Schannel"
                   },
                   {
                       "TimeCreated":  "\/Date(1762318976000)\/",
                       "Source":  "Schannel",
                       "LogName":  "System",
                       "Level":  "Error",
                       "Message":  "A fatal error occurred while creating an SSL client credential. The internal error state is 10013.",
                       "Id":  36871,
                       "ErrorCode":  null,
                       "UpdateTitle":  null,
                       "EventRecordID":  5332172,
                       "UniqueKey":  "36871_Schannel"
                   },
                   {
                       "TimeCreated":  "\/Date(1762318976000)\/",
                       "Source":  "Schannel",
                       "LogName":  "System",
                       "Level":  "Error",
                       "Message":  "A fatal alert was received from the remote endpoint. The TLS protocol defined fatal alert code is 70.",
                       "Id":  36887,
                       "ErrorCode":  null,
                       "UpdateTitle":  null,
                       "EventRecordID":  5332171,
                       "UniqueKey":  "36887_Schannel"
                   },
                   {
                       "TimeCreated":  "\/Date(1762318965000)\/",
                       "Source":  "Schannel",
                       "LogName":  "System",
                       "Level":  "Error",
                       "Message":  "A fatal error occurred while creating an SSL client credential. The internal error state is 10013.",
                       "Id":  36871,
                       "ErrorCode":  null,
                       "UpdateTitle":  null,
                       "EventRecordID":  5332170,
                       "UniqueKey":  "36871_Schannel"
                   }
               ],
    "LastPoll":  "11/05 20:44"
}