{
    "Computer":  "SERVER2019",
    "Events":  [
                   {
                       "TimeCreated":  "\/Date(1758264210521)\/",
                       "Source":  "LHWinService",
                       "LogName":  "Application",
                       "Level":  "Error",
                       "Message":  "  There may be a configuration problem: please check the logs.",
                       "Id":  100,
                       "ErrorCode":  {

                                     },
                       "UpdateTitle":  null,
                       "EventRecordID":  242179
                   },
                   {
                       "TimeCreated":  "\/Date(1758262217668)\/",
                       "Source":  "Service Control Manager",
                       "LogName":  "System",
                       "Level":  "Error",
                       "Message":  "The Service Control Manager tried to take a corrective action (Restart the service) after the unexpected termination of the NexHealth Synchronizer service, but this action failed with the following error: \r",
                       "Id":  7032,
                       "ErrorCode":  {

                                     },
                       "UpdateTitle":  null,
                       "EventRecordID":  2841749
                   },
                   {
                       "TimeCreated":  "\/Date(1758262157667)\/",
                       "Source":  "Service Control Manager",
                       "LogName":  "System",
                       "Level":  "Error",
                       "Message":  "The NexHealth Synchronizer service terminated unexpectedly.  It has done this 1 time(s).  The following corrective action will be taken in 60000 milliseconds: Restart the service.",
                       "Id":  7031,
                       "ErrorCode":  {

                                     },
                       "UpdateTitle":  null,
                       "EventRecordID":  2841746
                   },
                   {
                       "TimeCreated":  "\/Date(1758262155646)\/",
                       "Source":  "Microsoft-Windows-RestartManager",
                       "LogName":  "Application",
                       "Level":  "Error",
                       "Message":  "Application or service \u0027NexHealth Synchronizer\u0027 could not be shut down.",
                       "Id":  10006,
                       "ErrorCode":  {

                                     },
                       "UpdateTitle":  null,
                       "EventRecordID":  242149
                   },
                   {
                       "TimeCreated":  "\/Date(1758183040060)\/",
                       "Source":  "Microsoft-Windows-WindowsUpdateClient",
                       "LogName":  "System",
                       "Level":  "Error",
                       "Message":  "Installation Failure: Windows failed to install the following update with error 0x80073701: 2025-07 Cumulative Update for Windows Server 2019 (1809) for x64-based Systems (KB5062557).",
                       "Id":  20,
                       "ErrorCode":  "0x80073701",
                       "UpdateTitle":  "2025-07 Cumulative Update for Windows Server 2019 (1809) for x64-based Systems (KB5062557)",
                       "EventRecordID":  2838805
                   }
               ],
    "LastPoll":  "09/19 00:01"
}