{
    "Computer":  "SERVER2019",
    "Events":  [
                   {
                       "TimeCreated":  "\/Date(1759207410852)\/",
                       "Source":  "LHWinService",
                       "LogName":  "Application",
                       "Level":  "Error",
                       "Message":  "  There may be a configuration problem: please check the logs.",
                       "Id":  100,
                       "ErrorCode":  {

                                     },
                       "UpdateTitle":  null,
                       "EventRecordID":  250246
                   },
                   {
                       "TimeCreated":  "\/Date(1759205164049)\/",
                       "Source":  "VSS",
                       "LogName":  "Application",
                       "Level":  "Error",
                       "Message":  "Volume Shadow Copy Service error: Unexpected error querying for the IVssWriterCallback interface.  hr = 0x80070005, Access is denied.\r",
                       "Id":  8194,
                       "ErrorCode":  "0x80070005",
                       "UpdateTitle":  null,
                       "EventRecordID":  250223
                   },
                   {
                       "TimeCreated":  "\/Date(1759142704418)\/",
                       "Source":  "NexHealthSync",
                       "LogName":  "Application",
                       "Level":  "Error",
                       "Message":  "SetServiceStatus failed setting STOPPED status Error 6 - The handle is invalid.",
                       "Id":  242,
                       "ErrorCode":  {

                                     },
                       "UpdateTitle":  null,
                       "EventRecordID":  249686
                   },
                   {
                       "TimeCreated":  "\/Date(1759142704417)\/",
                       "Source":  "NexHealthSync",
                       "LogName":  "Application",
                       "Level":  "Error",
                       "Message":  "The instance\u0027s SvcRun() method failed \r",
                       "Id":  3,
                       "ErrorCode":  {

                                     },
                       "UpdateTitle":  null,
                       "EventRecordID":  249685
                   },
                   {
                       "TimeCreated":  "\/Date(1759133540916)\/",
                       "Source":  "Microsoft-Windows-WindowsUpdateClient",
                       "LogName":  "System",
                       "Level":  "Error",
                       "Message":  "Installation Failure: Windows failed to install the following update with error 0x80073701: 2025-09 Cumulative Update for Windows Server 2019 (1809) for x64-based Systems (KB5065428).",
                       "Id":  20,
                       "ErrorCode":  "0x80073701",
                       "UpdateTitle":  "2025-09 Cumulative Update for Windows Server 2019 (1809) for x64-based Systems (KB5065428)",
                       "EventRecordID":  2874069
                   }
               ],
    "LastPoll":  "09/29 21:46"
}