{
    "Computer":  "SERVER2016",
    "Events":  [
                   {
                       "TimeCreated":  "\/Date(1761169569000)\/",
                       "Source":  "Microsoft-Windows-WindowsUpdateClient",
                       "LogName":  "System",
                       "Level":  "Error",
                       "Message":  "Installation Failure: Windows failed to install the following update with error 0x800f0841: 2025-09 Cumulative Update for Windows Server 2016 for x64-based Systems (KB5065427).",
                       "Id":  20,
                       "ErrorCode":  null,
                       "UpdateTitle":  null,
                       "EventRecordID":  9118978,
                       "UniqueKey":  "20_Microsoft-Windows-WindowsUpdateClient"
                   },
                   {
                       "TimeCreated":  "\/Date(1761167282000)\/",
                       "Source":  "DCOM",
                       "LogName":  "System",
                       "Level":  "Error",
                       "Message":  "The description for Event ID \u002710016\u0027 in Source \u0027DCOM\u0027 cannot be found.  The local computer may not have the necessary registry information or message DLL files to display the message, or you may not have permission to access them.  The following information is part of the event:\u0027application-specific\u0027, \u0027Local\u0027, \u0027Activation\u0027, \u0027{8D8F4F83-3594-4F07-8369-FC3C3CAE4919}\u0027, \u0027{F72671A9-012C-4725-9D2F-2A4D32D65169}\u0027, \u0027NT AUTHORITY\u0027, \u0027SYSTEM\u0027, \u0027S-1-5-18\u0027, \u0027LocalHost (Using LRPC)\u0027, \u0027Unavailable\u0027, \u0027Unavailable\u0027",
                       "Id":  10016,
                       "ErrorCode":  null,
                       "UpdateTitle":  null,
                       "EventRecordID":  9118822,
                       "UniqueKey":  "10016_DCOM"
                   },
                   {
                       "TimeCreated":  "\/Date(1761167136000)\/",
                       "Source":  "Service Control Manager",
                       "LogName":  "System",
                       "Level":  "Error",
                       "Message":  "The Software Protection service failed to start due to the following error: \r",
                       "Id":  7000,
                       "ErrorCode":  null,
                       "UpdateTitle":  null,
                       "EventRecordID":  9118804,
                       "UniqueKey":  "7000_Service Control Manager"
                   },
                   {
                       "TimeCreated":  "\/Date(1761167136000)\/",
                       "Source":  "Service Control Manager",
                       "LogName":  "System",
                       "Level":  "Error",
                       "Message":  "A timeout was reached (30000 milliseconds) while waiting for the Software Protection service to connect.",
                       "Id":  7009,
                       "ErrorCode":  null,
                       "UpdateTitle":  null,
                       "EventRecordID":  9118803,
                       "UniqueKey":  "7009_Service Control Manager"
                   },
                   {
                       "TimeCreated":  "\/Date(1761166877000)\/",
                       "Source":  "Service Control Manager",
                       "LogName":  "System",
                       "Level":  "Error",
                       "Message":  "The ncstreamer service failed to start due to the following error: \r",
                       "Id":  7000,
                       "ErrorCode":  null,
                       "UpdateTitle":  null,
                       "EventRecordID":  9118768,
                       "UniqueKey":  "7000_Service Control Manager"
                   },
                   {
                       "TimeCreated":  "\/Date(1761166877000)\/",
                       "Source":  "Service Control Manager",
                       "LogName":  "System",
                       "Level":  "Error",
                       "Message":  "A timeout was reached (30000 milliseconds) while waiting for the ncstreamer service to connect.",
                       "Id":  7009,
                       "ErrorCode":  null,
                       "UpdateTitle":  null,
                       "EventRecordID":  9118767,
                       "UniqueKey":  "7009_Service Control Manager"
                   },
                   {
                       "TimeCreated":  "\/Date(1761166701000)\/",
                       "Source":  "DCOM",
                       "LogName":  "System",
                       "Level":  "Error",
                       "Message":  "The description for Event ID \u002710010\u0027 in Source \u0027DCOM\u0027 cannot be found.  The local computer may not have the necessary registry information or message DLL files to display the message, or you may not have permission to access them.  The following information is part of the event:\u0027{752073A1-23F2-4396-85F0-8FDB879ED0ED}\u0027",
                       "Id":  10010,
                       "ErrorCode":  null,
                       "UpdateTitle":  null,
                       "EventRecordID":  9118632,
                       "UniqueKey":  "10010_DCOM"
                   },
                   {
                       "TimeCreated":  "\/Date(1761166671000)\/",
                       "Source":  "Service Control Manager",
                       "LogName":  "System",
                       "Level":  "Error",
                       "Message":  "The Sentinel Agent service did not shut down properly after receiving a preshutdown control.",
                       "Id":  7043,
                       "ErrorCode":  null,
                       "UpdateTitle":  null,
                       "EventRecordID":  9118573,
                       "UniqueKey":  "7043_Service Control Manager"
                   },
                   {
                       "TimeCreated":  "\/Date(1761166519000)\/",
                       "Source":  "DCOM",
                       "LogName":  "System",
                       "Level":  "Error",
                       "Message":  "The description for Event ID \u002710029\u0027 in Source \u0027DCOM\u0027 cannot be found.  The local computer may not have the necessary registry information or message DLL files to display the message, or you may not have permission to access them.  The following information is part of the event:\u0027{752073A1-23F2-4396-85F0-8FDB879ED0ED}\u0027, \u0027TrustedInstaller\u0027",
                       "Id":  10029,
                       "ErrorCode":  null,
                       "UpdateTitle":  null,
                       "EventRecordID":  9118562,
                       "UniqueKey":  "10029_DCOM"
                   },
                   {
                       "TimeCreated":  "\/Date(1761166020000)\/",
                       "Source":  "Microsoft-Windows-TPM-WMI",
                       "LogName":  "System",
                       "Level":  "Error",
                       "Message":  "The Secure Boot update failed to update a Secure Boot variable with error -2147020471. For more information, please see https://go.microsoft.com/fwlink/?linkid=2169931",
                       "Id":  1796,
                       "ErrorCode":  null,
                       "UpdateTitle":  null,
                       "EventRecordID":  9118540,
                       "UniqueKey":  "1796_Microsoft-Windows-TPM-WMI"
                   }
               ],
    "LastPoll":  "10/23 13:03"
}