{
    "Computer":  "SERVER2008",
    "Events":  [
                   {
                       "TimeCreated":  "\/Date(1760984473000)\/",
                       "Source":  "Schannel",
                       "LogName":  "System",
                       "Level":  "Error",
                       "Message":  "A fatal alert was received from the remote endpoint. The TLS protocol defined fatal alert code is 70.",
                       "Id":  36887,
                       "ErrorCode":  null,
                       "UpdateTitle":  null,
                       "EventRecordID":  5313103,
                       "UniqueKey":  "36887_Schannel"
                   },
                   {
                       "TimeCreated":  "\/Date(1760984472000)\/",
                       "Source":  "Schannel",
                       "LogName":  "System",
                       "Level":  "Error",
                       "Message":  "A fatal alert was received from the remote endpoint. The TLS protocol defined fatal alert code is 70.",
                       "Id":  36887,
                       "ErrorCode":  null,
                       "UpdateTitle":  null,
                       "EventRecordID":  5313102,
                       "UniqueKey":  "36887_Schannel"
                   },
                   {
                       "TimeCreated":  "\/Date(1760974275000)\/",
                       "Source":  "Service Control Manager",
                       "LogName":  "System",
                       "Level":  "Error",
                       "Message":  "The Patterson Application Service service terminated unexpectedly.  It has done this 3 time(s).",
                       "Id":  7034,
                       "ErrorCode":  null,
                       "UpdateTitle":  null,
                       "EventRecordID":  5312952,
                       "UniqueKey":  "7034_Service Control Manager"
                   }
               ],
    "LastPoll":  "10/21 06:39"
}