{
    "Computer":  "SERVER2019",
    "Events":  [
                   {
                       "TimeCreated":  "\/Date(1760017416544)\/",
                       "Source":  "LHWinService",
                       "LogName":  "Application",
                       "Level":  "Error",
                       "Message":  "  There may be a configuration problem: please check the logs.",
                       "Id":  100,
                       "ErrorCode":  {

                                     },
                       "UpdateTitle":  null,
                       "EventRecordID":  257079
                   },
                   {
                       "TimeCreated":  "\/Date(1759997992717)\/",
                       "Source":  "Microsoft-Windows-WindowsUpdateClient",
                       "LogName":  "System",
                       "Level":  "Error",
                       "Message":  "Installation Failure: Windows failed to install the following update with error 0x80073701: 2025-09 Cumulative Update for Windows Server 2019 (1809) for x64-based Systems (KB5065428).",
                       "Id":  20,
                       "ErrorCode":  "0x80073701",
                       "UpdateTitle":  "2025-09 Cumulative Update for Windows Server 2019 (1809) for x64-based Systems (KB5065428)",
                       "EventRecordID":  2906024
                   },
                   {
                       "TimeCreated":  "\/Date(1759982916282)\/",
                       "Source":  "VSS",
                       "LogName":  "Application",
                       "Level":  "Error",
                       "Message":  "Volume Shadow Copy Service error: Unexpected error querying for the IVssWriterCallback interface.  hr = 0x80070005, Access is denied.\r",
                       "Id":  8194,
                       "ErrorCode":  "0x80070005",
                       "UpdateTitle":  null,
                       "EventRecordID":  256745
                   }
               ],
    "LastPoll":  "10/09 07:16"
}