{
    "Computer":  "SERVER53924",
    "Events":  [
                   {
                       "TimeCreated":  "\/Date(1760105327725)\/",
                       "Source":  "Microsoft-Windows-WindowsUpdateClient",
                       "LogName":  "Microsoft-Windows-WindowsUpdateClient/Operational",
                       "Level":  "Error",
                       "Message":  "Windows Update failed to check for updates with error 0x80244022.",
                       "Id":  25,
                       "ErrorCode":  "0x80244022",
                       "UpdateTitle":  null,
                       "EventRecordID":  51000
                   },
                   {
                       "TimeCreated":  "\/Date(1760092661019)\/",
                       "Source":  ".NET Runtime",
                       "LogName":  "Application",
                       "Level":  "Error",
                       "Message":  "Application: HSPS.eServices.PracticeDataSync.Legacy.exe",
                       "Id":  1026,
                       "ErrorCode":  {

                                     },
                       "UpdateTitle":  null,
                       "EventRecordID":  92112
                   },
                   {
                       "TimeCreated":  "\/Date(1760058720345)\/",
                       "Source":  "VSS",
                       "LogName":  "Application",
                       "Level":  "Error",
                       "Message":  "Volume Shadow Copy Service error: Unexpected error querying for the IVssWriterCallback interface.  hr = 0x80070005, Access is denied.\r",
                       "Id":  8194,
                       "ErrorCode":  "0x80070005",
                       "UpdateTitle":  null,
                       "EventRecordID":  91791
                   }
               ],
    "LastPoll":  "10/10 11:21"
}