{
    "Computer":  "SERVER2008",
    "Events":  [
                   {
                       "TimeCreated":  "\/Date(1757345261347)\/",
                       "Source":  "Service Control Manager",
                       "LogName":  "System",
                       "Level":  "Error",
                       "Message":  "The Patterson Application Service service terminated unexpectedly.  It has done this 1 time(s).",
                       "Id":  7034,
                       "ErrorCode":  {

                                     },
                       "UpdateTitle":  null,
                       "EventRecordID":  5258115
                   },
                   {
                       "TimeCreated":  "\/Date(1757345261000)\/",
                       "Source":  "Application Error",
                       "LogName":  "Application",
                       "Level":  "Error",
                       "Message":  "Faulting application name: PattersonAppServer.exe, version: 21.0.17.0, time stamp: 0x5d435600\r",
                       "Id":  1000,
                       "ErrorCode":  "0x5d435600",
                       "UpdateTitle":  null,
                       "EventRecordID":  775094
                   },
                   {
                       "TimeCreated":  "\/Date(1757345260000)\/",
                       "Source":  ".NET Runtime",
                       "LogName":  "Application",
                       "Level":  "Error",
                       "Message":  "Application: PattersonAppServer.exe",
                       "Id":  1026,
                       "ErrorCode":  {

                                     },
                       "UpdateTitle":  null,
                       "EventRecordID":  775093
                   },
                   {
                       "TimeCreated":  "\/Date(1757328006000)\/",
                       "Source":  "Microsoft-Windows-Perflib",
                       "LogName":  "Application",
                       "Level":  "Error",
                       "Message":  "The Open Procedure for service \"BITS\" in DLL \"C:\\Windows\\System32\\bitsperf.dll\" failed. Performance data for this service will not be available. The first four bytes (DWORD) of the Data section contains the error code.",
                       "Id":  1008,
                       "ErrorCode":  {

                                     },
                       "UpdateTitle":  null,
                       "EventRecordID":  775054
                   },
                   {
                       "TimeCreated":  "\/Date(1757323785000)\/",
                       "Source":  "Microsoft-Windows-Perflib",
                       "LogName":  "Application",
                       "Level":  "Error",
                       "Message":  "Windows cannot load the extensible counter DLL MSSQL$PDATA_SQLEXPRESS. The first four bytes (DWORD) of the Data section contains the Windows error code.",
                       "Id":  1023,
                       "ErrorCode":  {

                                     },
                       "UpdateTitle":  null,
                       "EventRecordID":  775041
                   },
                   {
                       "TimeCreated":  "\/Date(1757318544000)\/",
                       "Source":  "MsiInstaller",
                       "LogName":  "Application",
                       "Level":  "Error",
                       "Message":  "Product: Google Chrome -- Error 1721. There is a problem with this Windows Installer package. A program required for this install to complete could not be run. Contact your support personnel or package vendor. Action: DoInstall, location: C:\\Windows\\Installer\\MSI28D5.tmp, command: --silent --install=\"appguid={8A69D345-D564-463c-AFF1-A69D9E530F96}\u0026appname=Google Chrome\u0026needsAdmin=True\u0026brand=GCEA\u0026ap=x64-stable\" --installsource=enterprisemsi --appargs=\"appguid={8A69D345-D564-463c-AFF1-A69D9E530F96}\u0026installerdata=B%22distribution%22%3A%7B%22msi%22%3Atrue%2C%22system_level%22%3Atrue%2C%22verbose_logging%22%3Atrue%2C%22msi_product_id%22%3A%221EAC5BEF-F2F7-3772-8BF7-BB0BCAA52D45%22%2C%22allow_downgrade%22%3Afalse%7D%7D\" ",
                       "Id":  11721,
                       "ErrorCode":  {

                                     },
                       "UpdateTitle":  null,
                       "EventRecordID":  775011
                   },
                   {
                       "TimeCreated":  "\/Date(1757301821000)\/",
                       "Source":  "Microsoft-Windows-Search",
                       "LogName":  "Application",
                       "Level":  "Error",
                       "Message":  "The search service has detected corrupted data files in the index {id=4810 - enduser\\mssearch2\\search\\ytrip\\tripoli\\inverted\\decodinglayer.cpp (478)}. The service will attempt to automatically correct this problem by rebuilding the index.",
                       "Id":  7040,
                       "ErrorCode":  "0x8007000d",
                       "UpdateTitle":  null,
                       "EventRecordID":  774974
                   },
                   {
                       "TimeCreated":  "\/Date(1757301821000)\/",
                       "Source":  "Microsoft-Windows-Search",
                       "LogName":  "Application",
                       "Level":  "Error",
                       "Message":  "The Windows Search Service is being stopped because there is a problem with the indexer: The catalog is corrupt.",
                       "Id":  7042,
                       "ErrorCode":  "0xc0041801",
                       "UpdateTitle":  null,
                       "EventRecordID":  774975
                   }
               ],
    "LastPoll":  "09/08 10:26"
}