{
    "Computer":  "SERVER2019",
    "Events":  [
                   {
                       "TimeCreated":  "\/Date(1761731013346)\/",
                       "Source":  "LHWinService",
                       "LogName":  "Application",
                       "Level":  "Error",
                       "Message":  "  There may be a configuration problem: please check the logs.",
                       "Id":  100,
                       "ErrorCode":  {

                                     },
                       "UpdateTitle":  null,
                       "EventRecordID":  270774
                   },
                   {
                       "TimeCreated":  "\/Date(1761725953203)\/",
                       "Source":  "Microsoft-Windows-WindowsUpdateClient",
                       "LogName":  "System",
                       "Level":  "Error",
                       "Message":  "Installation Failure: Windows failed to install the following update with error 0x80073701: 2025-09 Cumulative Update for Windows Server 2019 (1809) for x64-based Systems (KB5065428).",
                       "Id":  20,
                       "ErrorCode":  "0x80073701",
                       "UpdateTitle":  "2025-09 Cumulative Update for Windows Server 2019 (1809) for x64-based Systems (KB5065428)",
                       "EventRecordID":  2970364
                   },
                   {
                       "TimeCreated":  "\/Date(1761710447945)\/",
                       "Source":  "Service Control Manager",
                       "LogName":  "System",
                       "Level":  "Error",
                       "Message":  "The Offsite Online Backup Service service failed to start due to the following error: \r",
                       "Id":  7000,
                       "ErrorCode":  {

                                     },
                       "UpdateTitle":  null,
                       "EventRecordID":  2969858
                   },
                   {
                       "TimeCreated":  "\/Date(1761647785760)\/",
                       "Source":  "Microsoft-Windows-DistributedCOM",
                       "LogName":  "System",
                       "Level":  "Error",
                       "Message":  "DCOM got error \"1068\" attempting to start the service netprofm with arguments \"Unavailable\" in order to run the server:\r",
                       "Id":  10005,
                       "ErrorCode":  {

                                     },
                       "UpdateTitle":  null,
                       "EventRecordID":  2967849
                   },
                   {
                       "TimeCreated":  "\/Date(1761647785736)\/",
                       "Source":  "Service Control Manager",
                       "LogName":  "System",
                       "Level":  "Error",
                       "Message":  "The Network List Service service depends on the Network Location Awareness service which failed to start because of the following error: \r",
                       "Id":  7001,
                       "ErrorCode":  {

                                     },
                       "UpdateTitle":  null,
                       "EventRecordID":  2967848
                   }
               ],
    "LastPoll":  "10/29 03:36"
}