{
    "Computer":  "SERVER2019",
    "Events":  [
                   {
                       "TimeCreated":  "\/Date(1762440213427)\/",
                       "Source":  "LHWinService",
                       "LogName":  "Application",
                       "Level":  "Error",
                       "Message":  "  There may be a configuration problem: please check the logs.",
                       "Id":  100,
                       "ErrorCode":  {

                                     },
                       "UpdateTitle":  null,
                       "EventRecordID":  277271
                   },
                   {
                       "TimeCreated":  "\/Date(1762428375359)\/",
                       "Source":  "NexHealthSync",
                       "LogName":  "Application",
                       "Level":  "Error",
                       "Message":  "SetServiceStatus failed setting STOPPED status Error 6 - The handle is invalid.",
                       "Id":  242,
                       "ErrorCode":  {

                                     },
                       "UpdateTitle":  null,
                       "EventRecordID":  277155
                   },
                   {
                       "TimeCreated":  "\/Date(1762428375358)\/",
                       "Source":  "NexHealthSync",
                       "LogName":  "Application",
                       "Level":  "Error",
                       "Message":  "The instance\u0027s SvcRun() method failed \r",
                       "Id":  3,
                       "ErrorCode":  {

                                     },
                       "UpdateTitle":  null,
                       "EventRecordID":  277154
                   },
                   {
                       "TimeCreated":  "\/Date(1762420912104)\/",
                       "Source":  "Microsoft-Windows-WindowsUpdateClient",
                       "LogName":  "System",
                       "Level":  "Error",
                       "Message":  "Installation Failure: Windows failed to install the following update with error 0x80073701: 2025-09 Cumulative Update for Windows Server 2019 (1809) for x64-based Systems (KB5065428).",
                       "Id":  20,
                       "ErrorCode":  "0x80073701",
                       "UpdateTitle":  "2025-09 Cumulative Update for Windows Server 2019 (1809) for x64-based Systems (KB5065428)",
                       "EventRecordID":  2996833
                   },
                   {
                       "TimeCreated":  "\/Date(1762405247667)\/",
                       "Source":  "Service Control Manager",
                       "LogName":  "System",
                       "Level":  "Error",
                       "Message":  "The Offsite Online Backup Service service failed to start due to the following error: \r",
                       "Id":  7000,
                       "ErrorCode":  {

                                     },
                       "UpdateTitle":  null,
                       "EventRecordID":  2996249
                   },
                   {
                       "TimeCreated":  "\/Date(1762371777435)\/",
                       "Source":  "Sophos Management Communications System",
                       "LogName":  "Application",
                       "Level":  "Error",
                       "Message":  "The Sophos Management Communications System client service has received an HTTP status 502 from the server. This might indicate that action is necessary.",
                       "Id":  8001,
                       "ErrorCode":  {

                                     },
                       "UpdateTitle":  null,
                       "EventRecordID":  276638
                   },
                   {
                       "TimeCreated":  "\/Date(1762367032269)\/",
                       "Source":  "Service Control Manager",
                       "LogName":  "System",
                       "Level":  "Error",
                       "Message":  "The Service Control Manager tried to take a corrective action (Restart the service) after the unexpected termination of the Sentinel Agent service, but this action failed with the following error: \r",
                       "Id":  7032,
                       "ErrorCode":  {

                                     },
                       "UpdateTitle":  null,
                       "EventRecordID":  2994806
                   },
                   {
                       "TimeCreated":  "\/Date(1762367012268)\/",
                       "Source":  "Service Control Manager",
                       "LogName":  "System",
                       "Level":  "Error",
                       "Message":  "The Sentinel Agent service terminated unexpectedly.  It has done this 1 time(s).  The following corrective action will be taken in 20000 milliseconds: Restart the service.",
                       "Id":  7031,
                       "ErrorCode":  {

                                     },
                       "UpdateTitle":  null,
                       "EventRecordID":  2994805
                   }
               ],
    "LastPoll":  "11/06 07:06"
}