{
    "Computer":  "SERVER2008",
    "Events":  [
                   {
                       "TimeCreated":  "\/Date(1762433666000)\/",
                       "Source":  "Service Control Manager",
                       "LogName":  "System",
                       "Level":  "Error",
                       "Message":  "The Interactive Services Detection service terminated with the following error: \r",
                       "Id":  7023,
                       "ErrorCode":  null,
                       "UpdateTitle":  null,
                       "EventRecordID":  5333830,
                       "UniqueKey":  "7023_Service Control Manager"
                   },
                   {
                       "TimeCreated":  "\/Date(1762405466000)\/",
                       "Source":  "Schannel",
                       "LogName":  "System",
                       "Level":  "Error",
                       "Message":  "A fatal error occurred while creating an SSL client credential. The internal error state is 10013.",
                       "Id":  36871,
                       "ErrorCode":  null,
                       "UpdateTitle":  null,
                       "EventRecordID":  5333427,
                       "UniqueKey":  "36871_Schannel"
                   },
                   {
                       "TimeCreated":  "\/Date(1762405466000)\/",
                       "Source":  "Schannel",
                       "LogName":  "System",
                       "Level":  "Error",
                       "Message":  "A fatal alert was received from the remote endpoint. The TLS protocol defined fatal alert code is 70.",
                       "Id":  36887,
                       "ErrorCode":  null,
                       "UpdateTitle":  null,
                       "EventRecordID":  5333426,
                       "UniqueKey":  "36887_Schannel"
                   },
                   {
                       "TimeCreated":  "\/Date(1762405455000)\/",
                       "Source":  "Schannel",
                       "LogName":  "System",
                       "Level":  "Error",
                       "Message":  "A fatal error occurred while creating an SSL client credential. The internal error state is 10013.",
                       "Id":  36871,
                       "ErrorCode":  null,
                       "UpdateTitle":  null,
                       "EventRecordID":  5333425,
                       "UniqueKey":  "36871_Schannel"
                   },
                   {
                       "TimeCreated":  "\/Date(1762405455000)\/",
                       "Source":  "Schannel",
                       "LogName":  "System",
                       "Level":  "Error",
                       "Message":  "A fatal alert was received from the remote endpoint. The TLS protocol defined fatal alert code is 70.",
                       "Id":  36887,
                       "ErrorCode":  null,
                       "UpdateTitle":  null,
                       "EventRecordID":  5333424,
                       "UniqueKey":  "36887_Schannel"
                   },
                   {
                       "TimeCreated":  "\/Date(1762405444000)\/",
                       "Source":  "Schannel",
                       "LogName":  "System",
                       "Level":  "Error",
                       "Message":  "A fatal error occurred while creating an SSL client credential. The internal error state is 10013.",
                       "Id":  36871,
                       "ErrorCode":  null,
                       "UpdateTitle":  null,
                       "EventRecordID":  5333423,
                       "UniqueKey":  "36871_Schannel"
                   },
                   {
                       "TimeCreated":  "\/Date(1762405444000)\/",
                       "Source":  "Schannel",
                       "LogName":  "System",
                       "Level":  "Error",
                       "Message":  "A fatal alert was received from the remote endpoint. The TLS protocol defined fatal alert code is 70.",
                       "Id":  36887,
                       "ErrorCode":  null,
                       "UpdateTitle":  null,
                       "EventRecordID":  5333422,
                       "UniqueKey":  "36887_Schannel"
                   },
                   {
                       "TimeCreated":  "\/Date(1762405434000)\/",
                       "Source":  "Schannel",
                       "LogName":  "System",
                       "Level":  "Error",
                       "Message":  "A fatal error occurred while creating an SSL client credential. The internal error state is 10013.",
                       "Id":  36871,
                       "ErrorCode":  null,
                       "UpdateTitle":  null,
                       "EventRecordID":  5333421,
                       "UniqueKey":  "36871_Schannel"
                   },
                   {
                       "TimeCreated":  "\/Date(1762405434000)\/",
                       "Source":  "Schannel",
                       "LogName":  "System",
                       "Level":  "Error",
                       "Message":  "A fatal alert was received from the remote endpoint. The TLS protocol defined fatal alert code is 70.",
                       "Id":  36887,
                       "ErrorCode":  null,
                       "UpdateTitle":  null,
                       "EventRecordID":  5333420,
                       "UniqueKey":  "36887_Schannel"
                   },
                   {
                       "TimeCreated":  "\/Date(1762405423000)\/",
                       "Source":  "Schannel",
                       "LogName":  "System",
                       "Level":  "Error",
                       "Message":  "A fatal error occurred while creating an SSL client credential. The internal error state is 10013.",
                       "Id":  36871,
                       "ErrorCode":  null,
                       "UpdateTitle":  null,
                       "EventRecordID":  5333419,
                       "UniqueKey":  "36871_Schannel"
                   }
               ],
    "LastPoll":  "11/06 15:29"
}