{
    "Computer":  "SERVER2019",
    "Events":  [
                   {
                       "TimeCreated":  "\/Date(1760087582969)\/",
                       "Source":  "Microsoft-Windows-WindowsUpdateClient",
                       "LogName":  "Microsoft-Windows-WindowsUpdateClient/Operational",
                       "Level":  "Error",
                       "Message":  "Windows Update failed to check for updates with error 0x80240438.",
                       "Id":  25,
                       "ErrorCode":  "0x80240438",
                       "UpdateTitle":  null,
                       "EventRecordID":  150780
                   },
                   {
                       "TimeCreated":  "\/Date(1760085819616)\/",
                       "Source":  "LHWinService",
                       "LogName":  "Application",
                       "Level":  "Error",
                       "Message":  "  There may be a configuration problem: please check the logs.",
                       "Id":  100,
                       "ErrorCode":  {

                                     },
                       "UpdateTitle":  null,
                       "EventRecordID":  257680
                   },
                   {
                       "TimeCreated":  "\/Date(1760084528989)\/",
                       "Source":  "Microsoft-Windows-WindowsUpdateClient",
                       "LogName":  "System",
                       "Level":  "Error",
                       "Message":  "Installation Failure: Windows failed to install the following update with error 0x80073701: 2025-09 Cumulative Update for Windows Server 2019 (1809) for x64-based Systems (KB5065428).",
                       "Id":  20,
                       "ErrorCode":  "0x80073701",
                       "UpdateTitle":  "2025-09 Cumulative Update for Windows Server 2019 (1809) for x64-based Systems (KB5065428)",
                       "EventRecordID":  2909294
                   },
                   {
                       "TimeCreated":  "\/Date(1760069244935)\/",
                       "Source":  "VSS",
                       "LogName":  "Application",
                       "Level":  "Error",
                       "Message":  "Volume Shadow Copy Service error: Unexpected error querying for the IVssWriterCallback interface.  hr = 0x80070005, Access is denied.\r",
                       "Id":  8194,
                       "ErrorCode":  "0x80070005",
                       "UpdateTitle":  null,
                       "EventRecordID":  257520
                   }
               ],
    "LastPoll":  "10/10 02:31"
}