{
    "Computer":  "SERVER53924",
    "Events":  [
                   {
                       "TimeCreated":  "\/Date(1761758393909)\/",
                       "Source":  "Microsoft-Windows-TPM-WMI",
                       "LogName":  "System",
                       "Level":  "Error",
                       "Message":  "Secure Boot CA/keys need to be updated. This device signature information is included here.\r",
                       "Id":  1801,
                       "ErrorCode":  {

                                     },
                       "UpdateTitle":  null,
                       "EventRecordID":  2157016
                   },
                   {
                       "TimeCreated":  "\/Date(1761758006325)\/",
                       "Source":  "Microsoft-Windows-Perflib",
                       "LogName":  "Application",
                       "Level":  "Error",
                       "Message":  "Access to performance data was denied to user \"SYSTEM\" (value from GetUserName() for the running thread) as attempted from module \"C:\\Program Files (x86)\\NinjaOne\\NinjaRMMAgent.exe\" (value from GetModuleFileName() for the binary that issued the query).",
                       "Id":  1000,
                       "ErrorCode":  {

                                     },
                       "UpdateTitle":  null,
                       "EventRecordID":  108962
                   },
                   {
                       "TimeCreated":  "\/Date(1761758002472)\/",
                       "Source":  "Service Control Manager",
                       "LogName":  "System",
                       "Level":  "Error",
                       "Message":  "The SentinelAgent service was unable to log on as NT AUTHORITY\\SYSTEM with the currently configured password due to the following error: \r",
                       "Id":  7038,
                       "ErrorCode":  {

                                     },
                       "UpdateTitle":  null,
                       "EventRecordID":  2156795
                   },
                   {
                       "TimeCreated":  "\/Date(1761758002472)\/",
                       "Source":  "Service Control Manager",
                       "LogName":  "System",
                       "Level":  "Error",
                       "Message":  "The Sentinel Agent service failed to start due to the following error: \r",
                       "Id":  7000,
                       "ErrorCode":  {

                                     },
                       "UpdateTitle":  null,
                       "EventRecordID":  2156796
                   },
                   {
                       "TimeCreated":  "\/Date(1761757994020)\/",
                       "Source":  "Application Error",
                       "LogName":  "Application",
                       "Level":  "Error",
                       "Message":  "Faulting application name: Dell.TechHub.Diagnostics.SubAgent.exe, version: 1.9.1.303, time stamp: 0x684a0000\r",
                       "Id":  1000,
                       "ErrorCode":  "0x684a0000",
                       "UpdateTitle":  null,
                       "EventRecordID":  108945
                   },
                   {
                       "TimeCreated":  "\/Date(1761757993702)\/",
                       "Source":  ".NET Runtime",
                       "LogName":  "Application",
                       "Level":  "Error",
                       "Message":  "Application: Dell.TechHub.Diagnostics.SubAgent.exe",
                       "Id":  1026,
                       "ErrorCode":  {

                                     },
                       "UpdateTitle":  null,
                       "EventRecordID":  108944
                   },
                   {
                       "TimeCreated":  "\/Date(1761757991295)\/",
                       "Source":  "Service Control Manager",
                       "LogName":  "System",
                       "Level":  "Error",
                       "Message":  "The DentrixACEServer service did not shut down properly after receiving a preshutdown control.",
                       "Id":  7043,
                       "ErrorCode":  {

                                     },
                       "UpdateTitle":  null,
                       "EventRecordID":  2156719
                   },
                   {
                       "TimeCreated":  "\/Date(1761757982453)\/",
                       "Source":  "Service Control Manager",
                       "LogName":  "System",
                       "Level":  "Error",
                       "Message":  "The Sentinel Agent service terminated unexpectedly.  It has done this 1 time(s).  The following corrective action will be taken in 20000 milliseconds: Restart the service.",
                       "Id":  7031,
                       "ErrorCode":  {

                                     },
                       "UpdateTitle":  null,
                       "EventRecordID":  2156718
                   }
               ],
    "LastPoll":  "10/29 17:36"
}