{
    "Computer":  "SERVER2019",
    "Events":  [
                   {
                       "TimeCreated":  "\/Date(1758800610752)\/",
                       "Source":  "LHWinService",
                       "LogName":  "Application",
                       "Level":  "Error",
                       "Message":  "  There may be a configuration problem: please check the logs.",
                       "Id":  100,
                       "ErrorCode":  {

                                     },
                       "UpdateTitle":  null,
                       "EventRecordID":  247145
                   },
                   {
                       "TimeCreated":  "\/Date(1758788161297)\/",
                       "Source":  "Microsoft-Windows-WindowsUpdateClient",
                       "LogName":  "System",
                       "Level":  "Error",
                       "Message":  "Installation Failure: Windows failed to install the following update with error 0x80073701: 2025-09 Cumulative Update for Windows Server 2019 (1809) for x64-based Systems (KB5065428).",
                       "Id":  20,
                       "ErrorCode":  "0x80073701",
                       "UpdateTitle":  "2025-09 Cumulative Update for Windows Server 2019 (1809) for x64-based Systems (KB5065428)",
                       "EventRecordID":  2861657
                   },
                   {
                       "TimeCreated":  "\/Date(1758774736498)\/",
                       "Source":  "Microsoft-Windows-WindowsUpdateClient",
                       "LogName":  "Microsoft-Windows-WindowsUpdateClient/Operational",
                       "Level":  "Error",
                       "Message":  "Windows Update failed to check for updates with error 0x80244022.",
                       "Id":  25,
                       "ErrorCode":  "0x80244022",
                       "UpdateTitle":  null,
                       "EventRecordID":  141509
                   },
                   {
                       "TimeCreated":  "\/Date(1758773509822)\/",
                       "Source":  "VSS",
                       "LogName":  "Application",
                       "Level":  "Error",
                       "Message":  "Volume Shadow Copy Service error: Unexpected error querying for the IVssWriterCallback interface.  hr = 0x80070005, Access is denied.\r",
                       "Id":  8194,
                       "ErrorCode":  "0x80070005",
                       "UpdateTitle":  null,
                       "EventRecordID":  246876
                   }
               ],
    "LastPoll":  "09/25 05:11"
}