{
    "Computer":  "SERVER2019",
    "Events":  [
                   {
                       "TimeCreated":  "\/Date(1758138210501)\/",
                       "Source":  "LHWinService",
                       "LogName":  "Application",
                       "Level":  "Error",
                       "Message":  "  There may be a configuration problem: please check the logs.",
                       "Id":  100,
                       "ErrorCode":  {

                                     },
                       "UpdateTitle":  null,
                       "EventRecordID":  241057
                   },
                   {
                       "TimeCreated":  "\/Date(1758111090117)\/",
                       "Source":  "Microsoft-Windows-WindowsUpdateClient",
                       "LogName":  "Microsoft-Windows-WindowsUpdateClient/Operational",
                       "Level":  "Error",
                       "Message":  "Windows Update failed to check for updates with error 0x80244022.",
                       "Id":  25,
                       "ErrorCode":  "0x80244022",
                       "UpdateTitle":  null,
                       "EventRecordID":  136260
                   },
                   {
                       "TimeCreated":  "\/Date(1758096803797)\/",
                       "Source":  "Microsoft-Windows-WindowsUpdateClient",
                       "LogName":  "System",
                       "Level":  "Error",
                       "Message":  "Installation Failure: Windows failed to install the following update with error 0x80073701: 2025-07 Cumulative Update for Windows Server 2019 (1809) for x64-based Systems (KB5062557).",
                       "Id":  20,
                       "ErrorCode":  "0x80073701",
                       "UpdateTitle":  "2025-07 Cumulative Update for Windows Server 2019 (1809) for x64-based Systems (KB5062557)",
                       "EventRecordID":  2835578
                   }
               ],
    "LastPoll":  "09/17 13:06"
}