{
    "Computer":  "SERVER2019",
    "Events":  [
                   {
                       "TimeCreated":  "\/Date(1760265816562)\/",
                       "Source":  "LHWinService",
                       "LogName":  "Application",
                       "Level":  "Error",
                       "Message":  "  There may be a configuration problem: please check the logs.",
                       "Id":  100,
                       "ErrorCode":  {

                                     },
                       "UpdateTitle":  null,
                       "EventRecordID":  259243
                   },
                   {
                       "TimeCreated":  "\/Date(1760241647913)\/",
                       "Source":  "Service Control Manager",
                       "LogName":  "System",
                       "Level":  "Error",
                       "Message":  "The Offsite Online Backup Service service failed to start due to the following error: \r",
                       "Id":  7000,
                       "ErrorCode":  {

                                     },
                       "UpdateTitle":  null,
                       "EventRecordID":  2915169
                   },
                   {
                       "TimeCreated":  "\/Date(1760216881582)\/",
                       "Source":  "NexHealthSync",
                       "LogName":  "Application",
                       "Level":  "Error",
                       "Message":  "SetServiceStatus failed setting STOPPED status Error 6 - The handle is invalid.",
                       "Id":  242,
                       "ErrorCode":  {

                                     },
                       "UpdateTitle":  null,
                       "EventRecordID":  258807
                   },
                   {
                       "TimeCreated":  "\/Date(1760216881582)\/",
                       "Source":  "NexHealthSync",
                       "LogName":  "Application",
                       "Level":  "Error",
                       "Message":  "The instance\u0027s SvcRun() method failed \r",
                       "Id":  3,
                       "ErrorCode":  {

                                     },
                       "UpdateTitle":  null,
                       "EventRecordID":  258806
                   }
               ],
    "LastPoll":  "10/12 04:16"
}