{
    "Computer":  "SERVER2019",
    "Events":  [
                   {
                       "TimeCreated":  "\/Date(1762368213399)\/",
                       "Source":  "LHWinService",
                       "LogName":  "Application",
                       "Level":  "Error",
                       "Message":  "  There may be a configuration problem: please check the logs.",
                       "Id":  100,
                       "ErrorCode":  {

                                     },
                       "UpdateTitle":  null,
                       "EventRecordID":  276609
                   },
                   {
                       "TimeCreated":  "\/Date(1762367032269)\/",
                       "Source":  "Service Control Manager",
                       "LogName":  "System",
                       "Level":  "Error",
                       "Message":  "The Service Control Manager tried to take a corrective action (Restart the service) after the unexpected termination of the Sentinel Agent service, but this action failed with the following error: \r",
                       "Id":  7032,
                       "ErrorCode":  {

                                     },
                       "UpdateTitle":  null,
                       "EventRecordID":  2994806
                   },
                   {
                       "TimeCreated":  "\/Date(1762367012268)\/",
                       "Source":  "Service Control Manager",
                       "LogName":  "System",
                       "Level":  "Error",
                       "Message":  "The Sentinel Agent service terminated unexpectedly.  It has done this 1 time(s).  The following corrective action will be taken in 20000 milliseconds: Restart the service.",
                       "Id":  7031,
                       "ErrorCode":  {

                                     },
                       "UpdateTitle":  null,
                       "EventRecordID":  2994805
                   },
                   {
                       "TimeCreated":  "\/Date(1762334409242)\/",
                       "Source":  "Microsoft-Windows-WindowsUpdateClient",
                       "LogName":  "System",
                       "Level":  "Error",
                       "Message":  "Installation Failure: Windows failed to install the following update with error 0x80073701: 2025-09 Cumulative Update for Windows Server 2019 (1809) for x64-based Systems (KB5065428).",
                       "Id":  20,
                       "ErrorCode":  "0x80073701",
                       "UpdateTitle":  "2025-09 Cumulative Update for Windows Server 2019 (1809) for x64-based Systems (KB5065428)",
                       "EventRecordID":  2993568
                   },
                   {
                       "TimeCreated":  "\/Date(1762318846794)\/",
                       "Source":  "Service Control Manager",
                       "LogName":  "System",
                       "Level":  "Error",
                       "Message":  "The Offsite Online Backup Service service failed to start due to the following error: \r",
                       "Id":  7000,
                       "ErrorCode":  {

                                     },
                       "UpdateTitle":  null,
                       "EventRecordID":  2992970
                   }
               ],
    "LastPoll":  "11/05 11:41"
}