{
    "Computer":  "SERVER2019",
    "Events":  [
                   {
                       "TimeCreated":  "\/Date(1757972610506)\/",
                       "Source":  "LHWinService",
                       "LogName":  "Application",
                       "Level":  "Error",
                       "Message":  "  There may be a configuration problem: please check the logs.",
                       "Id":  100,
                       "ErrorCode":  {

                                     },
                       "UpdateTitle":  null,
                       "EventRecordID":  239558
                   },
                   {
                       "TimeCreated":  "\/Date(1757954333446)\/",
                       "Source":  "VSS",
                       "LogName":  "Application",
                       "Level":  "Error",
                       "Message":  "Volume Shadow Copy Service error: Unexpected error querying for the IVssWriterCallback interface.  hr = 0x80070005, Access is denied.\r",
                       "Id":  8194,
                       "ErrorCode":  "0x80070005",
                       "UpdateTitle":  null,
                       "EventRecordID":  239408
                   },
                   {
                       "TimeCreated":  "\/Date(1757923834393)\/",
                       "Source":  "Microsoft-Windows-WindowsUpdateClient",
                       "LogName":  "System",
                       "Level":  "Error",
                       "Message":  "Installation Failure: Windows failed to install the following update with error 0x80073701: 2025-07 Cumulative Update for Windows Server 2019 (1809) for x64-based Systems (KB5062557).",
                       "Id":  20,
                       "ErrorCode":  "0x80073701",
                       "UpdateTitle":  "2025-07 Cumulative Update for Windows Server 2019 (1809) for x64-based Systems (KB5062557)",
                       "EventRecordID":  2829086
                   }
               ],
    "LastPoll":  "09/15 14:51"
}