{
    "Computer":  "SERVER53924",
    "Events":  [
                   {
                       "TimeCreated":  "\/Date(1759683839799)\/",
                       "Source":  "Service Control Manager",
                       "LogName":  "System",
                       "Level":  "Error",
                       "Message":  "The DSM iDRAC Service Module service did not shut down properly after receiving a preshutdown control.",
                       "Id":  7043,
                       "ErrorCode":  {

                                     },
                       "UpdateTitle":  null,
                       "EventRecordID":  1981523
                   },
                   {
                       "TimeCreated":  "\/Date(1759683828234)\/",
                       "Source":  "Microsoft-Windows-Eventlog",
                       "LogName":  "Security",
                       "Level":  "Error",
                       "Message":  "Audit events have been dropped by the transport.  0",
                       "Id":  1101,
                       "ErrorCode":  {

                                     },
                       "UpdateTitle":  null,
                       "EventRecordID":  7715758
                   },
                   {
                       "TimeCreated":  "\/Date(1759683826224)\/",
                       "Source":  "EventLog",
                       "LogName":  "System",
                       "Level":  "Error",
                       "Message":  "The previous system shutdown at 1:31:06 AM on ‎10/‎5/‎2025 was unexpected.",
                       "Id":  6008,
                       "ErrorCode":  {

                                     },
                       "UpdateTitle":  null,
                       "EventRecordID":  1981362
                   },
                   {
                       "TimeCreated":  "\/Date(1759683751787)\/",
                       "Source":  "Microsoft-Windows-Kernel-Power",
                       "LogName":  "System",
                       "Level":  "Critical",
                       "Message":  "The system has rebooted without cleanly shutting down first. This error could be caused if the system stopped responding, crashed, or lost power unexpectedly.",
                       "Id":  41,
                       "ErrorCode":  {

                                     },
                       "UpdateTitle":  null,
                       "EventRecordID":  1981376
                   },
                   {
                       "TimeCreated":  "\/Date(1759683747100)\/",
                       "Source":  "Volsnap",
                       "LogName":  "System",
                       "Level":  "Error",
                       "Message":  "The shadow copies of volume D: were aborted during detection.",
                       "Id":  29,
                       "ErrorCode":  "0x0001",
                       "UpdateTitle":  null,
                       "EventRecordID":  1981370
                   }
               ],
    "LastPoll":  "10/05 19:31"
}