{
    "Computer":  "SERVER53924",
    "Events":  [
                   {
                       "TimeCreated":  "\/Date(1760683021941)\/",
                       "Source":  "Microsoft-Windows-WindowsUpdateClient",
                       "LogName":  "Microsoft-Windows-WindowsUpdateClient/Operational",
                       "Level":  "Error",
                       "Message":  "Windows Update failed to check for updates with error 0x8024402C.",
                       "Id":  25,
                       "ErrorCode":  "0x8024402C",
                       "UpdateTitle":  null,
                       "EventRecordID":  55646
                   },
                   {
                       "TimeCreated":  "\/Date(1760644705088)\/",
                       "Source":  "Practice Data Sync",
                       "LogName":  "Application",
                       "Level":  "Error",
                       "Message":  "Service cannot be started. The handle is invalid",
                       "Id":  0,
                       "ErrorCode":  {

                                     },
                       "UpdateTitle":  null,
                       "EventRecordID":  98230
                   },
                   {
                       "TimeCreated":  "\/Date(1760634811852)\/",
                       "Source":  "Application Error",
                       "LogName":  "Application",
                       "Level":  "Error",
                       "Message":  "Faulting application name: SRE.exe, version: 7.5.0.5, time stamp: 0x68789d09\r",
                       "Id":  1000,
                       "ErrorCode":  "0x68789d09",
                       "UpdateTitle":  null,
                       "EventRecordID":  98032
                   }
               ],
    "LastPoll":  "10/17 05:26"
}