{
    "Computer":  "SERVER2019",
    "Events":  [
                   {
                       "TimeCreated":  "\/Date(1760705012938)\/",
                       "Source":  "LHWinService",
                       "LogName":  "Application",
                       "Level":  "Error",
                       "Message":  "  There may be a configuration problem: please check the logs.",
                       "Id":  100,
                       "ErrorCode":  {

                                     },
                       "UpdateTitle":  null,
                       "EventRecordID":  262472
                   },
                   {
                       "TimeCreated":  "\/Date(1760689168158)\/",
                       "Source":  "Microsoft-Windows-WindowsUpdateClient",
                       "LogName":  "System",
                       "Level":  "Error",
                       "Message":  "Installation Failure: Windows failed to install the following update with error 0x80073701: 2025-09 Cumulative Update for Windows Server 2019 (1809) for x64-based Systems (KB5065428).",
                       "Id":  20,
                       "ErrorCode":  "0x80073701",
                       "UpdateTitle":  "2025-09 Cumulative Update for Windows Server 2019 (1809) for x64-based Systems (KB5065428)",
                       "EventRecordID":  2931699
                   },
                   {
                       "TimeCreated":  "\/Date(1760673646080)\/",
                       "Source":  "Service Control Manager",
                       "LogName":  "System",
                       "Level":  "Error",
                       "Message":  "The Offsite Online Backup Service service failed to start due to the following error: \r",
                       "Id":  7000,
                       "ErrorCode":  {

                                     },
                       "UpdateTitle":  null,
                       "EventRecordID":  2931106
                   },
                   {
                       "TimeCreated":  "\/Date(1760660879305)\/",
                       "Source":  "Service Control Manager",
                       "LogName":  "System",
                       "Level":  "Error",
                       "Message":  "The Service Control Manager tried to take a corrective action (Restart the service) after the unexpected termination of the Sentinel Agent service, but this action failed with the following error: \r",
                       "Id":  7032,
                       "ErrorCode":  {

                                     },
                       "UpdateTitle":  null,
                       "EventRecordID":  2930598
                   },
                   {
                       "TimeCreated":  "\/Date(1760660859304)\/",
                       "Source":  "Service Control Manager",
                       "LogName":  "System",
                       "Level":  "Error",
                       "Message":  "The Sentinel Agent service terminated unexpectedly.  It has done this 1 time(s).  The following corrective action will be taken in 20000 milliseconds: Restart the service.",
                       "Id":  7031,
                       "ErrorCode":  {

                                     },
                       "UpdateTitle":  null,
                       "EventRecordID":  2930597
                   },
                   {
                       "TimeCreated":  "\/Date(1760632642582)\/",
                       "Source":  "Sophos Management Communications System",
                       "LogName":  "Application",
                       "Level":  "Error",
                       "Message":  "The Sophos Management Communications System client service has received an HTTP status 504 from the server. This might indicate that action is necessary.",
                       "Id":  8001,
                       "ErrorCode":  {

                                     },
                       "UpdateTitle":  null,
                       "EventRecordID":  261801
                   }
               ],
    "LastPoll":  "10/17 06:01"
}