{
    "Computer":  "SERVER2019",
    "Events":  [
                   {
                       "TimeCreated":  "\/Date(1761647739992)\/",
                       "Source":  "NexHealthSync",
                       "LogName":  "Application",
                       "Level":  "Error",
                       "Message":  "SetServiceStatus failed setting STOPPED status Error 6 - The handle is invalid.",
                       "Id":  242,
                       "ErrorCode":  {

                                     },
                       "UpdateTitle":  null,
                       "EventRecordID":  270546
                   },
                   {
                       "TimeCreated":  "\/Date(1761647739991)\/",
                       "Source":  "NexHealthSync",
                       "LogName":  "Application",
                       "Level":  "Error",
                       "Message":  "The instance\u0027s SvcRun() method failed \r",
                       "Id":  3,
                       "ErrorCode":  {

                                     },
                       "UpdateTitle":  null,
                       "EventRecordID":  270545
                   },
                   {
                       "TimeCreated":  "\/Date(1761644613324)\/",
                       "Source":  "LHWinService",
                       "LogName":  "Application",
                       "Level":  "Error",
                       "Message":  "  There may be a configuration problem: please check the logs.",
                       "Id":  100,
                       "ErrorCode":  {

                                     },
                       "UpdateTitle":  null,
                       "EventRecordID":  270515
                   },
                   {
                       "TimeCreated":  "\/Date(1761639697181)\/",
                       "Source":  "Microsoft-Windows-WindowsUpdateClient",
                       "LogName":  "System",
                       "Level":  "Error",
                       "Message":  "Installation Failure: Windows failed to install the following update with error 0x80073701: 2025-09 Cumulative Update for Windows Server 2019 (1809) for x64-based Systems (KB5065428).",
                       "Id":  20,
                       "ErrorCode":  "0x80073701",
                       "UpdateTitle":  "2025-09 Cumulative Update for Windows Server 2019 (1809) for x64-based Systems (KB5065428)",
                       "EventRecordID":  2967527
                   },
                   {
                       "TimeCreated":  "\/Date(1761624047513)\/",
                       "Source":  "Service Control Manager",
                       "LogName":  "System",
                       "Level":  "Error",
                       "Message":  "The Offsite Online Backup Service service failed to start due to the following error: \r",
                       "Id":  7000,
                       "ErrorCode":  {

                                     },
                       "UpdateTitle":  null,
                       "EventRecordID":  2967005
                   },
                   {
                       "TimeCreated":  "\/Date(1761604654422)\/",
                       "Source":  "Service Control Manager",
                       "LogName":  "System",
                       "Level":  "Error",
                       "Message":  "The Service Control Manager tried to take a corrective action (Restart the service) after the unexpected termination of the Practice Data Sync service, but this action failed with the following error: \r",
                       "Id":  7032,
                       "ErrorCode":  {

                                     },
                       "UpdateTitle":  null,
                       "EventRecordID":  2966365
                   },
                   {
                       "TimeCreated":  "\/Date(1761604594421)\/",
                       "Source":  "Service Control Manager",
                       "LogName":  "System",
                       "Level":  "Error",
                       "Message":  "The Practice Data Sync service terminated unexpectedly.  It has done this 1 time(s).  The following corrective action will be taken in 60000 milliseconds: Restart the service.",
                       "Id":  7031,
                       "ErrorCode":  {

                                     },
                       "UpdateTitle":  null,
                       "EventRecordID":  2966356
                   },
                   {
                       "TimeCreated":  "\/Date(1761573820035)\/",
                       "Source":  "Sophos Management Communications System",
                       "LogName":  "Application",
                       "Level":  "Error",
                       "Message":  "The Sophos Management Communications System client service has received an HTTP status 504 from the server. This might indicate that action is necessary.",
                       "Id":  8001,
                       "ErrorCode":  {

                                     },
                       "UpdateTitle":  null,
                       "EventRecordID":  270283
                   }
               ],
    "LastPoll":  "10/28 03:36"
}