{
    "Computer":  "SERVER2019",
    "Events":  [
                   {
                       "TimeCreated":  "\/Date(1761983013416)\/",
                       "Source":  "LHWinService",
                       "LogName":  "Application",
                       "Level":  "Error",
                       "Message":  "  There may be a configuration problem: please check the logs.",
                       "Id":  100,
                       "ErrorCode":  {

                                     },
                       "UpdateTitle":  null,
                       "EventRecordID":  273042
                   },
                   {
                       "TimeCreated":  "\/Date(1761969646746)\/",
                       "Source":  "Service Control Manager",
                       "LogName":  "System",
                       "Level":  "Error",
                       "Message":  "The Offsite Online Backup Service service failed to start due to the following error: \r",
                       "Id":  7000,
                       "ErrorCode":  {

                                     },
                       "UpdateTitle":  null,
                       "EventRecordID":  2979621
                   },
                   {
                       "TimeCreated":  "\/Date(1761899710031)\/",
                       "Source":  "Sophos Management Communications System",
                       "LogName":  "Application",
                       "Level":  "Error",
                       "Message":  "The Sophos Management Communications System client service has received an HTTP status 504 from the server. This might indicate that action is necessary.",
                       "Id":  8001,
                       "ErrorCode":  {

                                     },
                       "UpdateTitle":  null,
                       "EventRecordID":  272292
                   }
               ],
    "LastPoll":  "11/01 01:26"
}