{
    "Computer":  "SERVER53924",
    "Events":  [
                   {
                       "TimeCreated":  "\/Date(1760778859172)\/",
                       "Source":  "Practice Data Sync",
                       "LogName":  "Application",
                       "Level":  "Error",
                       "Message":  "Service cannot be started. The handle is invalid",
                       "Id":  0,
                       "ErrorCode":  {

                                     },
                       "UpdateTitle":  null,
                       "EventRecordID":  99826
                   },
                   {
                       "TimeCreated":  "\/Date(1760778607962)\/",
                       "Source":  "Service Control Manager",
                       "LogName":  "System",
                       "Level":  "Error",
                       "Message":  "The Practice Data Sync service hung on starting.",
                       "Id":  7022,
                       "ErrorCode":  {

                                     },
                       "UpdateTitle":  null,
                       "EventRecordID":  2074483
                   },
                   {
                       "TimeCreated":  "\/Date(1760778529127)\/",
                       "Source":  "Microsoft-Windows-TPM-WMI",
                       "LogName":  "System",
                       "Level":  "Error",
                       "Message":  "Secure Boot CA/keys need to be updated. This device signature information is included here.\r",
                       "Id":  1801,
                       "ErrorCode":  {

                                     },
                       "UpdateTitle":  null,
                       "EventRecordID":  2074479
                   },
                   {
                       "TimeCreated":  "\/Date(1760778132678)\/",
                       "Source":  "VSS",
                       "LogName":  "Application",
                       "Level":  "Error",
                       "Message":  "Volume Shadow Copy Service error: Unexpected error calling routine CoCreateInstance.  hr = 0x8007045b, A system shutdown is in progress.\r",
                       "Id":  8193,
                       "ErrorCode":  "0x8007045b",
                       "UpdateTitle":  null,
                       "EventRecordID":  99717
                   },
                   {
                       "TimeCreated":  "\/Date(1760778132663)\/",
                       "Source":  "VSS",
                       "LogName":  "Application",
                       "Level":  "Error",
                       "Message":  "Volume Shadow Copy Service information: The COM Server with CLSID {4e14fba2-2e22-11d1-9964-00c04fbbb345} and name CEventSystem cannot be started. [0x8007045b, A system shutdown is in progress.\r",
                       "Id":  13,
                       "ErrorCode":  "0x8007045b",
                       "UpdateTitle":  null,
                       "EventRecordID":  99716
                   },
                   {
                       "TimeCreated":  "\/Date(1760778113284)\/",
                       "Source":  "Service Control Manager",
                       "LogName":  "System",
                       "Level":  "Error",
                       "Message":  "The DentrixACEServer service did not shut down properly after receiving a preshutdown control.",
                       "Id":  7043,
                       "ErrorCode":  {

                                     },
                       "UpdateTitle":  null,
                       "EventRecordID":  2074194
                   },
                   {
                       "TimeCreated":  "\/Date(1760777819774)\/",
                       "Source":  "Microsoft-Windows-WindowsUpdateClient",
                       "LogName":  "Microsoft-Windows-WindowsUpdateClient/Operational",
                       "Level":  "Error",
                       "Message":  "Windows Update failed to check for updates with error 0x8024402C.",
                       "Id":  25,
                       "ErrorCode":  "0x8024402C",
                       "UpdateTitle":  null,
                       "EventRecordID":  56404
                   }
               ],
    "LastPoll":  "10/18 22:41"
}