{
    "Computer":  "VSDC1",
    "Events":  [
                   {
                       "TimeCreated":  "\/Date(1759249431810)\/",
                       "Source":  "VSS",
                       "LogName":  "Application",
                       "Level":  "Error",
                       "Message":  "Volume Shadow Copy Service error: Error calling a routine on a Shadow Copy Provider {74600e39-7dc5-4567-a03b-f091d6c7b092}. Routine details BeginPrepareSnapshot({149ff4d6-7a47-4ce0-afe1-eb91894b83d7},{3ea5d3a9-9f80-4699-8581-5480019765b2},\\\\?\\Volume{c6def331-2795-4a00-bf35-64cc5b01fbec}\\) [hr = 0x8000ffff, Catastrophic failure\r",
                       "Id":  12293,
                       "ErrorCode":  "0x8000ffff",
                       "UpdateTitle":  null,
                       "EventRecordID":  75455
                   },
                   {
                       "TimeCreated":  "\/Date(1759246137711)\/",
                       "Source":  "Volsnap",
                       "LogName":  "System",
                       "Level":  "Error",
                       "Message":  "The shadow copies of volume \\\\?\\Volume{129199cc-9e12-11f0-ab86-00155d611102} were aborted during detection because a critical control file could not be opened.",
                       "Id":  27,
                       "ErrorCode":  "0x0001",
                       "UpdateTitle":  null,
                       "EventRecordID":  186536
                   },
                   {
                       "TimeCreated":  "\/Date(1759246103260)\/",
                       "Source":  "Volsnap",
                       "LogName":  "System",
                       "Level":  "Error",
                       "Message":  "The shadow copies of volume \\\\?\\Volume{129199c9-9e12-11f0-ab86-00155d611102} were aborted because the shadow copy storage volume was not present.",
                       "Id":  32,
                       "ErrorCode":  "0x0005",
                       "UpdateTitle":  null,
                       "EventRecordID":  186533
                   },
                   {
                       "TimeCreated":  "\/Date(1759211308435)\/",
                       "Source":  "Microsoft-Windows-Perflib",
                       "LogName":  "Application",
                       "Level":  "Error",
                       "Message":  "Windows cannot load the extensible counter DLL \"C:\\Windows\\System32\\iasperf.dll\" (Win32 error code The specified module could not be found.).",
                       "Id":  1023,
                       "ErrorCode":  {

                                     },
                       "UpdateTitle":  null,
                       "EventRecordID":  74912
                   }
               ],
    "LastPoll":  "09/30 11:47"
}