{
    "Computer":  "VSDC1",
    "Events":  [
                   {
                       "TimeCreated":  "\/Date(1756797033053)\/",
                       "Source":  "Microsoft-Windows-Directory-Services-SAM",
                       "LogName":  "System",
                       "Level":  "Error",
                       "Message":  "The SAM database was unable to lockout the account of byates due to a resource error, such as a hard disk write failure (the specific error code is in the error data) . Accounts are locked after a certain number of bad passwords are provided so please consider resetting the password of the account mentioned above.",
                       "Id":  12294,
                       "ErrorCode":  {

                                     },
                       "UpdateTitle":  null,
                       "EventRecordID":  137710
                   },
                   {
                       "TimeCreated":  "\/Date(1756774253619)\/",
                       "Source":  "Microsoft-Windows-Perflib",
                       "LogName":  "Application",
                       "Level":  "Error",
                       "Message":  "Windows cannot load the extensible counter DLL \"C:\\Windows\\System32\\iasperf.dll\" (Win32 error code The specified module could not be found.).",
                       "Id":  1023,
                       "ErrorCode":  {

                                     },
                       "UpdateTitle":  null,
                       "EventRecordID":  43576
                   },
                   {
                       "TimeCreated":  "\/Date(1756745853570)\/",
                       "Source":  "Microsoft-Windows-TaskScheduler",
                       "LogName":  "Microsoft-Windows-TaskScheduler/Operational",
                       "Level":  "Error",
                       "Message":  "Task Scheduler failed to start instance \"{03b4e7fe-a878-4836-9d27-3d042507510e}\" of \"\\Microsoft\\Windows\\LanguageComponentsInstaller\\Installation\"  task for user \"CHFRESNO\\wvang\" . Additional Data: Error Value: 2147942522.",
                       "Id":  103,
                       "ErrorCode":  {

                                     },
                       "UpdateTitle":  null,
                       "EventRecordID":  69016
                   },
                   {
                       "TimeCreated":  "\/Date(1756745853570)\/",
                       "Source":  "Microsoft-Windows-TaskScheduler",
                       "LogName":  "Microsoft-Windows-TaskScheduler/Operational",
                       "Level":  "Error",
                       "Message":  "Task Scheduler failed to complete task \"\\Microsoft\\Windows\\LanguageComponentsInstaller\\Installation\" , instance \"{03b4e7fe-a878-4836-9d27-3d042507510e}\" , action \"Language Components Installer\" . Additional Data: Error Value: 2147942522.",
                       "Id":  202,
                       "ErrorCode":  {

                                     },
                       "UpdateTitle":  null,
                       "EventRecordID":  69015
                   }
               ],
    "LastPoll":  "09/02 01:22"
}