{
    "Computer":  "VSDC1",
    "Events":  [
                   {
                       "TimeCreated":  "\/Date(1757703642406)\/",
                       "Source":  "NETLOGON",
                       "LogName":  "System",
                       "Level":  "Error",
                       "Message":  "The session setup from the computer WSNC38423 failed to authenticate. The following error occurred: \r",
                       "Id":  5805,
                       "ErrorCode":  {

                                     },
                       "UpdateTitle":  null,
                       "EventRecordID":  155552
                   },
                   {
                       "TimeCreated":  "\/Date(1757644643803)\/",
                       "Source":  "Microsoft-Windows-Perflib",
                       "LogName":  "Application",
                       "Level":  "Error",
                       "Message":  "Windows cannot load the extensible counter DLL \"C:\\Windows\\System32\\iasperf.dll\" (Win32 error code The specified module could not be found.).",
                       "Id":  1023,
                       "ErrorCode":  {

                                     },
                       "UpdateTitle":  null,
                       "EventRecordID":  54291
                   },
                   {
                       "TimeCreated":  "\/Date(1757624530281)\/",
                       "Source":  "Microsoft-Windows-DriverFrameworks-UserMode",
                       "LogName":  "System",
                       "Level":  "Critical",
                       "Message":  "The device NinjaRemote Virtual Display (location (unknown)) is offline due to a user-mode driver crash.  Windows will attempt to restart the device 5 more times.  Please contact the device manufacturer for more information about this problem.",
                       "Id":  10111,
                       "ErrorCode":  {

                                     },
                       "UpdateTitle":  null,
                       "EventRecordID":  153995
                   },
                   {
                       "TimeCreated":  "\/Date(1757624530269)\/",
                       "Source":  "Microsoft-Windows-DriverFrameworks-UserMode",
                       "LogName":  "System",
                       "Level":  "Critical",
                       "Message":  "A problem has occurred with one or more user-mode drivers and the hosting process has been terminated.  This may temporarily interrupt your ability to access the devices.",
                       "Id":  10110,
                       "ErrorCode":  {

                                     },
                       "UpdateTitle":  null,
                       "EventRecordID":  153994
                   }
               ],
    "LastPoll":  "09/12 12:27"
}