{
    "Computer":  "VSDC1",
    "Events":  [
                   {
                       "TimeCreated":  "\/Date(1761887140223)\/",
                       "Source":  "Volsnap",
                       "LogName":  "System",
                       "Level":  "Error",
                       "Message":  "The shadow copies of volume \\\\?\\Volume{a614945e-b616-11f0-ab8a-00155d611102} were aborted during detection because a critical control file could not be opened.",
                       "Id":  27,
                       "ErrorCode":  "0x0001",
                       "UpdateTitle":  null,
                       "EventRecordID":  244024
                   },
                   {
                       "TimeCreated":  "\/Date(1761882019200)\/",
                       "Source":  "Microsoft-Windows-Perflib",
                       "LogName":  "Application",
                       "Level":  "Error",
                       "Message":  "Windows cannot load the extensible counter DLL \"C:\\Windows\\system32\\ntdsperf.dll\" (Win32 error code The specified module could not be found.).",
                       "Id":  1023,
                       "ErrorCode":  {

                                     },
                       "UpdateTitle":  null,
                       "EventRecordID":  109007
                   },
                   {
                       "TimeCreated":  "\/Date(1761870282575)\/",
                       "Source":  "NETLOGON",
                       "LogName":  "System",
                       "Level":  "Error",
                       "Message":  "The session setup from the computer WSNC11323 failed to authenticate. The following error occurred: \r",
                       "Id":  5805,
                       "ErrorCode":  {

                                     },
                       "UpdateTitle":  null,
                       "EventRecordID":  243681
                   },
                   {
                       "TimeCreated":  "\/Date(1761852466236)\/",
                       "Source":  "Microsoft-Windows-WindowsUpdateClient",
                       "LogName":  "Microsoft-Windows-WindowsUpdateClient/Operational",
                       "Level":  "Error",
                       "Message":  "Windows Update failed to check for updates with error 0x80244022.",
                       "Id":  25,
                       "ErrorCode":  "0x80244022",
                       "UpdateTitle":  null,
                       "EventRecordID":  42552
                   },
                   {
                       "TimeCreated":  "\/Date(1761841299153)\/",
                       "Source":  "Microsoft-Windows-Kerberos-Key-Distribution-Center",
                       "LogName":  "System",
                       "Level":  "Error",
                       "Message":  "This event indicates an attempt was made to use smartcard logon, but the KDC is unable to use the PKINIT protocol because it is missing a suitable certificate.",
                       "Id":  19,
                       "ErrorCode":  null,
                       "UpdateTitle":  null,
                       "EventRecordID":  243125
                   }
               ],
    "LastPoll":  "10/30 22:32"
}