{
    "Computer":  "VSDC1",
    "Events":  [
                   {
                       "TimeCreated":  "\/Date(1760239375806)\/",
                       "Source":  "VSS",
                       "LogName":  "Application",
                       "Level":  "Error",
                       "Message":  "Volume Shadow Copy Service error: Error calling a routine on a Shadow Copy Provider {74600e39-7dc5-4567-a03b-f091d6c7b092}. Routine details BeginPrepareSnapshot({c6c1f35e-ac34-498a-b7e9-e8e8f8a1fdd4},{a877733b-3991-47f1-a325-3b4d873bca7d},\\\\?\\Volume{c6def331-2795-4a00-bf35-64cc5b01fbec}\\) [hr = 0x8000ffff, Catastrophic failure\r",
                       "Id":  12293,
                       "ErrorCode":  "0x8000ffff",
                       "UpdateTitle":  null,
                       "EventRecordID":  87993
                   },
                   {
                       "TimeCreated":  "\/Date(1760235287110)\/",
                       "Source":  "Microsoft-Windows-Perflib",
                       "LogName":  "Application",
                       "Level":  "Error",
                       "Message":  "Windows cannot load the extensible counter DLL \"C:\\Windows\\system32\\ntdsperf.dll\" (Win32 error code The specified module could not be found.).",
                       "Id":  1023,
                       "ErrorCode":  {

                                     },
                       "UpdateTitle":  null,
                       "EventRecordID":  87935
                   },
                   {
                       "TimeCreated":  "\/Date(1760209399255)\/",
                       "Source":  "Volsnap",
                       "LogName":  "System",
                       "Level":  "Error",
                       "Message":  "The shadow copies of volume \\\\?\\Volume{b7b0802f-a6d4-11f0-ab88-00155d611102} were aborted during detection because a critical control file could not be opened.",
                       "Id":  27,
                       "ErrorCode":  "0x0001",
                       "UpdateTitle":  null,
                       "EventRecordID":  208814
                   },
                   {
                       "TimeCreated":  "\/Date(1760202961159)\/",
                       "Source":  "Microsoft-Windows-Kerberos-Key-Distribution-Center",
                       "LogName":  "System",
                       "Level":  "Error",
                       "Message":  "This event indicates an attempt was made to use smartcard logon, but the KDC is unable to use the PKINIT protocol because it is missing a suitable certificate.",
                       "Id":  19,
                       "ErrorCode":  null,
                       "UpdateTitle":  null,
                       "EventRecordID":  208645
                   }
               ],
    "LastPoll":  "10/11 20:57"
}