{
    "Computer":  "VSDC1",
    "Events":  [
                   {
                       "TimeCreated":  "\/Date(1759649001869)\/",
                       "Source":  "VSS",
                       "LogName":  "Application",
                       "Level":  "Error",
                       "Message":  "Volume Shadow Copy Service error: Error calling a routine on a Shadow Copy Provider {74600e39-7dc5-4567-a03b-f091d6c7b092}. Routine details BeginPrepareSnapshot({89732dee-f5e0-40d5-9af2-702cf0cd4ca5},{5cf22378-3604-4490-88cf-ec9ccca7aa85},\\\\?\\Volume{c6def331-2795-4a00-bf35-64cc5b01fbec}\\) [hr = 0x8000ffff, Catastrophic failure\r",
                       "Id":  12293,
                       "ErrorCode":  "0x8000ffff",
                       "UpdateTitle":  null,
                       "EventRecordID":  80843
                   },
                   {
                       "TimeCreated":  "\/Date(1759646770519)\/",
                       "Source":  "Microsoft-Windows-Perflib",
                       "LogName":  "Application",
                       "Level":  "Error",
                       "Message":  "Windows cannot load the extensible counter DLL \"C:\\Windows\\System32\\iasperf.dll\" (Win32 error code The specified module could not be found.).",
                       "Id":  1023,
                       "ErrorCode":  {

                                     },
                       "UpdateTitle":  null,
                       "EventRecordID":  80806
                   },
                   {
                       "TimeCreated":  "\/Date(1759621612818)\/",
                       "Source":  "Volsnap",
                       "LogName":  "System",
                       "Level":  "Error",
                       "Message":  "The shadow copies of volume \\\\?\\Volume{6883f3de-a17a-11f0-ab87-00155d611102} were aborted during detection because a critical control file could not be opened.",
                       "Id":  27,
                       "ErrorCode":  "0x0001",
                       "UpdateTitle":  null,
                       "EventRecordID":  194416
                   },
                   {
                       "TimeCreated":  "\/Date(1759604742434)\/",
                       "Source":  "VSS",
                       "LogName":  "Application",
                       "Level":  "Error",
                       "Message":  "Volume Shadow Copy Service error: Unexpected error CreateFileW(\\\\?\\Volume{f3294ed6-a154-11f0-ab87-00155d611102},0x80000000,0x00000003,...).  hr = 0x80070037, The specified network resource or device is no longer available.\r",
                       "Id":  12289,
                       "ErrorCode":  "0x80000000",
                       "UpdateTitle":  null,
                       "EventRecordID":  80281
                   },
                   {
                       "TimeCreated":  "\/Date(1759566231583)\/",
                       "Source":  "Volsnap",
                       "LogName":  "System",
                       "Level":  "Error",
                       "Message":  "The shadow copies of volume \\\\?\\Volume{64d0d9ac-a0fb-11f0-ab87-00155d611102} were aborted because the shadow copy storage volume was not present.",
                       "Id":  32,
                       "ErrorCode":  "0x0005",
                       "UpdateTitle":  null,
                       "EventRecordID":  193302
                   }
               ],
    "LastPoll":  "10/05 00:47"
}