{
    "Computer":  "VSDC1",
    "Events":  [
                   {
                       "TimeCreated":  "\/Date(1761109631897)\/",
                       "Source":  "Volsnap",
                       "LogName":  "System",
                       "Level":  "Error",
                       "Message":  "The shadow copies of volume \\\\?\\Volume{d5bcf0c6-af04-11f0-ab89-00155d611102} were aborted during detection because a critical control file could not be opened.",
                       "Id":  27,
                       "ErrorCode":  "0x0001",
                       "UpdateTitle":  null,
                       "EventRecordID":  227855
                   },
                   {
                       "TimeCreated":  "\/Date(1761102397789)\/",
                       "Source":  "Microsoft-Windows-Perflib",
                       "LogName":  "Application",
                       "Level":  "Error",
                       "Message":  "Windows cannot load the extensible counter DLL \"C:\\Windows\\system32\\ntdsperf.dll\" (Win32 error code The specified module could not be found.).",
                       "Id":  1023,
                       "ErrorCode":  {

                                     },
                       "UpdateTitle":  null,
                       "EventRecordID":  98975
                   },
                   {
                       "TimeCreated":  "\/Date(1761094914664)\/",
                       "Source":  "VDS Basic Provider",
                       "LogName":  "System",
                       "Level":  "Error",
                       "Message":  "Unexpected failure. Error code: 2@01010016",
                       "Id":  1,
                       "ErrorCode":  "Error code: 2",
                       "UpdateTitle":  null,
                       "EventRecordID":  227561
                   }
               ],
    "LastPoll":  "10/22 01:32"
}