{
    "Computer":  "VSDC1",
    "Events":  [
                   {
                       "TimeCreated":  "\/Date(1759020336634)\/",
                       "Source":  "Microsoft-Windows-Perflib",
                       "LogName":  "Application",
                       "Level":  "Error",
                       "Message":  "Windows cannot load the extensible counter DLL \"C:\\Windows\\system32\\ntdsperf.dll\" (Win32 error code The specified module could not be found.).",
                       "Id":  1023,
                       "ErrorCode":  {

                                     },
                       "UpdateTitle":  null,
                       "EventRecordID":  72312
                   },
                   {
                       "TimeCreated":  "\/Date(1759015411808)\/",
                       "Source":  "VSS",
                       "LogName":  "Application",
                       "Level":  "Error",
                       "Message":  "Volume Shadow Copy Service error: Error calling a routine on a Shadow Copy Provider {74600e39-7dc5-4567-a03b-f091d6c7b092}. Routine details BeginPrepareSnapshot({29269e9c-3a7e-4d94-adea-8b469eba7956},{be6a869d-7bff-41e1-891d-5057c7c9fcca},\\\\?\\Volume{c6def331-2795-4a00-bf35-64cc5b01fbec}\\) [hr = 0x8000ffff, Catastrophic failure\r",
                       "Id":  12293,
                       "ErrorCode":  "0x8000ffff",
                       "UpdateTitle":  null,
                       "EventRecordID":  72241
                   },
                   {
                       "TimeCreated":  "\/Date(1759014197661)\/",
                       "Source":  "Volsnap",
                       "LogName":  "System",
                       "Level":  "Error",
                       "Message":  "The shadow copies of volume \\\\?\\Volume{0d4c1923-9bf5-11f0-ab86-00155d611102} were aborted during detection because a critical control file could not be opened.",
                       "Id":  27,
                       "ErrorCode":  "0x0001",
                       "UpdateTitle":  null,
                       "EventRecordID":  181760
                   }
               ],
    "LastPoll":  "09/27 19:07"
}