{
    "Computer":  "VSDC1",
    "Events":  [
                   {
                       "TimeCreated":  "\/Date(1760081932784)\/",
                       "Source":  "Microsoft-Windows-Perflib",
                       "LogName":  "Application",
                       "Level":  "Error",
                       "Message":  "Windows cannot load the extensible counter DLL \"C:\\Windows\\System32\\iasperf.dll\" (Win32 error code The specified module could not be found.).",
                       "Id":  1023,
                       "ErrorCode":  {

                                     },
                       "UpdateTitle":  null,
                       "EventRecordID":  86167
                   },
                   {
                       "TimeCreated":  "\/Date(1760073814845)\/",
                       "Source":  "VSS",
                       "LogName":  "Application",
                       "Level":  "Error",
                       "Message":  "Volume Shadow Copy Service error: Error calling a routine on a Shadow Copy Provider {74600e39-7dc5-4567-a03b-f091d6c7b092}. Routine details BeginPrepareSnapshot({cdafdbb6-4c03-4d77-8e7f-4b8b33168047},{11f455ff-8896-4850-81ca-59f019011161},\\\\?\\Volume{c6def331-2795-4a00-bf35-64cc5b01fbec}\\) [hr = 0x8000ffff, Catastrophic failure\r",
                       "Id":  12293,
                       "ErrorCode":  "0x8000ffff",
                       "UpdateTitle":  null,
                       "EventRecordID":  86061
                   },
                   {
                       "TimeCreated":  "\/Date(1760072511268)\/",
                       "Source":  "Volsnap",
                       "LogName":  "System",
                       "Level":  "Error",
                       "Message":  "The shadow copies of volume \\\\?\\Volume{a32e6994-a595-11f0-ab88-00155d611102} were aborted during detection because a critical control file could not be opened.",
                       "Id":  27,
                       "ErrorCode":  "0x0001",
                       "UpdateTitle":  null,
                       "EventRecordID":  205321
                   },
                   {
                       "TimeCreated":  "\/Date(1760034242284)\/",
                       "Source":  "Microsoft-Windows-WindowsUpdateClient",
                       "LogName":  "Microsoft-Windows-WindowsUpdateClient/Operational",
                       "Level":  "Error",
                       "Message":  "Windows Update failed to check for updates with error 0x8024401C.",
                       "Id":  25,
                       "ErrorCode":  "0x8024401C",
                       "UpdateTitle":  null,
                       "EventRecordID":  30220
                   },
                   {
                       "TimeCreated":  "\/Date(1760016232747)\/",
                       "Source":  "Volsnap",
                       "LogName":  "System",
                       "Level":  "Error",
                       "Message":  "The shadow copies of volume \\\\?\\Volume{2c38b9a5-a513-11f0-ab88-00155d611102} were aborted because the shadow copy storage volume was not present.",
                       "Id":  32,
                       "ErrorCode":  "0x0005",
                       "UpdateTitle":  null,
                       "EventRecordID":  203916
                   }
               ],
    "LastPoll":  "10/10 00:52"
}