{
    "Computer":  "VSDC1",
    "Events":  [
                   {
                       "TimeCreated":  "\/Date(1760361797749)\/",
                       "Source":  "VSS",
                       "LogName":  "Application",
                       "Level":  "Error",
                       "Message":  "Volume Shadow Copy Service error: Error calling a routine on a Shadow Copy Provider {74600e39-7dc5-4567-a03b-f091d6c7b092}. Routine details BeginPrepareSnapshot({da6b9869-cc99-4700-848e-bfdc660a2e47},{9d7048a1-1f75-4da9-93c0-637a40b9179e},\\\\?\\Volume{c6def331-2795-4a00-bf35-64cc5b01fbec}\\) [hr = 0x8000ffff, Catastrophic failure\r",
                       "Id":  12293,
                       "ErrorCode":  "0x8000ffff",
                       "UpdateTitle":  null,
                       "EventRecordID":  89504
                   },
                   {
                       "TimeCreated":  "\/Date(1760360545322)\/",
                       "Source":  "VDS Basic Provider",
                       "LogName":  "System",
                       "Level":  "Error",
                       "Message":  "Unexpected failure. Error code: 2@01010016",
                       "Id":  1,
                       "ErrorCode":  "Error code: 2",
                       "UpdateTitle":  null,
                       "EventRecordID":  212485
                   },
                   {
                       "TimeCreated":  "\/Date(1760360545138)\/",
                       "Source":  "Volsnap",
                       "LogName":  "System",
                       "Level":  "Error",
                       "Message":  "The shadow copies of volume \\\\?\\Volume{791ae57b-a833-11f0-ab88-00155d611102} were aborted during detection because a critical control file could not be opened.",
                       "Id":  27,
                       "ErrorCode":  "0x0001",
                       "UpdateTitle":  null,
                       "EventRecordID":  212486
                   },
                   {
                       "TimeCreated":  "\/Date(1760343293355)\/",
                       "Source":  "Microsoft-Windows-Perflib",
                       "LogName":  "Application",
                       "Level":  "Error",
                       "Message":  "Windows cannot load the extensible counter DLL \"C:\\Windows\\System32\\iasperf.dll\" (Win32 error code The specified module could not be found.).",
                       "Id":  1023,
                       "ErrorCode":  {

                                     },
                       "UpdateTitle":  null,
                       "EventRecordID":  89262
                   }
               ],
    "LastPoll":  "10/13 15:42"
}