{
    "Computer":  "VSDC1",
    "Events":  [
                   {
                       "TimeCreated":  "\/Date(1757103376620)\/",
                       "Source":  "Microsoft-Windows-TaskScheduler",
                       "LogName":  "Microsoft-Windows-TaskScheduler/Operational",
                       "Level":  "Error",
                       "Message":  "Task Scheduler failed to start instance \"{57405efd-53fb-424e-95ec-86c2dd51d777}\" of \"\\Microsoft\\Windows\\LanguageComponentsInstaller\\Installation\"  task for user \"CHFRESNO\\wvang\" . Additional Data: Error Value: 2147942487.",
                       "Id":  103,
                       "ErrorCode":  {

                                     },
                       "UpdateTitle":  null,
                       "EventRecordID":  79528
                   },
                   {
                       "TimeCreated":  "\/Date(1757103376620)\/",
                       "Source":  "Microsoft-Windows-TaskScheduler",
                       "LogName":  "Microsoft-Windows-TaskScheduler/Operational",
                       "Level":  "Error",
                       "Message":  "Task Scheduler failed to complete task \"\\Microsoft\\Windows\\LanguageComponentsInstaller\\Installation\" , instance \"{57405efd-53fb-424e-95ec-86c2dd51d777}\" , action \"Language Components Installer\" . Additional Data: Error Value: 2147942487.",
                       "Id":  202,
                       "ErrorCode":  {

                                     },
                       "UpdateTitle":  null,
                       "EventRecordID":  79527
                   },
                   {
                       "TimeCreated":  "\/Date(1757096460368)\/",
                       "Source":  "NETLOGON",
                       "LogName":  "System",
                       "Level":  "Error",
                       "Message":  "The session setup from the computer PC41281 failed to authenticate. The following error occurred: \r",
                       "Id":  5805,
                       "ErrorCode":  {

                                     },
                       "UpdateTitle":  null,
                       "EventRecordID":  143676
                   },
                   {
                       "TimeCreated":  "\/Date(1757096138061)\/",
                       "Source":  "NETLOGON",
                       "LogName":  "System",
                       "Level":  "Error",
                       "Message":  "The session setup from computer \u0027PC41281\u0027 failed because the security database does not contain a trust account \u0027PC41281$\u0027 referenced by the specified computer.  \r",
                       "Id":  5723,
                       "ErrorCode":  {

                                     },
                       "UpdateTitle":  null,
                       "EventRecordID":  143671
                   },
                   {
                       "TimeCreated":  "\/Date(1757035373549)\/",
                       "Source":  "Microsoft-Windows-Perflib",
                       "LogName":  "Application",
                       "Level":  "Error",
                       "Message":  "Windows cannot load the extensible counter DLL \"C:\\Windows\\System32\\iasperf.dll\" (Win32 error code The specified module could not be found.).",
                       "Id":  1023,
                       "ErrorCode":  {

                                     },
                       "UpdateTitle":  null,
                       "EventRecordID":  46691
                   }
               ],
    "LastPoll":  "09/05 13:22"
}