{
    "Computer":  "VSDC1",
    "Events":  [
                   {
                       "TimeCreated":  "\/Date(1757122403527)\/",
                       "Source":  "Microsoft-Windows-Perflib",
                       "LogName":  "Application",
                       "Level":  "Error",
                       "Message":  "Windows cannot load the extensible counter DLL \"C:\\Windows\\System32\\iasperf.dll\" (Win32 error code The specified module could not be found.).",
                       "Id":  1023,
                       "ErrorCode":  {

                                     },
                       "UpdateTitle":  null,
                       "EventRecordID":  47768
                   },
                   {
                       "TimeCreated":  "\/Date(1757103376620)\/",
                       "Source":  "Microsoft-Windows-TaskScheduler",
                       "LogName":  "Microsoft-Windows-TaskScheduler/Operational",
                       "Level":  "Error",
                       "Message":  "Task Scheduler failed to start instance \"{57405efd-53fb-424e-95ec-86c2dd51d777}\" of \"\\Microsoft\\Windows\\LanguageComponentsInstaller\\Installation\"  task for user \"CHFRESNO\\wvang\" . Additional Data: Error Value: 2147942487.",
                       "Id":  103,
                       "ErrorCode":  {

                                     },
                       "UpdateTitle":  null,
                       "EventRecordID":  79528
                   },
                   {
                       "TimeCreated":  "\/Date(1757103376620)\/",
                       "Source":  "Microsoft-Windows-TaskScheduler",
                       "LogName":  "Microsoft-Windows-TaskScheduler/Operational",
                       "Level":  "Error",
                       "Message":  "Task Scheduler failed to complete task \"\\Microsoft\\Windows\\LanguageComponentsInstaller\\Installation\" , instance \"{57405efd-53fb-424e-95ec-86c2dd51d777}\" , action \"Language Components Installer\" . Additional Data: Error Value: 2147942487.",
                       "Id":  202,
                       "ErrorCode":  {

                                     },
                       "UpdateTitle":  null,
                       "EventRecordID":  79527
                   }
               ],
    "LastPoll":  "09/06 12:17"
}