{
    "Computer":  "VSDC1",
    "Events":  [
                   {
                       "TimeCreated":  "\/Date(1756926656600)\/",
                       "Source":  "Microsoft-Windows-DriverFrameworks-UserMode",
                       "LogName":  "System",
                       "Level":  "Critical",
                       "Message":  "The device NinjaRemote Virtual Display (location (unknown)) is offline due to a user-mode driver crash.  Windows will attempt to restart the device 5 more times.  Please contact the device manufacturer for more information about this problem.",
                       "Id":  10111,
                       "ErrorCode":  {

                                     },
                       "UpdateTitle":  null,
                       "EventRecordID":  140374
                   },
                   {
                       "TimeCreated":  "\/Date(1756926656589)\/",
                       "Source":  "Microsoft-Windows-DriverFrameworks-UserMode",
                       "LogName":  "System",
                       "Level":  "Critical",
                       "Message":  "A problem has occurred with one or more user-mode drivers and the hosting process has been terminated.  This may temporarily interrupt your ability to access the devices.",
                       "Id":  10110,
                       "ErrorCode":  {

                                     },
                       "UpdateTitle":  null,
                       "EventRecordID":  140373
                   },
                   {
                       "TimeCreated":  "\/Date(1756861283284)\/",
                       "Source":  "Microsoft-Windows-Perflib",
                       "LogName":  "Application",
                       "Level":  "Error",
                       "Message":  "Windows cannot load the extensible counter DLL \"C:\\Windows\\System32\\iasperf.dll\" (Win32 error code The specified module could not be found.).",
                       "Id":  1023,
                       "ErrorCode":  {

                                     },
                       "UpdateTitle":  null,
                       "EventRecordID":  44604
                   },
                   {
                       "TimeCreated":  "\/Date(1756846150018)\/",
                       "Source":  "Microsoft-Windows-Directory-Services-SAM",
                       "LogName":  "System",
                       "Level":  "Error",
                       "Message":  "The SAM database was unable to lockout the account of byates due to a resource error, such as a hard disk write failure (the specific error code is in the error data) . Accounts are locked after a certain number of bad passwords are provided so please consider resetting the password of the account mentioned above.",
                       "Id":  12294,
                       "ErrorCode":  {

                                     },
                       "UpdateTitle":  null,
                       "EventRecordID":  138752
                   }
               ],
    "LastPoll":  "09/03 13:32"
}