{
    "Computer":  "VSDC1",
    "Events":  [
                   {
                       "TimeCreated":  "\/Date(1761022987371)\/",
                       "Source":  "Volsnap",
                       "LogName":  "System",
                       "Level":  "Error",
                       "Message":  "The shadow copies of volume \\\\?\\Volume{87a3b0c6-ae39-11f0-ab89-00155d611102} were aborted during detection because a critical control file could not be opened.",
                       "Id":  27,
                       "ErrorCode":  "0x0001",
                       "UpdateTitle":  null,
                       "EventRecordID":  226115
                   },
                   {
                       "TimeCreated":  "\/Date(1761020601070)\/",
                       "Source":  "NETLOGON",
                       "LogName":  "System",
                       "Level":  "Error",
                       "Message":  "The session setup from the computer LTNC11425 failed to authenticate. The following error occurred: \r",
                       "Id":  5805,
                       "ErrorCode":  {

                                     },
                       "UpdateTitle":  null,
                       "EventRecordID":  226062
                   },
                   {
                       "TimeCreated":  "\/Date(1761015858534)\/",
                       "Source":  "Microsoft-Windows-Perflib",
                       "LogName":  "Application",
                       "Level":  "Error",
                       "Message":  "Windows cannot load the extensible counter DLL \"C:\\Windows\\system32\\ntdsperf.dll\" (Win32 error code The specified module could not be found.).",
                       "Id":  1023,
                       "ErrorCode":  {

                                     },
                       "UpdateTitle":  null,
                       "EventRecordID":  97857
                   },
                   {
                       "TimeCreated":  "\/Date(1760952565313)\/",
                       "Source":  "Volsnap",
                       "LogName":  "System",
                       "Level":  "Error",
                       "Message":  "The shadow copies of volume \\\\?\\Volume{33faa568-ad97-11f0-ab89-00155d611102} were aborted because the shadow copy storage volume was not present.",
                       "Id":  32,
                       "ErrorCode":  "0x0005",
                       "UpdateTitle":  null,
                       "EventRecordID":  224619
                   }
               ],
    "LastPoll":  "10/20 23:17"
}