{
    "Computer":  "VSDC1",
    "Events":  [
                   {
                       "TimeCreated":  "\/Date(1760952868476)\/",
                       "Source":  "Microsoft-Windows-Perflib",
                       "LogName":  "Application",
                       "Level":  "Error",
                       "Message":  "Windows cannot load the extensible counter DLL \"C:\\Windows\\System32\\iasperf.dll\" (Win32 error code The specified module could not be found.).",
                       "Id":  1023,
                       "ErrorCode":  {

                                     },
                       "UpdateTitle":  null,
                       "EventRecordID":  97073
                   },
                   {
                       "TimeCreated":  "\/Date(1760952565313)\/",
                       "Source":  "Volsnap",
                       "LogName":  "System",
                       "Level":  "Error",
                       "Message":  "The shadow copies of volume \\\\?\\Volume{33faa568-ad97-11f0-ab89-00155d611102} were aborted because the shadow copy storage volume was not present.",
                       "Id":  32,
                       "ErrorCode":  "0x0005",
                       "UpdateTitle":  null,
                       "EventRecordID":  224619
                   },
                   {
                       "TimeCreated":  "\/Date(1760952457371)\/",
                       "Source":  "Volsnap",
                       "LogName":  "System",
                       "Level":  "Error",
                       "Message":  "The shadow copies of volume \\\\?\\Volume{d8587665-ad96-11f0-ab89-00155d611102} were aborted during detection because a critical control file could not be opened.",
                       "Id":  27,
                       "ErrorCode":  "0x0001",
                       "UpdateTitle":  null,
                       "EventRecordID":  224604
                   }
               ],
    "LastPoll":  "10/20 05:52"
}