{
    "Computer":  "VSDC1",
    "Events":  [
                   {
                       "TimeCreated":  "\/Date(1761714237518)\/",
                       "Source":  "Volsnap",
                       "LogName":  "System",
                       "Level":  "Error",
                       "Message":  "The shadow copies of volume \\\\?\\Volume{d1fd733a-b483-11f0-ab8a-00155d611102} were aborted during detection because a critical control file could not be opened.",
                       "Id":  27,
                       "ErrorCode":  "0x0001",
                       "UpdateTitle":  null,
                       "EventRecordID":  240558
                   },
                   {
                       "TimeCreated":  "\/Date(1761708917851)\/",
                       "Source":  "Microsoft-Windows-Perflib",
                       "LogName":  "Application",
                       "Level":  "Error",
                       "Message":  "Windows cannot load the extensible counter DLL \"C:\\Windows\\system32\\ntdsperf.dll\" (Win32 error code The specified module could not be found.).",
                       "Id":  1023,
                       "ErrorCode":  {

                                     },
                       "UpdateTitle":  null,
                       "EventRecordID":  106799
                   },
                   {
                       "TimeCreated":  "\/Date(1761687043187)\/",
                       "Source":  "Microsoft-Windows-Kerberos-Key-Distribution-Center",
                       "LogName":  "System",
                       "Level":  "Error",
                       "Message":  "This event indicates an attempt was made to use smartcard logon, but the KDC is unable to use the PKINIT protocol because it is missing a suitable certificate.",
                       "Id":  19,
                       "ErrorCode":  null,
                       "UpdateTitle":  null,
                       "EventRecordID":  240020
                   }
               ],
    "LastPoll":  "10/29 00:22"
}