{
    "Computer":  "VSDC1",
    "Events":  [
                   {
                       "TimeCreated":  "\/Date(1757557583360)\/",
                       "Source":  "Microsoft-Windows-Perflib",
                       "LogName":  "Application",
                       "Level":  "Error",
                       "Message":  "Windows cannot load the extensible counter DLL \"C:\\Windows\\System32\\iasperf.dll\" (Win32 error code The specified module could not be found.).",
                       "Id":  1023,
                       "ErrorCode":  {

                                     },
                       "UpdateTitle":  null,
                       "EventRecordID":  53192
                   },
                   {
                       "TimeCreated":  "\/Date(1757545179930)\/",
                       "Source":  "Microsoft-Windows-DriverFrameworks-UserMode",
                       "LogName":  "System",
                       "Level":  "Critical",
                       "Message":  "The device NinjaRemote Virtual Display (location (unknown)) is offline due to a user-mode driver crash.  Windows will attempt to restart the device 5 more times.  Please contact the device manufacturer for more information about this problem.",
                       "Id":  10111,
                       "ErrorCode":  {

                                     },
                       "UpdateTitle":  null,
                       "EventRecordID":  152432
                   },
                   {
                       "TimeCreated":  "\/Date(1757545179908)\/",
                       "Source":  "Microsoft-Windows-DriverFrameworks-UserMode",
                       "LogName":  "System",
                       "Level":  "Critical",
                       "Message":  "A problem has occurred with one or more user-mode drivers and the hosting process has been terminated.  This may temporarily interrupt your ability to access the devices.",
                       "Id":  10110,
                       "ErrorCode":  {

                                     },
                       "UpdateTitle":  null,
                       "EventRecordID":  152430
                   },
                   {
                       "TimeCreated":  "\/Date(1757529203775)\/",
                       "Source":  "NETLOGON",
                       "LogName":  "System",
                       "Level":  "Error",
                       "Message":  "The session setup from the computer PC13525 failed to authenticate. The following error occurred: \r",
                       "Id":  5805,
                       "ErrorCode":  {

                                     },
                       "UpdateTitle":  null,
                       "EventRecordID":  152128
                   },
                   {
                       "TimeCreated":  "\/Date(1757528843175)\/",
                       "Source":  "NETLOGON",
                       "LogName":  "System",
                       "Level":  "Error",
                       "Message":  "The session setup from computer \u0027PC13525\u0027 failed because the security database does not contain a trust account \u0027PC13525$\u0027 referenced by the specified computer.  \r",
                       "Id":  5723,
                       "ErrorCode":  {

                                     },
                       "UpdateTitle":  null,
                       "EventRecordID":  152117
                   },
                   {
                       "TimeCreated":  "\/Date(1757489262961)\/",
                       "Source":  "Microsoft-Windows-WindowsUpdateClient",
                       "LogName":  "Microsoft-Windows-WindowsUpdateClient/Operational",
                       "Level":  "Error",
                       "Message":  "Windows Update failed to check for updates with error 0x80244022.",
                       "Id":  25,
                       "ErrorCode":  "0x80244022",
                       "UpdateTitle":  null,
                       "EventRecordID":  12960
                   }
               ],
    "LastPoll":  "09/10 20:42"
}