{
    "Computer":  "VSDC1",
    "Events":  [
                   {
                       "TimeCreated":  "\/Date(1758997452449)\/",
                       "Source":  "VSS",
                       "LogName":  "Application",
                       "Level":  "Error",
                       "Message":  "Volume Shadow Copy Service error: Error calling a routine on a Shadow Copy Provider {74600e39-7dc5-4567-a03b-f091d6c7b092}. Routine details BeginPrepareSnapshot({d1b37666-d2fb-4fef-b6e4-be44e5fa7cee},{f735bc67-d8f6-47a0-9bd5-4b883720d62b},\\\\?\\Volume{c6def331-2795-4a00-bf35-64cc5b01fbec}\\) [hr = 0x8000ffff, Catastrophic failure\r",
                       "Id":  12293,
                       "ErrorCode":  "0x8000ffff",
                       "UpdateTitle":  null,
                       "EventRecordID":  71993
                   },
                   {
                       "TimeCreated":  "\/Date(1758991657667)\/",
                       "Source":  "Volsnap",
                       "LogName":  "System",
                       "Level":  "Error",
                       "Message":  "The shadow copies of volume \\\\?\\Volume{3915ae3d-9bc1-11f0-ab86-00155d611102} were aborted during detection because a critical control file could not be opened.",
                       "Id":  27,
                       "ErrorCode":  "0x0001",
                       "UpdateTitle":  null,
                       "EventRecordID":  181300
                   },
                   {
                       "TimeCreated":  "\/Date(1758950216300)\/",
                       "Source":  "Microsoft-Windows-Perflib",
                       "LogName":  "Application",
                       "Level":  "Error",
                       "Message":  "Windows cannot load the extensible counter DLL \"C:\\Windows\\System32\\iasperf.dll\" (Win32 error code The specified module could not be found.).",
                       "Id":  1023,
                       "ErrorCode":  {

                                     },
                       "UpdateTitle":  null,
                       "EventRecordID":  71324
                   }
               ],
    "LastPoll":  "09/27 12:22"
}