{
    "Computer":  "VSDC1",
    "Events":  [
                   {
                       "TimeCreated":  "\/Date(1759829013461)\/",
                       "Source":  "VSS",
                       "LogName":  "Application",
                       "Level":  "Error",
                       "Message":  "Volume Shadow Copy Service error: Error calling a routine on a Shadow Copy Provider {74600e39-7dc5-4567-a03b-f091d6c7b092}. Routine details BeginPrepareSnapshot({9ce23504-0232-4fab-8042-3d4067352525},{07ec49ad-9cc6-44fe-9102-19c37051334c},\\\\?\\Volume{c6def331-2795-4a00-bf35-64cc5b01fbec}\\) [hr = 0x8000ffff, Catastrophic failure\r",
                       "Id":  12293,
                       "ErrorCode":  "0x8000ffff",
                       "UpdateTitle":  null,
                       "EventRecordID":  83130
                   },
                   {
                       "TimeCreated":  "\/Date(1759827816202)\/",
                       "Source":  "Volsnap",
                       "LogName":  "System",
                       "Level":  "Error",
                       "Message":  "The shadow copies of volume \\\\?\\Volume{0bb7483d-a359-11f0-ab88-00155d611102} were aborted during detection because a critical control file could not be opened.",
                       "Id":  27,
                       "ErrorCode":  "0x0001",
                       "UpdateTitle":  null,
                       "EventRecordID":  199006
                   },
                   {
                       "TimeCreated":  "\/Date(1759820571313)\/",
                       "Source":  "Microsoft-Windows-Perflib",
                       "LogName":  "Application",
                       "Level":  "Error",
                       "Message":  "Windows cannot load the extensible counter DLL \"C:\\Windows\\System32\\iasperf.dll\" (Win32 error code The specified module could not be found.).",
                       "Id":  1023,
                       "ErrorCode":  {

                                     },
                       "UpdateTitle":  null,
                       "EventRecordID":  83013
                   },
                   {
                       "TimeCreated":  "\/Date(1759785986573)\/",
                       "Source":  "Microsoft-Windows-TaskScheduler",
                       "LogName":  "Microsoft-Windows-TaskScheduler/Operational",
                       "Level":  "Error",
                       "Message":  "Task Scheduler failed to start instance \"{45f4bc6b-42e6-4fce-aaaf-dfafa08cec5b}\" of \"\\Microsoft\\Windows\\Servicing\\StartComponentCleanup\"  task for user \"NT AUTHORITY\\SYSTEM\" . Additional Data: Error Value: 2147942405.",
                       "Id":  103,
                       "ErrorCode":  {

                                     },
                       "UpdateTitle":  null,
                       "EventRecordID":  160382
                   },
                   {
                       "TimeCreated":  "\/Date(1759785986573)\/",
                       "Source":  "Microsoft-Windows-TaskScheduler",
                       "LogName":  "Microsoft-Windows-TaskScheduler/Operational",
                       "Level":  "Error",
                       "Message":  "Task Scheduler failed to complete task \"\\Microsoft\\Windows\\Servicing\\StartComponentCleanup\" , instance \"{45f4bc6b-42e6-4fce-aaaf-dfafa08cec5b}\" , action \"Component Based Servicing Session\" . Additional Data: Error Value: 2147942405.",
                       "Id":  202,
                       "ErrorCode":  {

                                     },
                       "UpdateTitle":  null,
                       "EventRecordID":  160381
                   }
               ],
    "LastPoll":  "10/07 03:37"
}