{
    "Computer":  "VSPS1",
    "Events":  [
                   {
                       "TimeCreated":  "\/Date(1762196984368)\/",
                       "Source":  "Microsoft-Windows-TaskScheduler",
                       "LogName":  "Microsoft-Windows-TaskScheduler/Operational",
                       "Level":  "Error",
                       "Message":  "Task Scheduler failed to start instance \"{3aae4891-d6bf-4da7-bff0-db067fc1ea74}\" of \"\\Microsoft\\Windows\\Wininet\\CacheTask\"  task for user \"\" . Additional Data: Error Value: 2147942404.",
                       "Id":  103,
                       "ErrorCode":  {

                                     },
                       "UpdateTitle":  null,
                       "EventRecordID":  210208
                   },
                   {
                       "TimeCreated":  "\/Date(1762196984368)\/",
                       "Source":  "Microsoft-Windows-TaskScheduler",
                       "LogName":  "Microsoft-Windows-TaskScheduler/Operational",
                       "Level":  "Error",
                       "Message":  "Task Scheduler failed to complete task \"\\Microsoft\\Windows\\Wininet\\CacheTask\" , instance \"{3aae4891-d6bf-4da7-bff0-db067fc1ea74}\" , action \"Wininet Cache task object\" . Additional Data: Error Value: 2147942404.",
                       "Id":  202,
                       "ErrorCode":  {

                                     },
                       "UpdateTitle":  null,
                       "EventRecordID":  210207
                   },
                   {
                       "TimeCreated":  "\/Date(1762162219498)\/",
                       "Source":  "Microsoft-Windows-WindowsUpdateClient",
                       "LogName":  "System",
                       "Level":  "Error",
                       "Message":  "Installation Failure: Windows failed to install the following update with error 0x80070103: Xerox - Extension - 7.208.0.0.",
                       "Id":  20,
                       "ErrorCode":  "0x80070103",
                       "UpdateTitle":  "Xerox - Extension - 7.208.0.0",
                       "EventRecordID":  251069
                   }
               ],
    "LastPoll":  "11/03 23:42"
}