{
    "Computer":  "VSPS1",
    "Events":  [
                   {
                       "TimeCreated":  "\/Date(1760719964229)\/",
                       "Source":  "Microsoft-Windows-WindowsUpdateClient",
                       "LogName":  "Microsoft-Windows-WindowsUpdateClient/Operational",
                       "Level":  "Error",
                       "Message":  "Windows Update failed to check for updates with error 0x80244022.",
                       "Id":  25,
                       "ErrorCode":  "0x80244022",
                       "UpdateTitle":  null,
                       "EventRecordID":  31019
                   },
                   {
                       "TimeCreated":  "\/Date(1760701990613)\/",
                       "Source":  "Microsoft-Windows-TaskScheduler",
                       "LogName":  "Microsoft-Windows-TaskScheduler/Operational",
                       "Level":  "Error",
                       "Message":  "Task Scheduler failed to start instance \"{54a83e4d-3f67-48fd-a25a-b054e86be504}\" of \"\\Microsoft\\Windows\\.NET Framework\\.NET Framework NGEN v4.0.30319\"  task for user \"NT AUTHORITY\\SYSTEM\" . Additional Data: Error Value: 2147946720.",
                       "Id":  103,
                       "ErrorCode":  {

                                     },
                       "UpdateTitle":  null,
                       "EventRecordID":  173262
                   },
                   {
                       "TimeCreated":  "\/Date(1760701990613)\/",
                       "Source":  "Microsoft-Windows-TaskScheduler",
                       "LogName":  "Microsoft-Windows-TaskScheduler/Operational",
                       "Level":  "Error",
                       "Message":  "Task Scheduler failed to complete task \"\\Microsoft\\Windows\\.NET Framework\\.NET Framework NGEN v4.0.30319\" , instance \"{54a83e4d-3f67-48fd-a25a-b054e86be504}\" , action \"\" . Additional Data: Error Value: 2147946720.",
                       "Id":  202,
                       "ErrorCode":  {

                                     },
                       "UpdateTitle":  null,
                       "EventRecordID":  173261
                   }
               ],
    "LastPoll":  "10/18 04:37"
}