{
    "Computer":  "VSPS1",
    "Events":  [
                   {
                       "TimeCreated":  "\/Date(1762311161268)\/",
                       "Source":  "Microsoft-Windows-WindowsUpdateClient",
                       "LogName":  "Microsoft-Windows-WindowsUpdateClient/Operational",
                       "Level":  "Error",
                       "Message":  "Windows Update failed to check for updates with error 0x800B0109.",
                       "Id":  25,
                       "ErrorCode":  "0x800B0109",
                       "UpdateTitle":  null,
                       "EventRecordID":  40273
                   },
                   {
                       "TimeCreated":  "\/Date(1762309381987)\/",
                       "Source":  "VSS",
                       "LogName":  "Application",
                       "Level":  "Error",
                       "Message":  "Volume Shadow Copy Service error: Unexpected error DeviceIoControl(\\\\?\\GLOBALROOT\\Device\\HarddiskVolumeShadowCopy1190 - 00000000000002E4,0x0053c198,0000022649A1A170,0,0000022649A19160,4096,[0]).  hr = 0x80070057, The parameter is incorrect.\r",
                       "Id":  12289,
                       "ErrorCode":  "0x0053c198",
                       "UpdateTitle":  null,
                       "EventRecordID":  40541
                   },
                   {
                       "TimeCreated":  "\/Date(1762302269494)\/",
                       "Source":  "Microsoft-Windows-DriverFrameworks-UserMode",
                       "LogName":  "System",
                       "Level":  "Critical",
                       "Message":  "The device NinjaRemote Virtual Display (location (unknown)) is offline due to a user-mode driver crash.  Windows will attempt to restart the device 5 more times.  Please contact the device manufacturer for more information about this problem.",
                       "Id":  10111,
                       "ErrorCode":  {

                                     },
                       "UpdateTitle":  null,
                       "EventRecordID":  254911
                   },
                   {
                       "TimeCreated":  "\/Date(1762302269486)\/",
                       "Source":  "Microsoft-Windows-DriverFrameworks-UserMode",
                       "LogName":  "System",
                       "Level":  "Critical",
                       "Message":  "A problem has occurred with one or more user-mode drivers and the hosting process has been terminated.  This may temporarily interrupt your ability to access the devices.",
                       "Id":  10110,
                       "ErrorCode":  {

                                     },
                       "UpdateTitle":  null,
                       "EventRecordID":  254910
                   }
               ],
    "LastPoll":  "11/05 07:07"
}