{
    "Computer":  "VSPS1",
    "Events":  [
                   {
                       "TimeCreated":  "\/Date(1761297123995)\/",
                       "Source":  "Volsnap",
                       "LogName":  "System",
                       "Level":  "Error",
                       "Message":  "The shadow copies of volume \\\\?\\Volume{db1891ba-b0b6-11f0-9729-00155d611103} were aborted during detection because a critical control file could not be opened.",
                       "Id":  27,
                       "ErrorCode":  "0x0001",
                       "UpdateTitle":  null,
                       "EventRecordID":  232847
                   },
                   {
                       "TimeCreated":  "\/Date(1761297048667)\/",
                       "Source":  "Microsoft-Windows-DistributedCOM",
                       "LogName":  "System",
                       "Level":  "Error",
                       "Message":  "DCOM got error \"1053\" attempting to start the service GoogleUpdaterService142.0.7416.0 with arguments \"--com-service\" in order to run the server:\r",
                       "Id":  10005,
                       "ErrorCode":  {

                                     },
                       "UpdateTitle":  null,
                       "EventRecordID":  232834
                   },
                   {
                       "TimeCreated":  "\/Date(1761297028963)\/",
                       "Source":  "Service Control Manager",
                       "LogName":  "System",
                       "Level":  "Error",
                       "Message":  "A timeout was reached (30000 milliseconds) while waiting for the Google Updater Service (GoogleUpdaterService142.0.7416.0) service to connect.",
                       "Id":  7009,
                       "ErrorCode":  {

                                     },
                       "UpdateTitle":  null,
                       "EventRecordID":  232832
                   },
                   {
                       "TimeCreated":  "\/Date(1761297028963)\/",
                       "Source":  "Service Control Manager",
                       "LogName":  "System",
                       "Level":  "Error",
                       "Message":  "The Google Updater Service (GoogleUpdaterService142.0.7416.0) service failed to start due to the following error: \r",
                       "Id":  7000,
                       "ErrorCode":  {

                                     },
                       "UpdateTitle":  null,
                       "EventRecordID":  232833
                   },
                   {
                       "TimeCreated":  "\/Date(1761295903276)\/",
                       "Source":  "Microsoft-Windows-WindowsUpdateClient",
                       "LogName":  "System",
                       "Level":  "Error",
                       "Message":  "Installation Failure: Windows failed to install the following update with error 0x80070103: Xerox - Extension - 7.208.0.0.",
                       "Id":  20,
                       "ErrorCode":  "0x80070103",
                       "UpdateTitle":  "Xerox - Extension - 7.208.0.0",
                       "EventRecordID":  232794
                   },
                   {
                       "TimeCreated":  "\/Date(1761295661774)\/",
                       "Source":  "Microsoft-Windows-WindowsUpdateClient",
                       "LogName":  "Microsoft-Windows-WindowsUpdateClient/Operational",
                       "Level":  "Error",
                       "Message":  "Windows Update failed to check for updates with error 0x800B0109.",
                       "Id":  25,
                       "ErrorCode":  "0x800B0109",
                       "UpdateTitle":  null,
                       "EventRecordID":  34980
                   }
               ],
    "LastPoll":  "10/24 02:57"
}