{
    "Computer":  "VSPS1",
    "Events":  [
                   {
                       "TimeCreated":  "\/Date(1762569184493)\/",
                       "Source":  "Microsoft-Windows-WindowsUpdateClient",
                       "LogName":  "Microsoft-Windows-WindowsUpdateClient/Operational",
                       "Level":  "Error",
                       "Message":  "Windows Update failed to check for updates with error 0x8024402F.",
                       "Id":  25,
                       "ErrorCode":  "0x8024402F",
                       "UpdateTitle":  null,
                       "EventRecordID":  42905
                   },
                   {
                       "TimeCreated":  "\/Date(1762554745521)\/",
                       "Source":  "Microsoft-Windows-DistributedCOM",
                       "LogName":  "System",
                       "Level":  "Error",
                       "Message":  "Unable to start a DCOM Server: {E7B3C0E0-FB47-49F6-A66B-8A7C2E4E7B9C} as Unavailable/Unavailable. The error:\r",
                       "Id":  10001,
                       "ErrorCode":  {

                                     },
                       "UpdateTitle":  null,
                       "EventRecordID":  271646
                   },
                   {
                       "TimeCreated":  "\/Date(1762554742470)\/",
                       "Source":  "Application Error",
                       "LogName":  "Application",
                       "Level":  "Error",
                       "Message":  "Faulting application name: printfilterpipelinesvc.exe, version: 10.0.17763.4492, time stamp: 0xa86f0a09\r",
                       "Id":  1000,
                       "ErrorCode":  "0xa86f0a09",
                       "UpdateTitle":  null,
                       "EventRecordID":  42298
                   }
               ],
    "LastPoll":  "11/08 01:12"
}