{
    "Computer":  "VSPS1",
    "Events":  [
                   {
                       "TimeCreated":  "\/Date(1756247753579)\/",
                       "Source":  "Microsoft-Windows-TaskScheduler",
                       "LogName":  "Microsoft-Windows-TaskScheduler/Operational",
                       "Level":  "Error",
                       "Message":  "Task Scheduler failed to start instance \"{27f4e8cf-6038-43d8-87fb-4f30d37073f8}\" of \"\\Microsoft\\Windows\\Wininet\\CacheTask\"  task for user \"\" . Additional Data: Error Value: 2147942404.",
                       "Id":  103,
                       "ErrorCode":  {

                                     },
                       "UpdateTitle":  null,
                       "EventRecordID":  52552
                   },
                   {
                       "TimeCreated":  "\/Date(1756247753579)\/",
                       "Source":  "Microsoft-Windows-TaskScheduler",
                       "LogName":  "Microsoft-Windows-TaskScheduler/Operational",
                       "Level":  "Error",
                       "Message":  "Task Scheduler failed to complete task \"\\Microsoft\\Windows\\Wininet\\CacheTask\" , instance \"{27f4e8cf-6038-43d8-87fb-4f30d37073f8}\" , action \"Wininet Cache task object\" . Additional Data: Error Value: 2147942404.",
                       "Id":  202,
                       "ErrorCode":  {

                                     },
                       "UpdateTitle":  null,
                       "EventRecordID":  52551
                   },
                   {
                       "TimeCreated":  "\/Date(1756224800529)\/",
                       "Source":  "Microsoft-Windows-DriverFrameworks-UserMode",
                       "LogName":  "System",
                       "Level":  "Critical",
                       "Message":  "The device NinjaRemote Virtual Display (location (unknown)) is offline due to a user-mode driver crash.  Windows will attempt to restart the device 5 more times.  Please contact the device manufacturer for more information about this problem.",
                       "Id":  10111,
                       "ErrorCode":  {

                                     },
                       "UpdateTitle":  null,
                       "EventRecordID":  116257
                   },
                   {
                       "TimeCreated":  "\/Date(1756224800524)\/",
                       "Source":  "Microsoft-Windows-DriverFrameworks-UserMode",
                       "LogName":  "System",
                       "Level":  "Critical",
                       "Message":  "A problem has occurred with one or more user-mode drivers and the hosting process has been terminated.  This may temporarily interrupt your ability to access the devices.",
                       "Id":  10110,
                       "ErrorCode":  {

                                     },
                       "UpdateTitle":  null,
                       "EventRecordID":  116256
                   }
               ],
    "LastPoll":  "08/27 06:17"
}